ARM GAS  C:\Users\WANGBI~1\AppData\Local\Temp\cc69W61A.s 			page 1


   1              		.syntax unified
   2              		.cpu cortex-m0plus
   3              		.fpu softvfp
   4              		.eabi_attribute 20, 1
   5              		.eabi_attribute 21, 1
   6              		.eabi_attribute 23, 3
   7              		.eabi_attribute 24, 1
   8              		.eabi_attribute 25, 1
   9              		.eabi_attribute 26, 1
  10              		.eabi_attribute 30, 1
  11              		.eabi_attribute 34, 0
  12              		.eabi_attribute 18, 4
  13              		.thumb
  14              		.syntax unified
  15              		.file	"los_err.c"
  16              		.text
  17              	.Ltext0:
  18              		.cfi_sections	.debug_frame
  19              		.section	.text.LOS_ErrHandle,"ax",%progbits
  20              		.align	2
  21              		.global	LOS_ErrHandle
  22              		.code	16
  23              		.thumb_func
  25              	LOS_ErrHandle:
  26              	.LFB43:
  27              		.file 1 "e:/LiteOS/LiteOS/targets/Cloud_FM33A0XX/GCC/../../../kernel/base/om/los_err.c"
   1:e:/LiteOS/LiteOS/targets/Cloud_FM33A0XX/GCC/../../../kernel/base/om\los_err.c **** /*----------------------------------------------------------------------------
   2:e:/LiteOS/LiteOS/targets/Cloud_FM33A0XX/GCC/../../../kernel/base/om\los_err.c ****  * Copyright (c) <2013-2015>, <Huawei Technologies Co., Ltd>
   3:e:/LiteOS/LiteOS/targets/Cloud_FM33A0XX/GCC/../../../kernel/base/om\los_err.c ****  * All rights reserved.
   4:e:/LiteOS/LiteOS/targets/Cloud_FM33A0XX/GCC/../../../kernel/base/om\los_err.c ****  * Redistribution and use in source and binary forms, with or without modification,
   5:e:/LiteOS/LiteOS/targets/Cloud_FM33A0XX/GCC/../../../kernel/base/om\los_err.c ****  * are permitted provided that the following conditions are met:
   6:e:/LiteOS/LiteOS/targets/Cloud_FM33A0XX/GCC/../../../kernel/base/om\los_err.c ****  * 1. Redistributions of source code must retain the above copyright notice, this list of
   7:e:/LiteOS/LiteOS/targets/Cloud_FM33A0XX/GCC/../../../kernel/base/om\los_err.c ****  * conditions and the following disclaimer.
   8:e:/LiteOS/LiteOS/targets/Cloud_FM33A0XX/GCC/../../../kernel/base/om\los_err.c ****  * 2. Redistributions in binary form must reproduce the above copyright notice, this list
   9:e:/LiteOS/LiteOS/targets/Cloud_FM33A0XX/GCC/../../../kernel/base/om\los_err.c ****  * of conditions and the following disclaimer in the documentation and/or other materials
  10:e:/LiteOS/LiteOS/targets/Cloud_FM33A0XX/GCC/../../../kernel/base/om\los_err.c ****  * provided with the distribution.
  11:e:/LiteOS/LiteOS/targets/Cloud_FM33A0XX/GCC/../../../kernel/base/om\los_err.c ****  * 3. Neither the name of the copyright holder nor the names of its contributors may be used
  12:e:/LiteOS/LiteOS/targets/Cloud_FM33A0XX/GCC/../../../kernel/base/om\los_err.c ****  * to endorse or promote products derived from this software without specific prior written
  13:e:/LiteOS/LiteOS/targets/Cloud_FM33A0XX/GCC/../../../kernel/base/om\los_err.c ****  * permission.
  14:e:/LiteOS/LiteOS/targets/Cloud_FM33A0XX/GCC/../../../kernel/base/om\los_err.c ****  * THIS SOFTWARE IS PROVIDED BY THE COPYRIGHT HOLDERS AND CONTRIBUTORS
  15:e:/LiteOS/LiteOS/targets/Cloud_FM33A0XX/GCC/../../../kernel/base/om\los_err.c ****  * "AS IS" AND ANY EXPRESS OR IMPLIED WARRANTIES, INCLUDING, BUT NOT LIMITED TO,
  16:e:/LiteOS/LiteOS/targets/Cloud_FM33A0XX/GCC/../../../kernel/base/om\los_err.c ****  * THE IMPLIED WARRANTIES OF MERCHANTABILITY AND FITNESS FOR A PARTICULAR
  17:e:/LiteOS/LiteOS/targets/Cloud_FM33A0XX/GCC/../../../kernel/base/om\los_err.c ****  * PURPOSE ARE DISCLAIMED. IN NO EVENT SHALL THE COPYRIGHT HOLDER OR
  18:e:/LiteOS/LiteOS/targets/Cloud_FM33A0XX/GCC/../../../kernel/base/om\los_err.c ****  * CONTRIBUTORS BE LIABLE FOR ANY DIRECT, INDIRECT, INCIDENTAL, SPECIAL,
  19:e:/LiteOS/LiteOS/targets/Cloud_FM33A0XX/GCC/../../../kernel/base/om\los_err.c ****  * EXEMPLARY, OR CONSEQUENTIAL DAMAGES (INCLUDING, BUT NOT LIMITED TO,
  20:e:/LiteOS/LiteOS/targets/Cloud_FM33A0XX/GCC/../../../kernel/base/om\los_err.c ****  * PROCUREMENT OF SUBSTITUTE GOODS OR SERVICES; LOSS OF USE, DATA, OR PROFITS;
  21:e:/LiteOS/LiteOS/targets/Cloud_FM33A0XX/GCC/../../../kernel/base/om\los_err.c ****  * OR BUSINESS INTERRUPTION) HOWEVER CAUSED AND ON ANY THEORY OF LIABILITY,
  22:e:/LiteOS/LiteOS/targets/Cloud_FM33A0XX/GCC/../../../kernel/base/om\los_err.c ****  * WHETHER IN CONTRACT, STRICT LIABILITY, OR TORT (INCLUDING NEGLIGENCE OR
  23:e:/LiteOS/LiteOS/targets/Cloud_FM33A0XX/GCC/../../../kernel/base/om\los_err.c ****  * OTHERWISE) ARISING IN ANY WAY OUT OF THE USE OF THIS SOFTWARE, EVEN IF
  24:e:/LiteOS/LiteOS/targets/Cloud_FM33A0XX/GCC/../../../kernel/base/om\los_err.c ****  * ADVISED OF THE POSSIBILITY OF SUCH DAMAGE.
  25:e:/LiteOS/LiteOS/targets/Cloud_FM33A0XX/GCC/../../../kernel/base/om\los_err.c ****  *---------------------------------------------------------------------------*/
  26:e:/LiteOS/LiteOS/targets/Cloud_FM33A0XX/GCC/../../../kernel/base/om\los_err.c **** /*----------------------------------------------------------------------------
  27:e:/LiteOS/LiteOS/targets/Cloud_FM33A0XX/GCC/../../../kernel/base/om\los_err.c ****  * Notice of Export Control Law
  28:e:/LiteOS/LiteOS/targets/Cloud_FM33A0XX/GCC/../../../kernel/base/om\los_err.c ****  * ===============================================
  29:e:/LiteOS/LiteOS/targets/Cloud_FM33A0XX/GCC/../../../kernel/base/om\los_err.c ****  * Huawei LiteOS may be subject to applicable export control laws and regulations, which might
  30:e:/LiteOS/LiteOS/targets/Cloud_FM33A0XX/GCC/../../../kernel/base/om\los_err.c ****  * include those applicable to Huawei LiteOS of U.S. and the country in which you are located.
  31:e:/LiteOS/LiteOS/targets/Cloud_FM33A0XX/GCC/../../../kernel/base/om\los_err.c ****  * Import, export and usage of Huawei LiteOS in any manner by you shall be in compliance with such
ARM GAS  C:\Users\WANGBI~1\AppData\Local\Temp\cc69W61A.s 			page 2


  32:e:/LiteOS/LiteOS/targets/Cloud_FM33A0XX/GCC/../../../kernel/base/om\los_err.c ****  * applicable export control laws and regulations.
  33:e:/LiteOS/LiteOS/targets/Cloud_FM33A0XX/GCC/../../../kernel/base/om\los_err.c ****  *---------------------------------------------------------------------------*/
  34:e:/LiteOS/LiteOS/targets/Cloud_FM33A0XX/GCC/../../../kernel/base/om\los_err.c **** 
  35:e:/LiteOS/LiteOS/targets/Cloud_FM33A0XX/GCC/../../../kernel/base/om\los_err.c **** #include "los_err.inc"
  36:e:/LiteOS/LiteOS/targets/Cloud_FM33A0XX/GCC/../../../kernel/base/om\los_err.c **** 
  37:e:/LiteOS/LiteOS/targets/Cloud_FM33A0XX/GCC/../../../kernel/base/om\los_err.c **** #ifdef __cplusplus
  38:e:/LiteOS/LiteOS/targets/Cloud_FM33A0XX/GCC/../../../kernel/base/om\los_err.c **** #if __cplusplus
  39:e:/LiteOS/LiteOS/targets/Cloud_FM33A0XX/GCC/../../../kernel/base/om\los_err.c **** extern "C" {
  40:e:/LiteOS/LiteOS/targets/Cloud_FM33A0XX/GCC/../../../kernel/base/om\los_err.c **** #endif /* __cplusplus */
  41:e:/LiteOS/LiteOS/targets/Cloud_FM33A0XX/GCC/../../../kernel/base/om\los_err.c **** #endif /* __cplusplus */
  42:e:/LiteOS/LiteOS/targets/Cloud_FM33A0XX/GCC/../../../kernel/base/om\los_err.c **** 
  43:e:/LiteOS/LiteOS/targets/Cloud_FM33A0XX/GCC/../../../kernel/base/om\los_err.c **** LITE_OS_SEC_BSS USER_ERR_FUNC_S      g_stUserErrFunc;
  44:e:/LiteOS/LiteOS/targets/Cloud_FM33A0XX/GCC/../../../kernel/base/om\los_err.c **** 
  45:e:/LiteOS/LiteOS/targets/Cloud_FM33A0XX/GCC/../../../kernel/base/om\los_err.c **** /*****************************************************************************
  46:e:/LiteOS/LiteOS/targets/Cloud_FM33A0XX/GCC/../../../kernel/base/om\los_err.c **** Function   : LOS_ErrHandle
  47:e:/LiteOS/LiteOS/targets/Cloud_FM33A0XX/GCC/../../../kernel/base/om\los_err.c **** Description: Error handle
  48:e:/LiteOS/LiteOS/targets/Cloud_FM33A0XX/GCC/../../../kernel/base/om\los_err.c **** Input   : pcFileName
  49:e:/LiteOS/LiteOS/targets/Cloud_FM33A0XX/GCC/../../../kernel/base/om\los_err.c ****           uwLineNo    -- error line number
  50:e:/LiteOS/LiteOS/targets/Cloud_FM33A0XX/GCC/../../../kernel/base/om\los_err.c ****           uwErrorNo   -- user defined error number
  51:e:/LiteOS/LiteOS/targets/Cloud_FM33A0XX/GCC/../../../kernel/base/om\los_err.c ****           uwParaLen   -- length of pPara
  52:e:/LiteOS/LiteOS/targets/Cloud_FM33A0XX/GCC/../../../kernel/base/om\los_err.c ****           pPara       -- user description of error
  53:e:/LiteOS/LiteOS/targets/Cloud_FM33A0XX/GCC/../../../kernel/base/om\los_err.c **** Output  :
  54:e:/LiteOS/LiteOS/targets/Cloud_FM33A0XX/GCC/../../../kernel/base/om\los_err.c **** Return  : uwErrorNo   -- user defined error number
  55:e:/LiteOS/LiteOS/targets/Cloud_FM33A0XX/GCC/../../../kernel/base/om\los_err.c **** Other   : None
  56:e:/LiteOS/LiteOS/targets/Cloud_FM33A0XX/GCC/../../../kernel/base/om\los_err.c **** *****************************************************************************/
  57:e:/LiteOS/LiteOS/targets/Cloud_FM33A0XX/GCC/../../../kernel/base/om\los_err.c **** LITE_OS_SEC_TEXT_INIT UINT32 LOS_ErrHandle( CHAR *pcFileName,
  58:e:/LiteOS/LiteOS/targets/Cloud_FM33A0XX/GCC/../../../kernel/base/om\los_err.c ****                                      UINT32 uwLineNo,
  59:e:/LiteOS/LiteOS/targets/Cloud_FM33A0XX/GCC/../../../kernel/base/om\los_err.c ****                                      UINT32 uwErrorNo,
  60:e:/LiteOS/LiteOS/targets/Cloud_FM33A0XX/GCC/../../../kernel/base/om\los_err.c ****                                      UINT32 uwParaLen,
  61:e:/LiteOS/LiteOS/targets/Cloud_FM33A0XX/GCC/../../../kernel/base/om\los_err.c ****                                      VOID  *pPara)
  62:e:/LiteOS/LiteOS/targets/Cloud_FM33A0XX/GCC/../../../kernel/base/om\los_err.c **** {
  28              		.loc 1 62 0
  29              		.cfi_startproc
  30              		@ args = 4, pretend = 0, frame = 0
  31              		@ frame_needed = 0, uses_anonymous_args = 0
  32              	.LVL0:
  33 0000 30B5     		push	{r4, r5, lr}
  34              	.LCFI0:
  35              		.cfi_def_cfa_offset 12
  36              		.cfi_offset 4, -12
  37              		.cfi_offset 5, -8
  38              		.cfi_offset 14, -4
  39 0002 83B0     		sub	sp, sp, #12
  40              	.LCFI1:
  41              		.cfi_def_cfa_offset 24
  63:e:/LiteOS/LiteOS/targets/Cloud_FM33A0XX/GCC/../../../kernel/base/om\los_err.c **** 
  64:e:/LiteOS/LiteOS/targets/Cloud_FM33A0XX/GCC/../../../kernel/base/om\los_err.c ****     if (NULL != g_stUserErrFunc.pfnHook)
  42              		.loc 1 64 0
  43 0004 044C     		ldr	r4, .L3
  44 0006 2468     		ldr	r4, [r4]
  45 0008 002C     		cmp	r4, #0
  46 000a 02D0     		beq	.L2
  65:e:/LiteOS/LiteOS/targets/Cloud_FM33A0XX/GCC/../../../kernel/base/om\los_err.c ****     {
  66:e:/LiteOS/LiteOS/targets/Cloud_FM33A0XX/GCC/../../../kernel/base/om\los_err.c ****         g_stUserErrFunc.pfnHook(pcFileName, uwLineNo, uwErrorNo, uwParaLen, pPara);
  47              		.loc 1 66 0
  48 000c 069D     		ldr	r5, [sp, #24]
  49 000e 0095     		str	r5, [sp]
ARM GAS  C:\Users\WANGBI~1\AppData\Local\Temp\cc69W61A.s 			page 3


  50 0010 A047     		blx	r4
  51              	.LVL1:
  52              	.L2:
  67:e:/LiteOS/LiteOS/targets/Cloud_FM33A0XX/GCC/../../../kernel/base/om\los_err.c ****     }
  68:e:/LiteOS/LiteOS/targets/Cloud_FM33A0XX/GCC/../../../kernel/base/om\los_err.c **** 
  69:e:/LiteOS/LiteOS/targets/Cloud_FM33A0XX/GCC/../../../kernel/base/om\los_err.c ****     if (OS_ERR_MAGIC_WORD != uwLineNo)
  70:e:/LiteOS/LiteOS/targets/Cloud_FM33A0XX/GCC/../../../kernel/base/om\los_err.c ****     {
  71:e:/LiteOS/LiteOS/targets/Cloud_FM33A0XX/GCC/../../../kernel/base/om\los_err.c ****         return LOS_OK;
  72:e:/LiteOS/LiteOS/targets/Cloud_FM33A0XX/GCC/../../../kernel/base/om\los_err.c ****     }
  73:e:/LiteOS/LiteOS/targets/Cloud_FM33A0XX/GCC/../../../kernel/base/om\los_err.c **** 
  74:e:/LiteOS/LiteOS/targets/Cloud_FM33A0XX/GCC/../../../kernel/base/om\los_err.c ****     return LOS_OK;
  75:e:/LiteOS/LiteOS/targets/Cloud_FM33A0XX/GCC/../../../kernel/base/om\los_err.c **** }
  53              		.loc 1 75 0
  54 0012 0020     		movs	r0, #0
  55 0014 03B0     		add	sp, sp, #12
  56              		@ sp needed
  57 0016 30BD     		pop	{r4, r5, pc}
  58              	.L4:
  59              		.align	2
  60              	.L3:
  61 0018 00000000 		.word	g_stUserErrFunc
  62              		.cfi_endproc
  63              	.LFE43:
  65              		.comm	g_stUserErrFunc,4,4
  66              		.text
  67              	.Letext0:
  68              		.file 2 "e:\\liteos\\liteos\\kernel\\include\\los_typedef.h"
  69              		.file 3 "e:\\liteos\\liteos\\kernel\\include\\los_err.h"
ARM GAS  C:\Users\WANGBI~1\AppData\Local\Temp\cc69W61A.s 			page 4


DEFINED SYMBOLS
                            *ABS*:00000000 los_err.c
C:\Users\WANGBI~1\AppData\Local\Temp\cc69W61A.s:20     .text.LOS_ErrHandle:00000000 $t
C:\Users\WANGBI~1\AppData\Local\Temp\cc69W61A.s:25     .text.LOS_ErrHandle:00000000 LOS_ErrHandle
C:\Users\WANGBI~1\AppData\Local\Temp\cc69W61A.s:61     .text.LOS_ErrHandle:00000018 $d
                            *COM*:00000004 g_stUserErrFunc
                     .debug_frame:00000010 $d

NO UNDEFINED SYMBOLS
