ARM GAS  C:\Users\WANGBI~1\AppData\Local\Temp\ccT7MQWl.s 			page 1


   1              		.syntax unified
   2              		.cpu cortex-m0plus
   3              		.fpu softvfp
   4              		.eabi_attribute 20, 1
   5              		.eabi_attribute 21, 1
   6              		.eabi_attribute 23, 3
   7              		.eabi_attribute 24, 1
   8              		.eabi_attribute 25, 1
   9              		.eabi_attribute 26, 1
  10              		.eabi_attribute 30, 1
  11              		.eabi_attribute 34, 0
  12              		.eabi_attribute 18, 4
  13              		.thumb
  14              		.syntax unified
  15              		.file	"los_api_event.c"
  16              		.text
  17              	.Ltext0:
  18              		.cfi_sections	.debug_frame
  19              		.section	.text.Example_Event,"ax",%progbits
  20              		.align	2
  21              		.global	Example_Event
  22              		.code	16
  23              		.thumb_func
  25              	Example_Event:
  26              	.LFB43:
  27              		.file 1 "e:/LiteOS/LiteOS/targets/Cloud_FM33A0XX/GCC/../../../examples/api/los_api_event.c"
   1:e:/LiteOS/LiteOS/targets/Cloud_FM33A0XX/GCC/../../../examples/api\los_api_event.c **** /*----------------------------------------------------------------------------
   2:e:/LiteOS/LiteOS/targets/Cloud_FM33A0XX/GCC/../../../examples/api\los_api_event.c ****  * Copyright (c) <2016-2018>, <Huawei Technologies Co., Ltd>
   3:e:/LiteOS/LiteOS/targets/Cloud_FM33A0XX/GCC/../../../examples/api\los_api_event.c ****  * All rights reserved.
   4:e:/LiteOS/LiteOS/targets/Cloud_FM33A0XX/GCC/../../../examples/api\los_api_event.c ****  * Redistribution and use in source and binary forms, with or without modification,
   5:e:/LiteOS/LiteOS/targets/Cloud_FM33A0XX/GCC/../../../examples/api\los_api_event.c ****  * are permitted provided that the following conditions are met:
   6:e:/LiteOS/LiteOS/targets/Cloud_FM33A0XX/GCC/../../../examples/api\los_api_event.c ****  * 1. Redistributions of source code must retain the above copyright notice, this list of
   7:e:/LiteOS/LiteOS/targets/Cloud_FM33A0XX/GCC/../../../examples/api\los_api_event.c ****  * conditions and the following disclaimer.
   8:e:/LiteOS/LiteOS/targets/Cloud_FM33A0XX/GCC/../../../examples/api\los_api_event.c ****  * 2. Redistributions in binary form must reproduce the above copyright notice, this list
   9:e:/LiteOS/LiteOS/targets/Cloud_FM33A0XX/GCC/../../../examples/api\los_api_event.c ****  * of conditions and the following disclaimer in the documentation and/or other materials
  10:e:/LiteOS/LiteOS/targets/Cloud_FM33A0XX/GCC/../../../examples/api\los_api_event.c ****  * provided with the distribution.
  11:e:/LiteOS/LiteOS/targets/Cloud_FM33A0XX/GCC/../../../examples/api\los_api_event.c ****  * 3. Neither the name of the copyright holder nor the names of its contributors may be used
  12:e:/LiteOS/LiteOS/targets/Cloud_FM33A0XX/GCC/../../../examples/api\los_api_event.c ****  * to endorse or promote products derived from this software without specific prior written
  13:e:/LiteOS/LiteOS/targets/Cloud_FM33A0XX/GCC/../../../examples/api\los_api_event.c ****  * permission.
  14:e:/LiteOS/LiteOS/targets/Cloud_FM33A0XX/GCC/../../../examples/api\los_api_event.c ****  * THIS SOFTWARE IS PROVIDED BY THE COPYRIGHT HOLDERS AND CONTRIBUTORS
  15:e:/LiteOS/LiteOS/targets/Cloud_FM33A0XX/GCC/../../../examples/api\los_api_event.c ****  * "AS IS" AND ANY EXPRESS OR IMPLIED WARRANTIES, INCLUDING, BUT NOT LIMITED TO,
  16:e:/LiteOS/LiteOS/targets/Cloud_FM33A0XX/GCC/../../../examples/api\los_api_event.c ****  * THE IMPLIED WARRANTIES OF MERCHANTABILITY AND FITNESS FOR A PARTICULAR
  17:e:/LiteOS/LiteOS/targets/Cloud_FM33A0XX/GCC/../../../examples/api\los_api_event.c ****  * PURPOSE ARE DISCLAIMED. IN NO EVENT SHALL THE COPYRIGHT HOLDER OR
  18:e:/LiteOS/LiteOS/targets/Cloud_FM33A0XX/GCC/../../../examples/api\los_api_event.c ****  * CONTRIBUTORS BE LIABLE FOR ANY DIRECT, INDIRECT, INCIDENTAL, SPECIAL,
  19:e:/LiteOS/LiteOS/targets/Cloud_FM33A0XX/GCC/../../../examples/api\los_api_event.c ****  * EXEMPLARY, OR CONSEQUENTIAL DAMAGES (INCLUDING, BUT NOT LIMITED TO,
  20:e:/LiteOS/LiteOS/targets/Cloud_FM33A0XX/GCC/../../../examples/api\los_api_event.c ****  * PROCUREMENT OF SUBSTITUTE GOODS OR SERVICES; LOSS OF USE, DATA, OR PROFITS;
  21:e:/LiteOS/LiteOS/targets/Cloud_FM33A0XX/GCC/../../../examples/api\los_api_event.c ****  * OR BUSINESS INTERRUPTION) HOWEVER CAUSED AND ON ANY THEORY OF LIABILITY,
  22:e:/LiteOS/LiteOS/targets/Cloud_FM33A0XX/GCC/../../../examples/api\los_api_event.c ****  * WHETHER IN CONTRACT, STRICT LIABILITY, OR TORT (INCLUDING NEGLIGENCE OR
  23:e:/LiteOS/LiteOS/targets/Cloud_FM33A0XX/GCC/../../../examples/api\los_api_event.c ****  * OTHERWISE) ARISING IN ANY WAY OUT OF THE USE OF THIS SOFTWARE, EVEN IF
  24:e:/LiteOS/LiteOS/targets/Cloud_FM33A0XX/GCC/../../../examples/api\los_api_event.c ****  * ADVISED OF THE POSSIBILITY OF SUCH DAMAGE.
  25:e:/LiteOS/LiteOS/targets/Cloud_FM33A0XX/GCC/../../../examples/api\los_api_event.c ****  *---------------------------------------------------------------------------*/
  26:e:/LiteOS/LiteOS/targets/Cloud_FM33A0XX/GCC/../../../examples/api\los_api_event.c ****  /*----------------------------------------------------------------------------
  27:e:/LiteOS/LiteOS/targets/Cloud_FM33A0XX/GCC/../../../examples/api\los_api_event.c ****  * Notice of Export Control Law
  28:e:/LiteOS/LiteOS/targets/Cloud_FM33A0XX/GCC/../../../examples/api\los_api_event.c ****  * ===============================================
  29:e:/LiteOS/LiteOS/targets/Cloud_FM33A0XX/GCC/../../../examples/api\los_api_event.c ****  * Huawei LiteOS may be subject to applicable export control laws and regulations, which might
  30:e:/LiteOS/LiteOS/targets/Cloud_FM33A0XX/GCC/../../../examples/api\los_api_event.c ****  * include those applicable to Huawei LiteOS of U.S. and the country in which you are located.
  31:e:/LiteOS/LiteOS/targets/Cloud_FM33A0XX/GCC/../../../examples/api\los_api_event.c ****  * Import, export and usage of Huawei LiteOS in any manner by you shall be in compliance with such
ARM GAS  C:\Users\WANGBI~1\AppData\Local\Temp\ccT7MQWl.s 			page 2


  32:e:/LiteOS/LiteOS/targets/Cloud_FM33A0XX/GCC/../../../examples/api\los_api_event.c ****  * applicable export control laws and regulations.
  33:e:/LiteOS/LiteOS/targets/Cloud_FM33A0XX/GCC/../../../examples/api\los_api_event.c ****  *---------------------------------------------------------------------------*/
  34:e:/LiteOS/LiteOS/targets/Cloud_FM33A0XX/GCC/../../../examples/api\los_api_event.c **** 
  35:e:/LiteOS/LiteOS/targets/Cloud_FM33A0XX/GCC/../../../examples/api\los_api_event.c **** #include "los_event.h"
  36:e:/LiteOS/LiteOS/targets/Cloud_FM33A0XX/GCC/../../../examples/api\los_api_event.c **** #include "los_task.h"
  37:e:/LiteOS/LiteOS/targets/Cloud_FM33A0XX/GCC/../../../examples/api\los_api_event.c **** #include "los_api_event.h"
  38:e:/LiteOS/LiteOS/targets/Cloud_FM33A0XX/GCC/../../../examples/api\los_api_event.c **** #include "los_inspect_entry.h"
  39:e:/LiteOS/LiteOS/targets/Cloud_FM33A0XX/GCC/../../../examples/api\los_api_event.c **** 
  40:e:/LiteOS/LiteOS/targets/Cloud_FM33A0XX/GCC/../../../examples/api\los_api_event.c **** #ifdef LOSCFG_LIB_LIBC
  41:e:/LiteOS/LiteOS/targets/Cloud_FM33A0XX/GCC/../../../examples/api\los_api_event.c **** #include "string.h"
  42:e:/LiteOS/LiteOS/targets/Cloud_FM33A0XX/GCC/../../../examples/api\los_api_event.c **** #endif
  43:e:/LiteOS/LiteOS/targets/Cloud_FM33A0XX/GCC/../../../examples/api\los_api_event.c **** 
  44:e:/LiteOS/LiteOS/targets/Cloud_FM33A0XX/GCC/../../../examples/api\los_api_event.c **** #ifdef __cplusplus
  45:e:/LiteOS/LiteOS/targets/Cloud_FM33A0XX/GCC/../../../examples/api\los_api_event.c **** #if __cplusplus
  46:e:/LiteOS/LiteOS/targets/Cloud_FM33A0XX/GCC/../../../examples/api\los_api_event.c **** extern "C" {
  47:e:/LiteOS/LiteOS/targets/Cloud_FM33A0XX/GCC/../../../examples/api\los_api_event.c **** #endif /* __cpluscplus */
  48:e:/LiteOS/LiteOS/targets/Cloud_FM33A0XX/GCC/../../../examples/api\los_api_event.c **** #endif /* __cpluscplus */
  49:e:/LiteOS/LiteOS/targets/Cloud_FM33A0XX/GCC/../../../examples/api\los_api_event.c **** 
  50:e:/LiteOS/LiteOS/targets/Cloud_FM33A0XX/GCC/../../../examples/api\los_api_event.c **** /* task pid */
  51:e:/LiteOS/LiteOS/targets/Cloud_FM33A0XX/GCC/../../../examples/api\los_api_event.c **** static UINT32 g_TestTaskID;
  52:e:/LiteOS/LiteOS/targets/Cloud_FM33A0XX/GCC/../../../examples/api\los_api_event.c **** /* event control struct */
  53:e:/LiteOS/LiteOS/targets/Cloud_FM33A0XX/GCC/../../../examples/api\los_api_event.c **** static EVENT_CB_S  example_event;
  54:e:/LiteOS/LiteOS/targets/Cloud_FM33A0XX/GCC/../../../examples/api\los_api_event.c **** 
  55:e:/LiteOS/LiteOS/targets/Cloud_FM33A0XX/GCC/../../../examples/api\los_api_event.c **** /* wait event type */
  56:e:/LiteOS/LiteOS/targets/Cloud_FM33A0XX/GCC/../../../examples/api\los_api_event.c **** #define event_wait 0x00000001
  57:e:/LiteOS/LiteOS/targets/Cloud_FM33A0XX/GCC/../../../examples/api\los_api_event.c **** 
  58:e:/LiteOS/LiteOS/targets/Cloud_FM33A0XX/GCC/../../../examples/api\los_api_event.c **** /* example task entry function */
  59:e:/LiteOS/LiteOS/targets/Cloud_FM33A0XX/GCC/../../../examples/api\los_api_event.c **** VOID Example_Event(VOID)
  60:e:/LiteOS/LiteOS/targets/Cloud_FM33A0XX/GCC/../../../examples/api\los_api_event.c **** {
  28              		.loc 1 60 0
  29              		.cfi_startproc
  30              		@ args = 0, pretend = 0, frame = 0
  31              		@ frame_needed = 0, uses_anonymous_args = 0
  32 0000 10B5     		push	{r4, lr}
  33              	.LCFI0:
  34              		.cfi_def_cfa_offset 8
  35              		.cfi_offset 4, -8
  36              		.cfi_offset 14, -4
  37              	.LVL0:
  61:e:/LiteOS/LiteOS/targets/Cloud_FM33A0XX/GCC/../../../examples/api\los_api_event.c ****     UINT32 uwEvent;
  62:e:/LiteOS/LiteOS/targets/Cloud_FM33A0XX/GCC/../../../examples/api\los_api_event.c ****     UINT32 uwRet = LOS_OK;
  63:e:/LiteOS/LiteOS/targets/Cloud_FM33A0XX/GCC/../../../examples/api\los_api_event.c **** 
  64:e:/LiteOS/LiteOS/targets/Cloud_FM33A0XX/GCC/../../../examples/api\los_api_event.c ****     /*
  65:e:/LiteOS/LiteOS/targets/Cloud_FM33A0XX/GCC/../../../examples/api\los_api_event.c ****      * timeout, WAITMODE to read event, timeout is 100 ticks,
  66:e:/LiteOS/LiteOS/targets/Cloud_FM33A0XX/GCC/../../../examples/api\los_api_event.c ****      * if timeout, wake task directly
  67:e:/LiteOS/LiteOS/targets/Cloud_FM33A0XX/GCC/../../../examples/api\los_api_event.c ****      */
  68:e:/LiteOS/LiteOS/targets/Cloud_FM33A0XX/GCC/../../../examples/api\los_api_event.c ****     dprintf("Example_Event wait event 0x%x . \r\n",event_wait);
  38              		.loc 1 68 0
  39 0002 0121     		movs	r1, #1
  40 0004 1248     		ldr	r0, .L4
  41 0006 FFF7FEFF 		bl	dprintf_none
  42              	.LVL1:
  69:e:/LiteOS/LiteOS/targets/Cloud_FM33A0XX/GCC/../../../examples/api\los_api_event.c **** 
  70:e:/LiteOS/LiteOS/targets/Cloud_FM33A0XX/GCC/../../../examples/api\los_api_event.c ****     uwEvent = LOS_EventRead(&example_event, event_wait, LOS_WAITMODE_AND, 100);
  43              		.loc 1 70 0
  44 000a 6423     		movs	r3, #100
  45 000c 0422     		movs	r2, #4
ARM GAS  C:\Users\WANGBI~1\AppData\Local\Temp\ccT7MQWl.s 			page 3


  46 000e 0121     		movs	r1, #1
  47 0010 1048     		ldr	r0, .L4+4
  48 0012 FFF7FEFF 		bl	LOS_EventRead
  49              	.LVL2:
  71:e:/LiteOS/LiteOS/targets/Cloud_FM33A0XX/GCC/../../../examples/api\los_api_event.c ****     if(uwEvent == event_wait)
  50              		.loc 1 71 0
  51 0016 0128     		cmp	r0, #1
  52 0018 0DD1     		bne	.L2
  72:e:/LiteOS/LiteOS/targets/Cloud_FM33A0XX/GCC/../../../examples/api\los_api_event.c ****     {
  73:e:/LiteOS/LiteOS/targets/Cloud_FM33A0XX/GCC/../../../examples/api\los_api_event.c ****         dprintf("Example_Event,read event :0x%x . \r\n",uwEvent);
  53              		.loc 1 73 0
  54 001a 0100     		movs	r1, r0
  55 001c 0E48     		ldr	r0, .L4+8
  56              	.LVL3:
  57 001e FFF7FEFF 		bl	dprintf_none
  58              	.LVL4:
  74:e:/LiteOS/LiteOS/targets/Cloud_FM33A0XX/GCC/../../../examples/api\los_api_event.c ****         uwRet = LOS_InspectStatusSetByID(LOS_INSPECT_EVENT, LOS_INSPECT_STU_SUCCESS);
  59              		.loc 1 74 0
  60 0022 0021     		movs	r1, #0
  61 0024 0120     		movs	r0, #1
  62 0026 FFF7FEFF 		bl	LOS_InspectStatusSetByID
  63              	.LVL5:
  75:e:/LiteOS/LiteOS/targets/Cloud_FM33A0XX/GCC/../../../examples/api\los_api_event.c ****         if (LOS_OK != uwRet)
  64              		.loc 1 75 0
  65 002a 0028     		cmp	r0, #0
  66 002c 0FD0     		beq	.L1
  76:e:/LiteOS/LiteOS/targets/Cloud_FM33A0XX/GCC/../../../examples/api\los_api_event.c ****         {
  77:e:/LiteOS/LiteOS/targets/Cloud_FM33A0XX/GCC/../../../examples/api\los_api_event.c ****             dprintf("Set Inspect Status Err. \r\n");
  67              		.loc 1 77 0
  68 002e 0B48     		ldr	r0, .L4+12
  69              	.LVL6:
  70 0030 FFF7FEFF 		bl	dprintf_none
  71              	.LVL7:
  72 0034 0BE0     		b	.L1
  73              	.LVL8:
  74              	.L2:
  78:e:/LiteOS/LiteOS/targets/Cloud_FM33A0XX/GCC/../../../examples/api\los_api_event.c ****         }
  79:e:/LiteOS/LiteOS/targets/Cloud_FM33A0XX/GCC/../../../examples/api\los_api_event.c ****     }
  80:e:/LiteOS/LiteOS/targets/Cloud_FM33A0XX/GCC/../../../examples/api\los_api_event.c ****     else
  81:e:/LiteOS/LiteOS/targets/Cloud_FM33A0XX/GCC/../../../examples/api\los_api_event.c ****     {
  82:e:/LiteOS/LiteOS/targets/Cloud_FM33A0XX/GCC/../../../examples/api\los_api_event.c ****         dprintf("Example_Event,read event timeout. \r\n");
  75              		.loc 1 82 0
  76 0036 0A48     		ldr	r0, .L4+16
  77              	.LVL9:
  78 0038 FFF7FEFF 		bl	dprintf_none
  79              	.LVL10:
  83:e:/LiteOS/LiteOS/targets/Cloud_FM33A0XX/GCC/../../../examples/api\los_api_event.c ****         uwRet = LOS_InspectStatusSetByID(LOS_INSPECT_EVENT, LOS_INSPECT_STU_ERROR);
  80              		.loc 1 83 0
  81 003c 0121     		movs	r1, #1
  82 003e 0120     		movs	r0, #1
  83 0040 FFF7FEFF 		bl	LOS_InspectStatusSetByID
  84              	.LVL11:
  84:e:/LiteOS/LiteOS/targets/Cloud_FM33A0XX/GCC/../../../examples/api\los_api_event.c ****         if (LOS_OK != uwRet)
  85              		.loc 1 84 0
  86 0044 0028     		cmp	r0, #0
  87 0046 02D0     		beq	.L1
  85:e:/LiteOS/LiteOS/targets/Cloud_FM33A0XX/GCC/../../../examples/api\los_api_event.c ****         {
ARM GAS  C:\Users\WANGBI~1\AppData\Local\Temp\ccT7MQWl.s 			page 4


  86:e:/LiteOS/LiteOS/targets/Cloud_FM33A0XX/GCC/../../../examples/api\los_api_event.c ****             dprintf("Set Inspect Status Err. \r\n");
  88              		.loc 1 86 0
  89 0048 0448     		ldr	r0, .L4+12
  90              	.LVL12:
  91 004a FFF7FEFF 		bl	dprintf_none
  92              	.LVL13:
  93              	.L1:
  87:e:/LiteOS/LiteOS/targets/Cloud_FM33A0XX/GCC/../../../examples/api\los_api_event.c ****         }
  88:e:/LiteOS/LiteOS/targets/Cloud_FM33A0XX/GCC/../../../examples/api\los_api_event.c ****     }
  89:e:/LiteOS/LiteOS/targets/Cloud_FM33A0XX/GCC/../../../examples/api\los_api_event.c ****     return;
  90:e:/LiteOS/LiteOS/targets/Cloud_FM33A0XX/GCC/../../../examples/api\los_api_event.c **** }
  94              		.loc 1 90 0
  95              		@ sp needed
  96 004e 10BD     		pop	{r4, pc}
  97              	.L5:
  98              		.align	2
  99              	.L4:
 100 0050 00000000 		.word	.LC0
 101 0054 00000000 		.word	.LANCHOR0
 102 0058 24000000 		.word	.LC3
 103 005c 48000000 		.word	.LC5
 104 0060 64000000 		.word	.LC7
 105              		.cfi_endproc
 106              	.LFE43:
 108              		.section	.text.Example_SndRcvEvent,"ax",%progbits
 109              		.align	2
 110              		.global	Example_SndRcvEvent
 111              		.code	16
 112              		.thumb_func
 114              	Example_SndRcvEvent:
 115              	.LFB44:
  91:e:/LiteOS/LiteOS/targets/Cloud_FM33A0XX/GCC/../../../examples/api\los_api_event.c **** 
  92:e:/LiteOS/LiteOS/targets/Cloud_FM33A0XX/GCC/../../../examples/api\los_api_event.c **** UINT32 Example_SndRcvEvent(VOID)
  93:e:/LiteOS/LiteOS/targets/Cloud_FM33A0XX/GCC/../../../examples/api\los_api_event.c **** {
 116              		.loc 1 93 0
 117              		.cfi_startproc
 118              		@ args = 0, pretend = 0, frame = 24
 119              		@ frame_needed = 0, uses_anonymous_args = 0
 120 0000 30B5     		push	{r4, r5, lr}
 121              	.LCFI1:
 122              		.cfi_def_cfa_offset 12
 123              		.cfi_offset 4, -12
 124              		.cfi_offset 5, -8
 125              		.cfi_offset 14, -4
 126 0002 87B0     		sub	sp, sp, #28
 127              	.LCFI2:
 128              		.cfi_def_cfa_offset 40
  94:e:/LiteOS/LiteOS/targets/Cloud_FM33A0XX/GCC/../../../examples/api\los_api_event.c ****     UINT32 uwRet;
  95:e:/LiteOS/LiteOS/targets/Cloud_FM33A0XX/GCC/../../../examples/api\los_api_event.c ****     TSK_INIT_PARAM_S stTask1;
  96:e:/LiteOS/LiteOS/targets/Cloud_FM33A0XX/GCC/../../../examples/api\los_api_event.c **** 
  97:e:/LiteOS/LiteOS/targets/Cloud_FM33A0XX/GCC/../../../examples/api\los_api_event.c ****     /* event init */
  98:e:/LiteOS/LiteOS/targets/Cloud_FM33A0XX/GCC/../../../examples/api\los_api_event.c ****     uwRet = LOS_EventInit(&example_event);
 129              		.loc 1 98 0
 130 0004 2148     		ldr	r0, .L11
 131 0006 FFF7FEFF 		bl	LOS_EventInit
 132              	.LVL14:
  99:e:/LiteOS/LiteOS/targets/Cloud_FM33A0XX/GCC/../../../examples/api\los_api_event.c ****     if(uwRet != LOS_OK)
ARM GAS  C:\Users\WANGBI~1\AppData\Local\Temp\ccT7MQWl.s 			page 5


 133              		.loc 1 99 0
 134 000a 0028     		cmp	r0, #0
 135 000c 04D0     		beq	.L7
 100:e:/LiteOS/LiteOS/targets/Cloud_FM33A0XX/GCC/../../../examples/api\los_api_event.c ****     {
 101:e:/LiteOS/LiteOS/targets/Cloud_FM33A0XX/GCC/../../../examples/api\los_api_event.c ****         dprintf("init event failed .\r\n");
 136              		.loc 1 101 0
 137 000e 2048     		ldr	r0, .L11+4
 138              	.LVL15:
 139 0010 FFF7FEFF 		bl	dprintf_none
 140              	.LVL16:
 102:e:/LiteOS/LiteOS/targets/Cloud_FM33A0XX/GCC/../../../examples/api\los_api_event.c ****         return LOS_NOK;
 141              		.loc 1 102 0
 142 0014 0120     		movs	r0, #1
 143 0016 37E0     		b	.L8
 144              	.LVL17:
 145              	.L7:
 103:e:/LiteOS/LiteOS/targets/Cloud_FM33A0XX/GCC/../../../examples/api\los_api_event.c ****     }
 104:e:/LiteOS/LiteOS/targets/Cloud_FM33A0XX/GCC/../../../examples/api\los_api_event.c **** 
 105:e:/LiteOS/LiteOS/targets/Cloud_FM33A0XX/GCC/../../../examples/api\los_api_event.c ****     /* create task */
 106:e:/LiteOS/LiteOS/targets/Cloud_FM33A0XX/GCC/../../../examples/api\los_api_event.c ****     memset(&stTask1, 0, sizeof(TSK_INIT_PARAM_S));
 146              		.loc 1 106 0
 147 0018 1822     		movs	r2, #24
 148 001a 0021     		movs	r1, #0
 149 001c 6846     		mov	r0, sp
 150              	.LVL18:
 151 001e FFF7FEFF 		bl	memset
 152              	.LVL19:
 107:e:/LiteOS/LiteOS/targets/Cloud_FM33A0XX/GCC/../../../examples/api\los_api_event.c ****     stTask1.pfnTaskEntry = (TSK_ENTRY_FUNC)Example_Event;
 153              		.loc 1 107 0
 154 0022 1C4B     		ldr	r3, .L11+8
 155 0024 0093     		str	r3, [sp]
 108:e:/LiteOS/LiteOS/targets/Cloud_FM33A0XX/GCC/../../../examples/api\los_api_event.c ****     stTask1.pcName       = "EventTsk1";
 156              		.loc 1 108 0
 157 0026 1C4B     		ldr	r3, .L11+12
 158 0028 0493     		str	r3, [sp, #16]
 109:e:/LiteOS/LiteOS/targets/Cloud_FM33A0XX/GCC/../../../examples/api\los_api_event.c ****     stTask1.uwStackSize  = LOSCFG_BASE_CORE_TSK_DEFAULT_STACK_SIZE;
 159              		.loc 1 109 0
 160 002a B423     		movs	r3, #180
 161 002c 9B00     		lsls	r3, r3, #2
 162 002e 0393     		str	r3, [sp, #12]
 110:e:/LiteOS/LiteOS/targets/Cloud_FM33A0XX/GCC/../../../examples/api\los_api_event.c ****     stTask1.usTaskPrio   = 5;
 163              		.loc 1 110 0
 164 0030 0523     		movs	r3, #5
 165 0032 6A46     		mov	r2, sp
 166 0034 9380     		strh	r3, [r2, #4]
 111:e:/LiteOS/LiteOS/targets/Cloud_FM33A0XX/GCC/../../../examples/api\los_api_event.c ****     uwRet = LOS_TaskCreate(&g_TestTaskID, &stTask1);
 167              		.loc 1 111 0
 168 0036 6946     		mov	r1, sp
 169 0038 1848     		ldr	r0, .L11+16
 170 003a FFF7FEFF 		bl	LOS_TaskCreate
 171              	.LVL20:
 112:e:/LiteOS/LiteOS/targets/Cloud_FM33A0XX/GCC/../../../examples/api\los_api_event.c ****     if(uwRet != LOS_OK)
 172              		.loc 1 112 0
 173 003e 0028     		cmp	r0, #0
 174 0040 04D0     		beq	.L9
 113:e:/LiteOS/LiteOS/targets/Cloud_FM33A0XX/GCC/../../../examples/api\los_api_event.c ****     {
 114:e:/LiteOS/LiteOS/targets/Cloud_FM33A0XX/GCC/../../../examples/api\los_api_event.c ****         dprintf("task create failed .\r\n");
ARM GAS  C:\Users\WANGBI~1\AppData\Local\Temp\ccT7MQWl.s 			page 6


 175              		.loc 1 114 0
 176 0042 1748     		ldr	r0, .L11+20
 177              	.LVL21:
 178 0044 FFF7FEFF 		bl	dprintf_none
 179              	.LVL22:
 115:e:/LiteOS/LiteOS/targets/Cloud_FM33A0XX/GCC/../../../examples/api\los_api_event.c ****         return LOS_NOK;
 180              		.loc 1 115 0
 181 0048 0120     		movs	r0, #1
 182 004a 1DE0     		b	.L8
 183              	.LVL23:
 184              	.L9:
 116:e:/LiteOS/LiteOS/targets/Cloud_FM33A0XX/GCC/../../../examples/api\los_api_event.c ****     }
 117:e:/LiteOS/LiteOS/targets/Cloud_FM33A0XX/GCC/../../../examples/api\los_api_event.c **** 
 118:e:/LiteOS/LiteOS/targets/Cloud_FM33A0XX/GCC/../../../examples/api\los_api_event.c ****     /* write event */
 119:e:/LiteOS/LiteOS/targets/Cloud_FM33A0XX/GCC/../../../examples/api\los_api_event.c ****     dprintf("Example_TaskEntry_Event write event .\r\n");
 185              		.loc 1 119 0
 186 004c 1548     		ldr	r0, .L11+24
 187              	.LVL24:
 188 004e FFF7FEFF 		bl	dprintf_none
 189              	.LVL25:
 120:e:/LiteOS/LiteOS/targets/Cloud_FM33A0XX/GCC/../../../examples/api\los_api_event.c ****     uwRet = LOS_EventWrite(&example_event, event_wait);
 190              		.loc 1 120 0
 191 0052 0121     		movs	r1, #1
 192 0054 0D48     		ldr	r0, .L11
 193 0056 FFF7FEFF 		bl	LOS_EventWrite
 194              	.LVL26:
 121:e:/LiteOS/LiteOS/targets/Cloud_FM33A0XX/GCC/../../../examples/api\los_api_event.c ****     if(uwRet != LOS_OK)
 195              		.loc 1 121 0
 196 005a 0028     		cmp	r0, #0
 197 005c 04D0     		beq	.L10
 122:e:/LiteOS/LiteOS/targets/Cloud_FM33A0XX/GCC/../../../examples/api\los_api_event.c ****     {
 123:e:/LiteOS/LiteOS/targets/Cloud_FM33A0XX/GCC/../../../examples/api\los_api_event.c ****         dprintf("event write failed .\r\n");
 198              		.loc 1 123 0
 199 005e 1248     		ldr	r0, .L11+28
 200              	.LVL27:
 201 0060 FFF7FEFF 		bl	dprintf_none
 202              	.LVL28:
 124:e:/LiteOS/LiteOS/targets/Cloud_FM33A0XX/GCC/../../../examples/api\los_api_event.c ****         return LOS_NOK;
 203              		.loc 1 124 0
 204 0064 0120     		movs	r0, #1
 205 0066 0FE0     		b	.L8
 206              	.LVL29:
 207              	.L10:
 125:e:/LiteOS/LiteOS/targets/Cloud_FM33A0XX/GCC/../../../examples/api\los_api_event.c ****     }
 126:e:/LiteOS/LiteOS/targets/Cloud_FM33A0XX/GCC/../../../examples/api\los_api_event.c **** 
 127:e:/LiteOS/LiteOS/targets/Cloud_FM33A0XX/GCC/../../../examples/api\los_api_event.c ****     /* clear event flag */
 128:e:/LiteOS/LiteOS/targets/Cloud_FM33A0XX/GCC/../../../examples/api\los_api_event.c ****     dprintf("EventMask:%d \r\n", example_event.uwEventID);
 208              		.loc 1 128 0
 209 0068 084C     		ldr	r4, .L11
 210 006a 104D     		ldr	r5, .L11+32
 211 006c 2168     		ldr	r1, [r4]
 212 006e 2800     		movs	r0, r5
 213              	.LVL30:
 214 0070 FFF7FEFF 		bl	dprintf_none
 215              	.LVL31:
 129:e:/LiteOS/LiteOS/targets/Cloud_FM33A0XX/GCC/../../../examples/api\los_api_event.c ****     LOS_EventClear(&example_event, ~example_event.uwEventID);
 216              		.loc 1 129 0
ARM GAS  C:\Users\WANGBI~1\AppData\Local\Temp\ccT7MQWl.s 			page 7


 217 0074 2368     		ldr	r3, [r4]
 218 0076 D943     		mvns	r1, r3
 219 0078 2000     		movs	r0, r4
 220 007a FFF7FEFF 		bl	LOS_EventClear
 221              	.LVL32:
 130:e:/LiteOS/LiteOS/targets/Cloud_FM33A0XX/GCC/../../../examples/api\los_api_event.c ****     dprintf("EventMask:%d \r\n", example_event.uwEventID);
 222              		.loc 1 130 0
 223 007e 2168     		ldr	r1, [r4]
 224 0080 2800     		movs	r0, r5
 225 0082 FFF7FEFF 		bl	dprintf_none
 226              	.LVL33:
 131:e:/LiteOS/LiteOS/targets/Cloud_FM33A0XX/GCC/../../../examples/api\los_api_event.c **** 
 132:e:/LiteOS/LiteOS/targets/Cloud_FM33A0XX/GCC/../../../examples/api\los_api_event.c ****     return LOS_OK;
 227              		.loc 1 132 0
 228 0086 0020     		movs	r0, #0
 229              	.L8:
 133:e:/LiteOS/LiteOS/targets/Cloud_FM33A0XX/GCC/../../../examples/api\los_api_event.c **** }
 230              		.loc 1 133 0
 231 0088 07B0     		add	sp, sp, #28
 232              		@ sp needed
 233 008a 30BD     		pop	{r4, r5, pc}
 234              	.L12:
 235              		.align	2
 236              	.L11:
 237 008c 00000000 		.word	.LANCHOR0
 238 0090 8C000000 		.word	.LC10
 239 0094 00000000 		.word	Example_Event
 240 0098 A4000000 		.word	.LC13
 241 009c 00000000 		.word	.LANCHOR1
 242 00a0 B0000000 		.word	.LC16
 243 00a4 C8000000 		.word	.LC18
 244 00a8 F0000000 		.word	.LC20
 245 00ac 08010000 		.word	.LC22
 246              		.cfi_endproc
 247              	.LFE44:
 249              		.section	.rodata.str1.4,"aMS",%progbits,1
 250              		.align	2
 251              	.LC0:
 252 0000 4578616D 		.ascii	"Example_Event wait event 0x%x . \015\012\000"
 252      706C655F 
 252      4576656E 
 252      74207761 
 252      69742065 
 253 0023 00       		.space	1
 254              	.LC3:
 255 0024 4578616D 		.ascii	"Example_Event,read event :0x%x . \015\012\000"
 255      706C655F 
 255      4576656E 
 255      742C7265 
 255      61642065 
 256              	.LC5:
 257 0048 53657420 		.ascii	"Set Inspect Status Err. \015\012\000"
 257      496E7370 
 257      65637420 
 257      53746174 
 257      75732045 
 258 0063 00       		.space	1
ARM GAS  C:\Users\WANGBI~1\AppData\Local\Temp\ccT7MQWl.s 			page 8


 259              	.LC7:
 260 0064 4578616D 		.ascii	"Example_Event,read event timeout. \015\012\000"
 260      706C655F 
 260      4576656E 
 260      742C7265 
 260      61642065 
 261 0089 000000   		.space	3
 262              	.LC10:
 263 008c 696E6974 		.ascii	"init event failed .\015\012\000"
 263      20657665 
 263      6E742066 
 263      61696C65 
 263      64202E0D 
 264 00a2 0000     		.space	2
 265              	.LC13:
 266 00a4 4576656E 		.ascii	"EventTsk1\000"
 266      7454736B 
 266      3100
 267 00ae 0000     		.space	2
 268              	.LC16:
 269 00b0 7461736B 		.ascii	"task create failed .\015\012\000"
 269      20637265 
 269      61746520 
 269      6661696C 
 269      6564202E 
 270 00c7 00       		.space	1
 271              	.LC18:
 272 00c8 4578616D 		.ascii	"Example_TaskEntry_Event write event .\015\012\000"
 272      706C655F 
 272      5461736B 
 272      456E7472 
 272      795F4576 
 273              	.LC20:
 274 00f0 6576656E 		.ascii	"event write failed .\015\012\000"
 274      74207772 
 274      69746520 
 274      6661696C 
 274      6564202E 
 275 0107 00       		.space	1
 276              	.LC22:
 277 0108 4576656E 		.ascii	"EventMask:%d \015\012\000"
 277      744D6173 
 277      6B3A2564 
 277      200D0A00 
 278              		.section	.bss.g_TestTaskID,"aw",%nobits
 279              		.align	2
 280              		.set	.LANCHOR1,. + 0
 283              	g_TestTaskID:
 284 0000 00000000 		.space	4
 285              		.section	.bss.example_event,"aw",%nobits
 286              		.align	2
 287              		.set	.LANCHOR0,. + 0
 290              	example_event:
 291 0000 00000000 		.space	12
 291      00000000 
 291      00000000 
 292              		.text
ARM GAS  C:\Users\WANGBI~1\AppData\Local\Temp\ccT7MQWl.s 			page 9


 293              	.Letext0:
 294              		.file 2 "e:\\liteos\\liteos\\kernel\\include\\los_typedef.h"
 295              		.file 3 "e:\\liteos\\liteos\\kernel\\include\\los_list.h"
 296              		.file 4 "e:\\liteos\\liteos\\kernel\\include\\los_event.h"
 297              		.file 5 "e:\\liteos\\liteos\\kernel\\include\\los_task.h"
 298              		.file 6 "e:\\liteos\\liteos\\examples\\include\\los_inspect_entry.h"
 299              		.file 7 "e:\\liteos\\liteos\\examples\\include\\los_demo_debug.h"
ARM GAS  C:\Users\WANGBI~1\AppData\Local\Temp\ccT7MQWl.s 			page 10


DEFINED SYMBOLS
                            *ABS*:00000000 los_api_event.c
C:\Users\WANGBI~1\AppData\Local\Temp\ccT7MQWl.s:20     .text.Example_Event:00000000 $t
C:\Users\WANGBI~1\AppData\Local\Temp\ccT7MQWl.s:25     .text.Example_Event:00000000 Example_Event
C:\Users\WANGBI~1\AppData\Local\Temp\ccT7MQWl.s:100    .text.Example_Event:00000050 $d
C:\Users\WANGBI~1\AppData\Local\Temp\ccT7MQWl.s:109    .text.Example_SndRcvEvent:00000000 $t
C:\Users\WANGBI~1\AppData\Local\Temp\ccT7MQWl.s:114    .text.Example_SndRcvEvent:00000000 Example_SndRcvEvent
C:\Users\WANGBI~1\AppData\Local\Temp\ccT7MQWl.s:237    .text.Example_SndRcvEvent:0000008c $d
C:\Users\WANGBI~1\AppData\Local\Temp\ccT7MQWl.s:250    .rodata.str1.4:00000000 $d
C:\Users\WANGBI~1\AppData\Local\Temp\ccT7MQWl.s:279    .bss.g_TestTaskID:00000000 $d
C:\Users\WANGBI~1\AppData\Local\Temp\ccT7MQWl.s:283    .bss.g_TestTaskID:00000000 g_TestTaskID
C:\Users\WANGBI~1\AppData\Local\Temp\ccT7MQWl.s:286    .bss.example_event:00000000 $d
C:\Users\WANGBI~1\AppData\Local\Temp\ccT7MQWl.s:290    .bss.example_event:00000000 example_event
                     .debug_frame:00000010 $d

UNDEFINED SYMBOLS
dprintf_none
LOS_EventRead
LOS_InspectStatusSetByID
LOS_EventInit
memset
LOS_TaskCreate
LOS_EventWrite
LOS_EventClear
