ARM GAS  C:\Users\WANGBI~1\AppData\Local\Temp\ccCcS6zc.s 			page 1


   1              		.syntax unified
   2              		.cpu cortex-m0plus
   3              		.fpu softvfp
   4              		.eabi_attribute 20, 1
   5              		.eabi_attribute 21, 1
   6              		.eabi_attribute 23, 3
   7              		.eabi_attribute 24, 1
   8              		.eabi_attribute 25, 1
   9              		.eabi_attribute 26, 1
  10              		.eabi_attribute 30, 1
  11              		.eabi_attribute 34, 0
  12              		.eabi_attribute 18, 4
  13              		.thumb
  14              		.syntax unified
  15              		.file	"los_misc.c"
  16              		.text
  17              	.Ltext0:
  18              		.cfi_sections	.debug_frame
  19              		.section	.text.LOS_Align,"ax",%progbits
  20              		.align	2
  21              		.global	LOS_Align
  22              		.code	16
  23              		.thumb_func
  25              	LOS_Align:
  26              	.LFB45:
  27              		.file 1 "e:/LiteOS/LiteOS/targets/Cloud_FM33A0XX/GCC/../../../kernel/base/misc/los_misc.c"
   1:e:/LiteOS/LiteOS/targets/Cloud_FM33A0XX/GCC/../../../kernel/base/misc\los_misc.c **** /*----------------------------------------------------------------------------
   2:e:/LiteOS/LiteOS/targets/Cloud_FM33A0XX/GCC/../../../kernel/base/misc\los_misc.c ****  * Copyright (c) <2013-2015>, <Huawei Technologies Co., Ltd>
   3:e:/LiteOS/LiteOS/targets/Cloud_FM33A0XX/GCC/../../../kernel/base/misc\los_misc.c ****  * All rights reserved.
   4:e:/LiteOS/LiteOS/targets/Cloud_FM33A0XX/GCC/../../../kernel/base/misc\los_misc.c ****  * Redistribution and use in source and binary forms, with or without modification,
   5:e:/LiteOS/LiteOS/targets/Cloud_FM33A0XX/GCC/../../../kernel/base/misc\los_misc.c ****  * are permitted provided that the following conditions are met:
   6:e:/LiteOS/LiteOS/targets/Cloud_FM33A0XX/GCC/../../../kernel/base/misc\los_misc.c ****  * 1. Redistributions of source code must retain the above copyright notice, this list of
   7:e:/LiteOS/LiteOS/targets/Cloud_FM33A0XX/GCC/../../../kernel/base/misc\los_misc.c ****  * conditions and the following disclaimer.
   8:e:/LiteOS/LiteOS/targets/Cloud_FM33A0XX/GCC/../../../kernel/base/misc\los_misc.c ****  * 2. Redistributions in binary form must reproduce the above copyright notice, this list
   9:e:/LiteOS/LiteOS/targets/Cloud_FM33A0XX/GCC/../../../kernel/base/misc\los_misc.c ****  * of conditions and the following disclaimer in the documentation and/or other materials
  10:e:/LiteOS/LiteOS/targets/Cloud_FM33A0XX/GCC/../../../kernel/base/misc\los_misc.c ****  * provided with the distribution.
  11:e:/LiteOS/LiteOS/targets/Cloud_FM33A0XX/GCC/../../../kernel/base/misc\los_misc.c ****  * 3. Neither the name of the copyright holder nor the names of its contributors may be used
  12:e:/LiteOS/LiteOS/targets/Cloud_FM33A0XX/GCC/../../../kernel/base/misc\los_misc.c ****  * to endorse or promote products derived from this software without specific prior written
  13:e:/LiteOS/LiteOS/targets/Cloud_FM33A0XX/GCC/../../../kernel/base/misc\los_misc.c ****  * permission.
  14:e:/LiteOS/LiteOS/targets/Cloud_FM33A0XX/GCC/../../../kernel/base/misc\los_misc.c ****  * THIS SOFTWARE IS PROVIDED BY THE COPYRIGHT HOLDERS AND CONTRIBUTORS
  15:e:/LiteOS/LiteOS/targets/Cloud_FM33A0XX/GCC/../../../kernel/base/misc\los_misc.c ****  * "AS IS" AND ANY EXPRESS OR IMPLIED WARRANTIES, INCLUDING, BUT NOT LIMITED TO,
  16:e:/LiteOS/LiteOS/targets/Cloud_FM33A0XX/GCC/../../../kernel/base/misc\los_misc.c ****  * THE IMPLIED WARRANTIES OF MERCHANTABILITY AND FITNESS FOR A PARTICULAR
  17:e:/LiteOS/LiteOS/targets/Cloud_FM33A0XX/GCC/../../../kernel/base/misc\los_misc.c ****  * PURPOSE ARE DISCLAIMED. IN NO EVENT SHALL THE COPYRIGHT HOLDER OR
  18:e:/LiteOS/LiteOS/targets/Cloud_FM33A0XX/GCC/../../../kernel/base/misc\los_misc.c ****  * CONTRIBUTORS BE LIABLE FOR ANY DIRECT, INDIRECT, INCIDENTAL, SPECIAL,
  19:e:/LiteOS/LiteOS/targets/Cloud_FM33A0XX/GCC/../../../kernel/base/misc\los_misc.c ****  * EXEMPLARY, OR CONSEQUENTIAL DAMAGES (INCLUDING, BUT NOT LIMITED TO,
  20:e:/LiteOS/LiteOS/targets/Cloud_FM33A0XX/GCC/../../../kernel/base/misc\los_misc.c ****  * PROCUREMENT OF SUBSTITUTE GOODS OR SERVICES; LOSS OF USE, DATA, OR PROFITS;
  21:e:/LiteOS/LiteOS/targets/Cloud_FM33A0XX/GCC/../../../kernel/base/misc\los_misc.c ****  * OR BUSINESS INTERRUPTION) HOWEVER CAUSED AND ON ANY THEORY OF LIABILITY,
  22:e:/LiteOS/LiteOS/targets/Cloud_FM33A0XX/GCC/../../../kernel/base/misc\los_misc.c ****  * WHETHER IN CONTRACT, STRICT LIABILITY, OR TORT (INCLUDING NEGLIGENCE OR
  23:e:/LiteOS/LiteOS/targets/Cloud_FM33A0XX/GCC/../../../kernel/base/misc\los_misc.c ****  * OTHERWISE) ARISING IN ANY WAY OUT OF THE USE OF THIS SOFTWARE, EVEN IF
  24:e:/LiteOS/LiteOS/targets/Cloud_FM33A0XX/GCC/../../../kernel/base/misc\los_misc.c ****  * ADVISED OF THE POSSIBILITY OF SUCH DAMAGE.
  25:e:/LiteOS/LiteOS/targets/Cloud_FM33A0XX/GCC/../../../kernel/base/misc\los_misc.c ****  *---------------------------------------------------------------------------*/
  26:e:/LiteOS/LiteOS/targets/Cloud_FM33A0XX/GCC/../../../kernel/base/misc\los_misc.c **** /*----------------------------------------------------------------------------
  27:e:/LiteOS/LiteOS/targets/Cloud_FM33A0XX/GCC/../../../kernel/base/misc\los_misc.c ****  * Notice of Export Control Law
  28:e:/LiteOS/LiteOS/targets/Cloud_FM33A0XX/GCC/../../../kernel/base/misc\los_misc.c ****  * ===============================================
  29:e:/LiteOS/LiteOS/targets/Cloud_FM33A0XX/GCC/../../../kernel/base/misc\los_misc.c ****  * Huawei LiteOS may be subject to applicable export control laws and regulations, which might
  30:e:/LiteOS/LiteOS/targets/Cloud_FM33A0XX/GCC/../../../kernel/base/misc\los_misc.c ****  * include those applicable to Huawei LiteOS of U.S. and the country in which you are located.
  31:e:/LiteOS/LiteOS/targets/Cloud_FM33A0XX/GCC/../../../kernel/base/misc\los_misc.c ****  * Import, export and usage of Huawei LiteOS in any manner by you shall be in compliance with such
ARM GAS  C:\Users\WANGBI~1\AppData\Local\Temp\ccCcS6zc.s 			page 2


  32:e:/LiteOS/LiteOS/targets/Cloud_FM33A0XX/GCC/../../../kernel/base/misc\los_misc.c ****  * applicable export control laws and regulations.
  33:e:/LiteOS/LiteOS/targets/Cloud_FM33A0XX/GCC/../../../kernel/base/misc\los_misc.c ****  *---------------------------------------------------------------------------*/
  34:e:/LiteOS/LiteOS/targets/Cloud_FM33A0XX/GCC/../../../kernel/base/misc\los_misc.c **** 
  35:e:/LiteOS/LiteOS/targets/Cloud_FM33A0XX/GCC/../../../kernel/base/misc\los_misc.c **** #include "los_base.ph"
  36:e:/LiteOS/LiteOS/targets/Cloud_FM33A0XX/GCC/../../../kernel/base/misc\los_misc.c **** #include "los_sys.ph"
  37:e:/LiteOS/LiteOS/targets/Cloud_FM33A0XX/GCC/../../../kernel/base/misc\los_misc.c **** #include "los_task.ph"
  38:e:/LiteOS/LiteOS/targets/Cloud_FM33A0XX/GCC/../../../kernel/base/misc\los_misc.c **** #include "los_hwi.h"
  39:e:/LiteOS/LiteOS/targets/Cloud_FM33A0XX/GCC/../../../kernel/base/misc\los_misc.c **** 
  40:e:/LiteOS/LiteOS/targets/Cloud_FM33A0XX/GCC/../../../kernel/base/misc\los_misc.c **** LITE_OS_SEC_TEXT UINT32 LOS_Align(UINT32 uwAddr, UINT32 uwBoundary)
  41:e:/LiteOS/LiteOS/targets/Cloud_FM33A0XX/GCC/../../../kernel/base/misc\los_misc.c **** {
  28              		.loc 1 41 0
  29              		.cfi_startproc
  30              		@ args = 0, pretend = 0, frame = 0
  31              		@ frame_needed = 0, uses_anonymous_args = 0
  32              		@ link register save eliminated.
  33              	.LVL0:
  42:e:/LiteOS/LiteOS/targets/Cloud_FM33A0XX/GCC/../../../kernel/base/misc\los_misc.c ****     if (uwAddr + uwBoundary - 1 > uwAddr) {
  34              		.loc 1 42 0
  35 0000 4318     		adds	r3, r0, r1
  36 0002 013B     		subs	r3, r3, #1
  37 0004 9842     		cmp	r0, r3
  38 0006 03D2     		bcs	.L2
  43:e:/LiteOS/LiteOS/targets/Cloud_FM33A0XX/GCC/../../../kernel/base/misc\los_misc.c ****         return (uwAddr + uwBoundary - 1) & ~(uwBoundary - 1);
  39              		.loc 1 43 0
  40 0008 4942     		rsbs	r1, r1, #0
  41              	.LVL1:
  42 000a 1940     		ands	r1, r3
  43              	.LVL2:
  44 000c 0800     		movs	r0, r1
  45              	.LVL3:
  46 000e 01E0     		b	.L3
  47              	.LVL4:
  48              	.L2:
  44:e:/LiteOS/LiteOS/targets/Cloud_FM33A0XX/GCC/../../../kernel/base/misc\los_misc.c ****     } else {
  45:e:/LiteOS/LiteOS/targets/Cloud_FM33A0XX/GCC/../../../kernel/base/misc\los_misc.c ****         return uwAddr & ~(uwBoundary - 1);
  49              		.loc 1 45 0
  50 0010 4942     		rsbs	r1, r1, #0
  51              	.LVL5:
  52 0012 0840     		ands	r0, r1
  53              	.LVL6:
  54              	.L3:
  46:e:/LiteOS/LiteOS/targets/Cloud_FM33A0XX/GCC/../../../kernel/base/misc\los_misc.c ****     }
  47:e:/LiteOS/LiteOS/targets/Cloud_FM33A0XX/GCC/../../../kernel/base/misc\los_misc.c **** }
  55              		.loc 1 47 0
  56              		@ sp needed
  57 0014 7047     		bx	lr
  58              		.cfi_endproc
  59              	.LFE45:
  61 0016 C046     		.section	.text.LOS_Msleep,"ax",%progbits
  62              		.align	2
  63              		.global	LOS_Msleep
  64              		.code	16
  65              		.thumb_func
  67              	LOS_Msleep:
  68              	.LFB46:
  48:e:/LiteOS/LiteOS/targets/Cloud_FM33A0XX/GCC/../../../kernel/base/misc\los_misc.c **** 
  49:e:/LiteOS/LiteOS/targets/Cloud_FM33A0XX/GCC/../../../kernel/base/misc\los_misc.c **** LITE_OS_SEC_TEXT_MINOR VOID LOS_Msleep(UINT32 uwMsecs)
ARM GAS  C:\Users\WANGBI~1\AppData\Local\Temp\ccCcS6zc.s 			page 3


  50:e:/LiteOS/LiteOS/targets/Cloud_FM33A0XX/GCC/../../../kernel/base/misc\los_misc.c **** {
  69              		.loc 1 50 0
  70              		.cfi_startproc
  71              		@ args = 0, pretend = 0, frame = 0
  72              		@ frame_needed = 0, uses_anonymous_args = 0
  73              	.LVL7:
  74 0000 10B5     		push	{r4, lr}
  75              	.LCFI0:
  76              		.cfi_def_cfa_offset 8
  77              		.cfi_offset 4, -8
  78              		.cfi_offset 14, -4
  79 0002 0400     		movs	r4, r0
  80              	.LVL8:
  51:e:/LiteOS/LiteOS/targets/Cloud_FM33A0XX/GCC/../../../kernel/base/misc\los_misc.c ****     UINT32 uwInterval = 0;
  52:e:/LiteOS/LiteOS/targets/Cloud_FM33A0XX/GCC/../../../kernel/base/misc\los_misc.c **** 
  53:e:/LiteOS/LiteOS/targets/Cloud_FM33A0XX/GCC/../../../kernel/base/misc\los_misc.c ****     if (OS_INT_ACTIVE)
  81              		.loc 1 53 0
  82 0004 FFF7FEFF 		bl	osIntNumGet
  83              	.LVL9:
  84 0008 0028     		cmp	r0, #0
  85 000a 0CD1     		bne	.L4
  54:e:/LiteOS/LiteOS/targets/Cloud_FM33A0XX/GCC/../../../kernel/base/misc\los_misc.c ****     {
  55:e:/LiteOS/LiteOS/targets/Cloud_FM33A0XX/GCC/../../../kernel/base/misc\los_misc.c ****         return;
  56:e:/LiteOS/LiteOS/targets/Cloud_FM33A0XX/GCC/../../../kernel/base/misc\los_misc.c ****     }
  57:e:/LiteOS/LiteOS/targets/Cloud_FM33A0XX/GCC/../../../kernel/base/misc\los_misc.c **** 
  58:e:/LiteOS/LiteOS/targets/Cloud_FM33A0XX/GCC/../../../kernel/base/misc\los_misc.c ****     if (uwMsecs == 0)
  86              		.loc 1 58 0
  87 000c 002C     		cmp	r4, #0
  88 000e 05D0     		beq	.L7
  59:e:/LiteOS/LiteOS/targets/Cloud_FM33A0XX/GCC/../../../kernel/base/misc\los_misc.c ****     {
  60:e:/LiteOS/LiteOS/targets/Cloud_FM33A0XX/GCC/../../../kernel/base/misc\los_misc.c ****         uwInterval = 0;
  61:e:/LiteOS/LiteOS/targets/Cloud_FM33A0XX/GCC/../../../kernel/base/misc\los_misc.c ****     }
  62:e:/LiteOS/LiteOS/targets/Cloud_FM33A0XX/GCC/../../../kernel/base/misc\los_misc.c ****     else
  63:e:/LiteOS/LiteOS/targets/Cloud_FM33A0XX/GCC/../../../kernel/base/misc\los_misc.c ****     {
  64:e:/LiteOS/LiteOS/targets/Cloud_FM33A0XX/GCC/../../../kernel/base/misc\los_misc.c ****         uwInterval = LOS_MS2Tick(uwMsecs);
  89              		.loc 1 64 0
  90 0010 2000     		movs	r0, r4
  91 0012 FFF7FEFF 		bl	LOS_MS2Tick
  92              	.LVL10:
  65:e:/LiteOS/LiteOS/targets/Cloud_FM33A0XX/GCC/../../../kernel/base/misc\los_misc.c ****         if (uwInterval == 0)
  93              		.loc 1 65 0
  94 0016 0028     		cmp	r0, #0
  95 0018 02D0     		beq	.L8
  96 001a 02E0     		b	.L6
  97              	.LVL11:
  98              	.L7:
  60:e:/LiteOS/LiteOS/targets/Cloud_FM33A0XX/GCC/../../../kernel/base/misc\los_misc.c ****     }
  99              		.loc 1 60 0
 100 001c 0020     		movs	r0, #0
 101 001e 00E0     		b	.L6
 102              	.LVL12:
 103              	.L8:
  66:e:/LiteOS/LiteOS/targets/Cloud_FM33A0XX/GCC/../../../kernel/base/misc\los_misc.c ****         {
  67:e:/LiteOS/LiteOS/targets/Cloud_FM33A0XX/GCC/../../../kernel/base/misc\los_misc.c ****              uwInterval = 1;
 104              		.loc 1 67 0
 105 0020 0120     		movs	r0, #1
 106              	.LVL13:
ARM GAS  C:\Users\WANGBI~1\AppData\Local\Temp\ccCcS6zc.s 			page 4


 107              	.L6:
  68:e:/LiteOS/LiteOS/targets/Cloud_FM33A0XX/GCC/../../../kernel/base/misc\los_misc.c ****         }
  69:e:/LiteOS/LiteOS/targets/Cloud_FM33A0XX/GCC/../../../kernel/base/misc\los_misc.c ****     }
  70:e:/LiteOS/LiteOS/targets/Cloud_FM33A0XX/GCC/../../../kernel/base/misc\los_misc.c **** 
  71:e:/LiteOS/LiteOS/targets/Cloud_FM33A0XX/GCC/../../../kernel/base/misc\los_misc.c ****     (VOID)LOS_TaskDelay(uwInterval);
 108              		.loc 1 71 0
 109 0022 FFF7FEFF 		bl	LOS_TaskDelay
 110              	.LVL14:
 111              	.L4:
  72:e:/LiteOS/LiteOS/targets/Cloud_FM33A0XX/GCC/../../../kernel/base/misc\los_misc.c **** }
 112              		.loc 1 72 0
 113              		@ sp needed
 114              	.LVL15:
 115 0026 10BD     		pop	{r4, pc}
 116              		.cfi_endproc
 117              	.LFE46:
 119              		.text
 120              	.Letext0:
 121              		.file 2 "e:\\liteos\\liteos\\kernel\\include\\los_typedef.h"
 122              		.file 3 "d:\\gnu tools arm embedded\\5.4 2016q3\\arm-none-eabi\\include\\machine\\_default_types.h
 123              		.file 4 "d:\\gnu tools arm embedded\\5.4 2016q3\\arm-none-eabi\\include\\sys\\_stdint.h"
 124              		.file 5 "e:\\liteos\\liteos\\arch\\arm\\arm-m\\include\\los_hwi.h"
 125              		.file 6 "e:\\liteos\\liteos\\kernel\\include\\los_sys.h"
 126              		.file 7 "e:\\liteos\\liteos\\kernel\\include\\los_task.h"
 127              		.file 8 "e:\\liteos\\liteos\\targets\\cloud_fm33a0xx\\device\\include\\system_FM33A0XX.h"
ARM GAS  C:\Users\WANGBI~1\AppData\Local\Temp\ccCcS6zc.s 			page 5


DEFINED SYMBOLS
                            *ABS*:00000000 los_misc.c
C:\Users\WANGBI~1\AppData\Local\Temp\ccCcS6zc.s:20     .text.LOS_Align:00000000 $t
C:\Users\WANGBI~1\AppData\Local\Temp\ccCcS6zc.s:25     .text.LOS_Align:00000000 LOS_Align
C:\Users\WANGBI~1\AppData\Local\Temp\ccCcS6zc.s:62     .text.LOS_Msleep:00000000 $t
C:\Users\WANGBI~1\AppData\Local\Temp\ccCcS6zc.s:67     .text.LOS_Msleep:00000000 LOS_Msleep
                     .debug_frame:00000010 $d

UNDEFINED SYMBOLS
osIntNumGet
LOS_MS2Tick
LOS_TaskDelay
