ARM GAS  C:\Users\WANGBI~1\AppData\Local\Temp\cctDolJ1.s 			page 1


   1              		.syntax unified
   2              		.cpu cortex-m0plus
   3              		.fpu softvfp
   4              		.eabi_attribute 20, 1
   5              		.eabi_attribute 21, 1
   6              		.eabi_attribute 23, 3
   7              		.eabi_attribute 24, 1
   8              		.eabi_attribute 25, 1
   9              		.eabi_attribute 26, 1
  10              		.eabi_attribute 30, 1
  11              		.eabi_attribute 34, 0
  12              		.eabi_attribute 18, 4
  13              		.thumb
  14              		.syntax unified
  15              		.file	"los_sys.c"
  16              		.text
  17              	.Ltext0:
  18              		.cfi_sections	.debug_frame
  19              		.section	.text.LOS_TickCountGet,"ax",%progbits
  20              		.align	2
  21              		.global	LOS_TickCountGet
  22              		.code	16
  23              		.thumb_func
  25              	LOS_TickCountGet:
  26              	.LFB45:
  27              		.file 1 "e:/LiteOS/LiteOS/targets/Cloud_FM33A0XX/GCC/../../../kernel/base/core/los_sys.c"
   1:e:/LiteOS/LiteOS/targets/Cloud_FM33A0XX/GCC/../../../kernel/base/core\los_sys.c **** /*----------------------------------------------------------------------------
   2:e:/LiteOS/LiteOS/targets/Cloud_FM33A0XX/GCC/../../../kernel/base/core\los_sys.c ****  * Copyright (c) <2013-2015>, <Huawei Technologies Co., Ltd>
   3:e:/LiteOS/LiteOS/targets/Cloud_FM33A0XX/GCC/../../../kernel/base/core\los_sys.c ****  * All rights reserved.
   4:e:/LiteOS/LiteOS/targets/Cloud_FM33A0XX/GCC/../../../kernel/base/core\los_sys.c ****  * Redistribution and use in source and binary forms, with or without modification,
   5:e:/LiteOS/LiteOS/targets/Cloud_FM33A0XX/GCC/../../../kernel/base/core\los_sys.c ****  * are permitted provided that the following conditions are met:
   6:e:/LiteOS/LiteOS/targets/Cloud_FM33A0XX/GCC/../../../kernel/base/core\los_sys.c ****  * 1. Redistributions of source code must retain the above copyright notice, this list of
   7:e:/LiteOS/LiteOS/targets/Cloud_FM33A0XX/GCC/../../../kernel/base/core\los_sys.c ****  * conditions and the following disclaimer.
   8:e:/LiteOS/LiteOS/targets/Cloud_FM33A0XX/GCC/../../../kernel/base/core\los_sys.c ****  * 2. Redistributions in binary form must reproduce the above copyright notice, this list
   9:e:/LiteOS/LiteOS/targets/Cloud_FM33A0XX/GCC/../../../kernel/base/core\los_sys.c ****  * of conditions and the following disclaimer in the documentation and/or other materials
  10:e:/LiteOS/LiteOS/targets/Cloud_FM33A0XX/GCC/../../../kernel/base/core\los_sys.c ****  * provided with the distribution.
  11:e:/LiteOS/LiteOS/targets/Cloud_FM33A0XX/GCC/../../../kernel/base/core\los_sys.c ****  * 3. Neither the name of the copyright holder nor the names of its contributors may be used
  12:e:/LiteOS/LiteOS/targets/Cloud_FM33A0XX/GCC/../../../kernel/base/core\los_sys.c ****  * to endorse or promote products derived from this software without specific prior written
  13:e:/LiteOS/LiteOS/targets/Cloud_FM33A0XX/GCC/../../../kernel/base/core\los_sys.c ****  * permission.
  14:e:/LiteOS/LiteOS/targets/Cloud_FM33A0XX/GCC/../../../kernel/base/core\los_sys.c ****  * THIS SOFTWARE IS PROVIDED BY THE COPYRIGHT HOLDERS AND CONTRIBUTORS
  15:e:/LiteOS/LiteOS/targets/Cloud_FM33A0XX/GCC/../../../kernel/base/core\los_sys.c ****  * "AS IS" AND ANY EXPRESS OR IMPLIED WARRANTIES, INCLUDING, BUT NOT LIMITED TO,
  16:e:/LiteOS/LiteOS/targets/Cloud_FM33A0XX/GCC/../../../kernel/base/core\los_sys.c ****  * THE IMPLIED WARRANTIES OF MERCHANTABILITY AND FITNESS FOR A PARTICULAR
  17:e:/LiteOS/LiteOS/targets/Cloud_FM33A0XX/GCC/../../../kernel/base/core\los_sys.c ****  * PURPOSE ARE DISCLAIMED. IN NO EVENT SHALL THE COPYRIGHT HOLDER OR
  18:e:/LiteOS/LiteOS/targets/Cloud_FM33A0XX/GCC/../../../kernel/base/core\los_sys.c ****  * CONTRIBUTORS BE LIABLE FOR ANY DIRECT, INDIRECT, INCIDENTAL, SPECIAL,
  19:e:/LiteOS/LiteOS/targets/Cloud_FM33A0XX/GCC/../../../kernel/base/core\los_sys.c ****  * EXEMPLARY, OR CONSEQUENTIAL DAMAGES (INCLUDING, BUT NOT LIMITED TO,
  20:e:/LiteOS/LiteOS/targets/Cloud_FM33A0XX/GCC/../../../kernel/base/core\los_sys.c ****  * PROCUREMENT OF SUBSTITUTE GOODS OR SERVICES; LOSS OF USE, DATA, OR PROFITS;
  21:e:/LiteOS/LiteOS/targets/Cloud_FM33A0XX/GCC/../../../kernel/base/core\los_sys.c ****  * OR BUSINESS INTERRUPTION) HOWEVER CAUSED AND ON ANY THEORY OF LIABILITY,
  22:e:/LiteOS/LiteOS/targets/Cloud_FM33A0XX/GCC/../../../kernel/base/core\los_sys.c ****  * WHETHER IN CONTRACT, STRICT LIABILITY, OR TORT (INCLUDING NEGLIGENCE OR
  23:e:/LiteOS/LiteOS/targets/Cloud_FM33A0XX/GCC/../../../kernel/base/core\los_sys.c ****  * OTHERWISE) ARISING IN ANY WAY OUT OF THE USE OF THIS SOFTWARE, EVEN IF
  24:e:/LiteOS/LiteOS/targets/Cloud_FM33A0XX/GCC/../../../kernel/base/core\los_sys.c ****  * ADVISED OF THE POSSIBILITY OF SUCH DAMAGE.
  25:e:/LiteOS/LiteOS/targets/Cloud_FM33A0XX/GCC/../../../kernel/base/core\los_sys.c ****  *---------------------------------------------------------------------------*/
  26:e:/LiteOS/LiteOS/targets/Cloud_FM33A0XX/GCC/../../../kernel/base/core\los_sys.c **** /*----------------------------------------------------------------------------
  27:e:/LiteOS/LiteOS/targets/Cloud_FM33A0XX/GCC/../../../kernel/base/core\los_sys.c ****  * Notice of Export Control Law
  28:e:/LiteOS/LiteOS/targets/Cloud_FM33A0XX/GCC/../../../kernel/base/core\los_sys.c ****  * ===============================================
  29:e:/LiteOS/LiteOS/targets/Cloud_FM33A0XX/GCC/../../../kernel/base/core\los_sys.c ****  * Huawei LiteOS may be subject to applicable export control laws and regulations, which might
  30:e:/LiteOS/LiteOS/targets/Cloud_FM33A0XX/GCC/../../../kernel/base/core\los_sys.c ****  * include those applicable to Huawei LiteOS of U.S. and the country in which you are located.
  31:e:/LiteOS/LiteOS/targets/Cloud_FM33A0XX/GCC/../../../kernel/base/core\los_sys.c ****  * Import, export and usage of Huawei LiteOS in any manner by you shall be in compliance with such
ARM GAS  C:\Users\WANGBI~1\AppData\Local\Temp\cctDolJ1.s 			page 2


  32:e:/LiteOS/LiteOS/targets/Cloud_FM33A0XX/GCC/../../../kernel/base/core\los_sys.c ****  * applicable export control laws and regulations.
  33:e:/LiteOS/LiteOS/targets/Cloud_FM33A0XX/GCC/../../../kernel/base/core\los_sys.c ****  *---------------------------------------------------------------------------*/
  34:e:/LiteOS/LiteOS/targets/Cloud_FM33A0XX/GCC/../../../kernel/base/core\los_sys.c **** 
  35:e:/LiteOS/LiteOS/targets/Cloud_FM33A0XX/GCC/../../../kernel/base/core\los_sys.c **** #include "los_sys.inc"
  36:e:/LiteOS/LiteOS/targets/Cloud_FM33A0XX/GCC/../../../kernel/base/core\los_sys.c **** #include "los_tick.ph"
  37:e:/LiteOS/LiteOS/targets/Cloud_FM33A0XX/GCC/../../../kernel/base/core\los_sys.c **** 
  38:e:/LiteOS/LiteOS/targets/Cloud_FM33A0XX/GCC/../../../kernel/base/core\los_sys.c **** #ifdef __cplusplus
  39:e:/LiteOS/LiteOS/targets/Cloud_FM33A0XX/GCC/../../../kernel/base/core\los_sys.c **** #if __cplusplus
  40:e:/LiteOS/LiteOS/targets/Cloud_FM33A0XX/GCC/../../../kernel/base/core\los_sys.c **** extern "C" {
  41:e:/LiteOS/LiteOS/targets/Cloud_FM33A0XX/GCC/../../../kernel/base/core\los_sys.c **** #endif /* __cplusplus */
  42:e:/LiteOS/LiteOS/targets/Cloud_FM33A0XX/GCC/../../../kernel/base/core\los_sys.c **** #endif /* __cplusplus */
  43:e:/LiteOS/LiteOS/targets/Cloud_FM33A0XX/GCC/../../../kernel/base/core\los_sys.c **** 
  44:e:/LiteOS/LiteOS/targets/Cloud_FM33A0XX/GCC/../../../kernel/base/core\los_sys.c **** /*****************************************************************************
  45:e:/LiteOS/LiteOS/targets/Cloud_FM33A0XX/GCC/../../../kernel/base/core\los_sys.c **** Function   : LOS_TickCountGet
  46:e:/LiteOS/LiteOS/targets/Cloud_FM33A0XX/GCC/../../../kernel/base/core\los_sys.c **** Description: get current tick
  47:e:/LiteOS/LiteOS/targets/Cloud_FM33A0XX/GCC/../../../kernel/base/core\los_sys.c **** Input      : None
  48:e:/LiteOS/LiteOS/targets/Cloud_FM33A0XX/GCC/../../../kernel/base/core\los_sys.c **** Output     : None
  49:e:/LiteOS/LiteOS/targets/Cloud_FM33A0XX/GCC/../../../kernel/base/core\los_sys.c **** Return     : current tick
  50:e:/LiteOS/LiteOS/targets/Cloud_FM33A0XX/GCC/../../../kernel/base/core\los_sys.c **** *****************************************************************************/
  51:e:/LiteOS/LiteOS/targets/Cloud_FM33A0XX/GCC/../../../kernel/base/core\los_sys.c **** LITE_OS_SEC_TEXT_MINOR UINT64 LOS_TickCountGet (VOID)
  52:e:/LiteOS/LiteOS/targets/Cloud_FM33A0XX/GCC/../../../kernel/base/core\los_sys.c **** {
  28              		.loc 1 52 0
  29              		.cfi_startproc
  30              		@ args = 0, pretend = 0, frame = 0
  31              		@ frame_needed = 0, uses_anonymous_args = 0
  32              		@ link register save eliminated.
  53:e:/LiteOS/LiteOS/targets/Cloud_FM33A0XX/GCC/../../../kernel/base/core\los_sys.c ****     return g_ullTickCount;
  33              		.loc 1 53 0
  34 0000 014B     		ldr	r3, .L2
  35 0002 1868     		ldr	r0, [r3]
  36 0004 5968     		ldr	r1, [r3, #4]
  54:e:/LiteOS/LiteOS/targets/Cloud_FM33A0XX/GCC/../../../kernel/base/core\los_sys.c **** }
  37              		.loc 1 54 0
  38              		@ sp needed
  39 0006 7047     		bx	lr
  40              	.L3:
  41              		.align	2
  42              	.L2:
  43 0008 00000000 		.word	g_ullTickCount
  44              		.cfi_endproc
  45              	.LFE45:
  47              		.global	__aeabi_uidiv
  48              		.section	.text.LOS_CyclePerTickGet,"ax",%progbits
  49              		.align	2
  50              		.global	LOS_CyclePerTickGet
  51              		.code	16
  52              		.thumb_func
  54              	LOS_CyclePerTickGet:
  55              	.LFB46:
  55:e:/LiteOS/LiteOS/targets/Cloud_FM33A0XX/GCC/../../../kernel/base/core\los_sys.c **** 
  56:e:/LiteOS/LiteOS/targets/Cloud_FM33A0XX/GCC/../../../kernel/base/core\los_sys.c **** /*****************************************************************************
  57:e:/LiteOS/LiteOS/targets/Cloud_FM33A0XX/GCC/../../../kernel/base/core\los_sys.c **** Function   : LOS_CyclePerTickGet
  58:e:/LiteOS/LiteOS/targets/Cloud_FM33A0XX/GCC/../../../kernel/base/core\los_sys.c **** Description: Get System cycle number corresponding to each tick
  59:e:/LiteOS/LiteOS/targets/Cloud_FM33A0XX/GCC/../../../kernel/base/core\los_sys.c **** Input      : None
  60:e:/LiteOS/LiteOS/targets/Cloud_FM33A0XX/GCC/../../../kernel/base/core\los_sys.c **** Output     : None
  61:e:/LiteOS/LiteOS/targets/Cloud_FM33A0XX/GCC/../../../kernel/base/core\los_sys.c **** Return     : cycle number corresponding to each tick
  62:e:/LiteOS/LiteOS/targets/Cloud_FM33A0XX/GCC/../../../kernel/base/core\los_sys.c **** *****************************************************************************/
ARM GAS  C:\Users\WANGBI~1\AppData\Local\Temp\cctDolJ1.s 			page 3


  63:e:/LiteOS/LiteOS/targets/Cloud_FM33A0XX/GCC/../../../kernel/base/core\los_sys.c **** LITE_OS_SEC_TEXT_MINOR UINT32 LOS_CyclePerTickGet(VOID)
  64:e:/LiteOS/LiteOS/targets/Cloud_FM33A0XX/GCC/../../../kernel/base/core\los_sys.c **** {
  56              		.loc 1 64 0
  57              		.cfi_startproc
  58              		@ args = 0, pretend = 0, frame = 0
  59              		@ frame_needed = 0, uses_anonymous_args = 0
  60 0000 10B5     		push	{r4, lr}
  61              	.LCFI0:
  62              		.cfi_def_cfa_offset 8
  63              		.cfi_offset 4, -8
  64              		.cfi_offset 14, -4
  65:e:/LiteOS/LiteOS/targets/Cloud_FM33A0XX/GCC/../../../kernel/base/core\los_sys.c ****     /*lint -e40*/
  66:e:/LiteOS/LiteOS/targets/Cloud_FM33A0XX/GCC/../../../kernel/base/core\los_sys.c ****     return OS_SYS_CLOCK / LOSCFG_BASE_CORE_TICK_PER_SECOND;/*lint !e160*/
  65              		.loc 1 66 0
  66 0002 034B     		ldr	r3, .L5
  67 0004 1868     		ldr	r0, [r3]
  68 0006 FA21     		movs	r1, #250
  69 0008 8900     		lsls	r1, r1, #2
  70 000a FFF7FEFF 		bl	__aeabi_uidiv
  71              	.LVL0:
  67:e:/LiteOS/LiteOS/targets/Cloud_FM33A0XX/GCC/../../../kernel/base/core\los_sys.c ****     /*lint +e40*/
  68:e:/LiteOS/LiteOS/targets/Cloud_FM33A0XX/GCC/../../../kernel/base/core\los_sys.c **** }
  72              		.loc 1 68 0
  73              		@ sp needed
  74 000e 10BD     		pop	{r4, pc}
  75              	.L6:
  76              		.align	2
  77              	.L5:
  78 0010 00000000 		.word	SystemCoreClock
  79              		.cfi_endproc
  80              	.LFE46:
  82              		.global	__aeabi_lmul
  83              		.global	__aeabi_uldivmod
  84              		.section	.text.LOS_MS2Tick,"ax",%progbits
  85              		.align	2
  86              		.global	LOS_MS2Tick
  87              		.code	16
  88              		.thumb_func
  90              	LOS_MS2Tick:
  91              	.LFB47:
  69:e:/LiteOS/LiteOS/targets/Cloud_FM33A0XX/GCC/../../../kernel/base/core\los_sys.c **** 
  70:e:/LiteOS/LiteOS/targets/Cloud_FM33A0XX/GCC/../../../kernel/base/core\los_sys.c **** /*****************************************************************************
  71:e:/LiteOS/LiteOS/targets/Cloud_FM33A0XX/GCC/../../../kernel/base/core\los_sys.c **** Function   : LOS_MS2Tick
  72:e:/LiteOS/LiteOS/targets/Cloud_FM33A0XX/GCC/../../../kernel/base/core\los_sys.c **** Description: milliseconds convert to Tick
  73:e:/LiteOS/LiteOS/targets/Cloud_FM33A0XX/GCC/../../../kernel/base/core\los_sys.c **** Input      : milliseconds
  74:e:/LiteOS/LiteOS/targets/Cloud_FM33A0XX/GCC/../../../kernel/base/core\los_sys.c **** Output     : None
  75:e:/LiteOS/LiteOS/targets/Cloud_FM33A0XX/GCC/../../../kernel/base/core\los_sys.c **** Return     : Tick
  76:e:/LiteOS/LiteOS/targets/Cloud_FM33A0XX/GCC/../../../kernel/base/core\los_sys.c **** *****************************************************************************/
  77:e:/LiteOS/LiteOS/targets/Cloud_FM33A0XX/GCC/../../../kernel/base/core\los_sys.c **** LITE_OS_SEC_TEXT_MINOR UINT32 LOS_MS2Tick(UINT32 uwMillisec)
  78:e:/LiteOS/LiteOS/targets/Cloud_FM33A0XX/GCC/../../../kernel/base/core\los_sys.c **** {
  92              		.loc 1 78 0
  93              		.cfi_startproc
  94              		@ args = 0, pretend = 0, frame = 0
  95              		@ frame_needed = 0, uses_anonymous_args = 0
  96              	.LVL1:
  97 0000 10B5     		push	{r4, lr}
  98              	.LCFI1:
ARM GAS  C:\Users\WANGBI~1\AppData\Local\Temp\cctDolJ1.s 			page 4


  99              		.cfi_def_cfa_offset 8
 100              		.cfi_offset 4, -8
 101              		.cfi_offset 14, -4
  79:e:/LiteOS/LiteOS/targets/Cloud_FM33A0XX/GCC/../../../kernel/base/core\los_sys.c ****     if (0xFFFFFFFF == uwMillisec)
 102              		.loc 1 79 0
 103 0002 431C     		adds	r3, r0, #1
 104 0004 0BD0     		beq	.L9
  80:e:/LiteOS/LiteOS/targets/Cloud_FM33A0XX/GCC/../../../kernel/base/core\los_sys.c ****     {
  81:e:/LiteOS/LiteOS/targets/Cloud_FM33A0XX/GCC/../../../kernel/base/core\los_sys.c ****         return 0xFFFFFFFF;
  82:e:/LiteOS/LiteOS/targets/Cloud_FM33A0XX/GCC/../../../kernel/base/core\los_sys.c ****     }
  83:e:/LiteOS/LiteOS/targets/Cloud_FM33A0XX/GCC/../../../kernel/base/core\los_sys.c **** 
  84:e:/LiteOS/LiteOS/targets/Cloud_FM33A0XX/GCC/../../../kernel/base/core\los_sys.c ****     return ((UINT64)uwMillisec * LOSCFG_BASE_CORE_TICK_PER_SECOND) / OS_SYS_MS_PER_SECOND;
 105              		.loc 1 84 0
 106 0006 FA22     		movs	r2, #250
 107 0008 9200     		lsls	r2, r2, #2
 108 000a 0023     		movs	r3, #0
 109 000c 0021     		movs	r1, #0
 110 000e FFF7FEFF 		bl	__aeabi_lmul
 111              	.LVL2:
 112 0012 FA22     		movs	r2, #250
 113 0014 9200     		lsls	r2, r2, #2
 114 0016 0023     		movs	r3, #0
 115 0018 FFF7FEFF 		bl	__aeabi_uldivmod
 116              	.LVL3:
 117 001c 01E0     		b	.L8
 118              	.LVL4:
 119              	.L9:
  81:e:/LiteOS/LiteOS/targets/Cloud_FM33A0XX/GCC/../../../kernel/base/core\los_sys.c ****     }
 120              		.loc 1 81 0
 121 001e 0120     		movs	r0, #1
 122              	.LVL5:
 123 0020 4042     		rsbs	r0, r0, #0
 124              	.L8:
  85:e:/LiteOS/LiteOS/targets/Cloud_FM33A0XX/GCC/../../../kernel/base/core\los_sys.c **** }
 125              		.loc 1 85 0
 126              		@ sp needed
 127 0022 10BD     		pop	{r4, pc}
 128              		.cfi_endproc
 129              	.LFE47:
 131              		.section	.text.LOS_Tick2MS,"ax",%progbits
 132              		.align	2
 133              		.global	LOS_Tick2MS
 134              		.code	16
 135              		.thumb_func
 137              	LOS_Tick2MS:
 138              	.LFB48:
  86:e:/LiteOS/LiteOS/targets/Cloud_FM33A0XX/GCC/../../../kernel/base/core\los_sys.c **** 
  87:e:/LiteOS/LiteOS/targets/Cloud_FM33A0XX/GCC/../../../kernel/base/core\los_sys.c **** /*****************************************************************************
  88:e:/LiteOS/LiteOS/targets/Cloud_FM33A0XX/GCC/../../../kernel/base/core\los_sys.c **** Function   : LOS_Tick2MS
  89:e:/LiteOS/LiteOS/targets/Cloud_FM33A0XX/GCC/../../../kernel/base/core\los_sys.c **** Description: Tick convert to milliseconds
  90:e:/LiteOS/LiteOS/targets/Cloud_FM33A0XX/GCC/../../../kernel/base/core\los_sys.c **** Input      : TICK
  91:e:/LiteOS/LiteOS/targets/Cloud_FM33A0XX/GCC/../../../kernel/base/core\los_sys.c **** Output     : None
  92:e:/LiteOS/LiteOS/targets/Cloud_FM33A0XX/GCC/../../../kernel/base/core\los_sys.c **** Return     : milliseconds
  93:e:/LiteOS/LiteOS/targets/Cloud_FM33A0XX/GCC/../../../kernel/base/core\los_sys.c **** *****************************************************************************/
  94:e:/LiteOS/LiteOS/targets/Cloud_FM33A0XX/GCC/../../../kernel/base/core\los_sys.c **** LITE_OS_SEC_TEXT_MINOR UINT32 LOS_Tick2MS(UINT32 uwTick)
  95:e:/LiteOS/LiteOS/targets/Cloud_FM33A0XX/GCC/../../../kernel/base/core\los_sys.c **** {
 139              		.loc 1 95 0
ARM GAS  C:\Users\WANGBI~1\AppData\Local\Temp\cctDolJ1.s 			page 5


 140              		.cfi_startproc
 141              		@ args = 0, pretend = 0, frame = 0
 142              		@ frame_needed = 0, uses_anonymous_args = 0
 143              	.LVL6:
 144 0000 10B5     		push	{r4, lr}
 145              	.LCFI2:
 146              		.cfi_def_cfa_offset 8
 147              		.cfi_offset 4, -8
 148              		.cfi_offset 14, -4
  96:e:/LiteOS/LiteOS/targets/Cloud_FM33A0XX/GCC/../../../kernel/base/core\los_sys.c ****     return ((UINT64)uwTick * OS_SYS_MS_PER_SECOND) / LOSCFG_BASE_CORE_TICK_PER_SECOND;
 149              		.loc 1 96 0
 150 0002 FA22     		movs	r2, #250
 151 0004 9200     		lsls	r2, r2, #2
 152 0006 0023     		movs	r3, #0
 153 0008 0021     		movs	r1, #0
 154 000a FFF7FEFF 		bl	__aeabi_lmul
 155              	.LVL7:
 156 000e FA22     		movs	r2, #250
 157 0010 9200     		lsls	r2, r2, #2
 158 0012 0023     		movs	r3, #0
 159 0014 FFF7FEFF 		bl	__aeabi_uldivmod
 160              	.LVL8:
  97:e:/LiteOS/LiteOS/targets/Cloud_FM33A0XX/GCC/../../../kernel/base/core\los_sys.c **** }
 161              		.loc 1 97 0
 162              		@ sp needed
 163 0018 10BD     		pop	{r4, pc}
 164              		.cfi_endproc
 165              	.LFE48:
 167              		.global	__aeabi_ul2d
 168              		.global	__aeabi_ui2d
 169              		.global	__aeabi_ddiv
 170              		.global	__aeabi_d2ulz
 171 001a C046     		.section	.text.osCpuTick2MS,"ax",%progbits
 172              		.align	2
 173              		.global	osCpuTick2MS
 174              		.code	16
 175              		.thumb_func
 177              	osCpuTick2MS:
 178              	.LFB49:
  98:e:/LiteOS/LiteOS/targets/Cloud_FM33A0XX/GCC/../../../kernel/base/core\los_sys.c **** 
  99:e:/LiteOS/LiteOS/targets/Cloud_FM33A0XX/GCC/../../../kernel/base/core\los_sys.c **** /*****************************************************************************
 100:e:/LiteOS/LiteOS/targets/Cloud_FM33A0XX/GCC/../../../kernel/base/core\los_sys.c **** Function   : osCpuTick2MS
 101:e:/LiteOS/LiteOS/targets/Cloud_FM33A0XX/GCC/../../../kernel/base/core\los_sys.c **** Description: cycle convert to milliseconds
 102:e:/LiteOS/LiteOS/targets/Cloud_FM33A0XX/GCC/../../../kernel/base/core\los_sys.c **** Input      : uwInterval ---------- cycle
 103:e:/LiteOS/LiteOS/targets/Cloud_FM33A0XX/GCC/../../../kernel/base/core\los_sys.c **** Output     : puwUsHi    ---------- High 32 milliseconds
 104:e:/LiteOS/LiteOS/targets/Cloud_FM33A0XX/GCC/../../../kernel/base/core\los_sys.c ****              puwUsLo    ---------- Low 32 milliseconds
 105:e:/LiteOS/LiteOS/targets/Cloud_FM33A0XX/GCC/../../../kernel/base/core\los_sys.c **** Return     : LOS_OK on success ,or error code on failure
 106:e:/LiteOS/LiteOS/targets/Cloud_FM33A0XX/GCC/../../../kernel/base/core\los_sys.c **** *****************************************************************************/
 107:e:/LiteOS/LiteOS/targets/Cloud_FM33A0XX/GCC/../../../kernel/base/core\los_sys.c **** LITE_OS_SEC_TEXT_INIT UINT32 osCpuTick2MS(CPU_TICK *pstCpuTick, UINT32 *puwMsHi, UINT32 *puwMsLo)
 108:e:/LiteOS/LiteOS/targets/Cloud_FM33A0XX/GCC/../../../kernel/base/core\los_sys.c **** {
 179              		.loc 1 108 0
 180              		.cfi_startproc
 181              		@ args = 0, pretend = 0, frame = 0
 182              		@ frame_needed = 0, uses_anonymous_args = 0
 183              	.LVL9:
 184 0000 F8B5     		push	{r3, r4, r5, r6, r7, lr}
 185              	.LCFI3:
ARM GAS  C:\Users\WANGBI~1\AppData\Local\Temp\cctDolJ1.s 			page 6


 186              		.cfi_def_cfa_offset 24
 187              		.cfi_offset 3, -24
 188              		.cfi_offset 4, -20
 189              		.cfi_offset 5, -16
 190              		.cfi_offset 6, -12
 191              		.cfi_offset 7, -8
 192              		.cfi_offset 14, -4
 193 0002 0C00     		movs	r4, r1
 194 0004 1500     		movs	r5, r2
 109:e:/LiteOS/LiteOS/targets/Cloud_FM33A0XX/GCC/../../../kernel/base/core\los_sys.c ****     UINT64 ullCpuTick;
 110:e:/LiteOS/LiteOS/targets/Cloud_FM33A0XX/GCC/../../../kernel/base/core\los_sys.c ****     double dTemp;
 111:e:/LiteOS/LiteOS/targets/Cloud_FM33A0XX/GCC/../../../kernel/base/core\los_sys.c **** 
 112:e:/LiteOS/LiteOS/targets/Cloud_FM33A0XX/GCC/../../../kernel/base/core\los_sys.c ****     if ( (NULL == pstCpuTick) || (NULL == puwMsHi) || (NULL == puwMsLo) )
 195              		.loc 1 112 0
 196 0006 0028     		cmp	r0, #0
 197 0008 1DD0     		beq	.L13
 198              		.loc 1 112 0 is_stmt 0 discriminator 1
 199 000a 0029     		cmp	r1, #0
 200 000c 1DD0     		beq	.L14
 201              		.loc 1 112 0 discriminator 2
 202 000e 002A     		cmp	r2, #0
 203 0010 1DD0     		beq	.L15
 113:e:/LiteOS/LiteOS/targets/Cloud_FM33A0XX/GCC/../../../kernel/base/core\los_sys.c ****     {
 114:e:/LiteOS/LiteOS/targets/Cloud_FM33A0XX/GCC/../../../kernel/base/core\los_sys.c ****         return LOS_ERRNO_SYS_PTR_NULL;
 115:e:/LiteOS/LiteOS/targets/Cloud_FM33A0XX/GCC/../../../kernel/base/core\los_sys.c ****     }
 116:e:/LiteOS/LiteOS/targets/Cloud_FM33A0XX/GCC/../../../kernel/base/core\los_sys.c **** 
 117:e:/LiteOS/LiteOS/targets/Cloud_FM33A0XX/GCC/../../../kernel/base/core\los_sys.c ****     ullCpuTick = ((UINT64)pstCpuTick->uwCntHi << OS_SYS_MV_32_BIT) | pstCpuTick->uwCntLo;
 204              		.loc 1 117 0 is_stmt 1
 205 0012 0168     		ldr	r1, [r0]
 206              	.LVL10:
 207 0014 4068     		ldr	r0, [r0, #4]
 208              	.LVL11:
 118:e:/LiteOS/LiteOS/targets/Cloud_FM33A0XX/GCC/../../../kernel/base/core\los_sys.c ****     dTemp = ullCpuTick / (((double)OS_SYS_CLOCK) / OS_SYS_MS_PER_SECOND); /*lint !e160 !e653 !e40*/
 209              		.loc 1 118 0
 210 0016 FFF7FEFF 		bl	__aeabi_ul2d
 211              	.LVL12:
 212 001a 0600     		movs	r6, r0
 213 001c 0F00     		movs	r7, r1
 214 001e 0D4B     		ldr	r3, .L16
 215 0020 1868     		ldr	r0, [r3]
 216 0022 FFF7FEFF 		bl	__aeabi_ui2d
 217              	.LVL13:
 218 0026 0022     		movs	r2, #0
 219 0028 0B4B     		ldr	r3, .L16+4
 220 002a FFF7FEFF 		bl	__aeabi_ddiv
 221              	.LVL14:
 222 002e 0200     		movs	r2, r0
 223 0030 0B00     		movs	r3, r1
 224 0032 3000     		movs	r0, r6
 225 0034 3900     		movs	r1, r7
 226 0036 FFF7FEFF 		bl	__aeabi_ddiv
 227              	.LVL15:
 119:e:/LiteOS/LiteOS/targets/Cloud_FM33A0XX/GCC/../../../kernel/base/core\los_sys.c ****     ullCpuTick = (UINT64)dTemp;
 228              		.loc 1 119 0
 229 003a FFF7FEFF 		bl	__aeabi_d2ulz
 230              	.LVL16:
 120:e:/LiteOS/LiteOS/targets/Cloud_FM33A0XX/GCC/../../../kernel/base/core\los_sys.c **** 
ARM GAS  C:\Users\WANGBI~1\AppData\Local\Temp\cctDolJ1.s 			page 7


 121:e:/LiteOS/LiteOS/targets/Cloud_FM33A0XX/GCC/../../../kernel/base/core\los_sys.c ****     *puwMsLo = (UINT32)ullCpuTick;
 231              		.loc 1 121 0
 232 003e 2860     		str	r0, [r5]
 122:e:/LiteOS/LiteOS/targets/Cloud_FM33A0XX/GCC/../../../kernel/base/core\los_sys.c ****     *puwMsHi = (UINT32)(ullCpuTick >> OS_SYS_MV_32_BIT);
 233              		.loc 1 122 0
 234 0040 2160     		str	r1, [r4]
 123:e:/LiteOS/LiteOS/targets/Cloud_FM33A0XX/GCC/../../../kernel/base/core\los_sys.c **** 
 124:e:/LiteOS/LiteOS/targets/Cloud_FM33A0XX/GCC/../../../kernel/base/core\los_sys.c ****     return LOS_OK;
 235              		.loc 1 124 0
 236 0042 0020     		movs	r0, #0
 237              	.LVL17:
 238 0044 04E0     		b	.L12
 239              	.LVL18:
 240              	.L13:
 114:e:/LiteOS/LiteOS/targets/Cloud_FM33A0XX/GCC/../../../kernel/base/core\los_sys.c ****     }
 241              		.loc 1 114 0
 242 0046 0548     		ldr	r0, .L16+8
 243              	.LVL19:
 244 0048 02E0     		b	.L12
 245              	.LVL20:
 246              	.L14:
 247 004a 0448     		ldr	r0, .L16+8
 248              	.LVL21:
 249 004c 00E0     		b	.L12
 250              	.LVL22:
 251              	.L15:
 252 004e 0348     		ldr	r0, .L16+8
 253              	.LVL23:
 254              	.L12:
 125:e:/LiteOS/LiteOS/targets/Cloud_FM33A0XX/GCC/../../../kernel/base/core\los_sys.c **** }
 255              		.loc 1 125 0
 256              		@ sp needed
 257              	.LVL24:
 258              	.LVL25:
 259 0050 F8BD     		pop	{r3, r4, r5, r6, r7, pc}
 260              	.L17:
 261 0052 C046     		.align	2
 262              	.L16:
 263 0054 00000000 		.word	SystemCoreClock
 264 0058 00408F40 		.word	1083129856
 265 005c 10000002 		.word	33554448
 266              		.cfi_endproc
 267              	.LFE49:
 269              		.section	.text.osCpuTick2US,"ax",%progbits
 270              		.align	2
 271              		.global	osCpuTick2US
 272              		.code	16
 273              		.thumb_func
 275              	osCpuTick2US:
 276              	.LFB50:
 126:e:/LiteOS/LiteOS/targets/Cloud_FM33A0XX/GCC/../../../kernel/base/core\los_sys.c **** 
 127:e:/LiteOS/LiteOS/targets/Cloud_FM33A0XX/GCC/../../../kernel/base/core\los_sys.c **** /*****************************************************************************
 128:e:/LiteOS/LiteOS/targets/Cloud_FM33A0XX/GCC/../../../kernel/base/core\los_sys.c **** Function   : osCpuTick2US
 129:e:/LiteOS/LiteOS/targets/Cloud_FM33A0XX/GCC/../../../kernel/base/core\los_sys.c **** Description: cycle convert to Microsecond
 130:e:/LiteOS/LiteOS/targets/Cloud_FM33A0XX/GCC/../../../kernel/base/core\los_sys.c **** Input      : uwInterval ---------- cycle
 131:e:/LiteOS/LiteOS/targets/Cloud_FM33A0XX/GCC/../../../kernel/base/core\los_sys.c **** Output     : puwUsHi    ---------- High 32 Microsecond
 132:e:/LiteOS/LiteOS/targets/Cloud_FM33A0XX/GCC/../../../kernel/base/core\los_sys.c ****              puwUsLo    ---------- Low 32 Microsecond
ARM GAS  C:\Users\WANGBI~1\AppData\Local\Temp\cctDolJ1.s 			page 8


 133:e:/LiteOS/LiteOS/targets/Cloud_FM33A0XX/GCC/../../../kernel/base/core\los_sys.c **** Return     : LOS_OK on success ,or error code on failure
 134:e:/LiteOS/LiteOS/targets/Cloud_FM33A0XX/GCC/../../../kernel/base/core\los_sys.c **** *****************************************************************************/
 135:e:/LiteOS/LiteOS/targets/Cloud_FM33A0XX/GCC/../../../kernel/base/core\los_sys.c **** LITE_OS_SEC_TEXT_INIT UINT32 osCpuTick2US(CPU_TICK *pstCpuTick, UINT32 *puwUsHi, UINT32 *puwUsLo)
 136:e:/LiteOS/LiteOS/targets/Cloud_FM33A0XX/GCC/../../../kernel/base/core\los_sys.c **** {
 277              		.loc 1 136 0
 278              		.cfi_startproc
 279              		@ args = 0, pretend = 0, frame = 0
 280              		@ frame_needed = 0, uses_anonymous_args = 0
 281              	.LVL26:
 282 0000 F8B5     		push	{r3, r4, r5, r6, r7, lr}
 283              	.LCFI4:
 284              		.cfi_def_cfa_offset 24
 285              		.cfi_offset 3, -24
 286              		.cfi_offset 4, -20
 287              		.cfi_offset 5, -16
 288              		.cfi_offset 6, -12
 289              		.cfi_offset 7, -8
 290              		.cfi_offset 14, -4
 291 0002 0C00     		movs	r4, r1
 292 0004 1500     		movs	r5, r2
 137:e:/LiteOS/LiteOS/targets/Cloud_FM33A0XX/GCC/../../../kernel/base/core\los_sys.c ****     UINT64 ullCpuTick;
 138:e:/LiteOS/LiteOS/targets/Cloud_FM33A0XX/GCC/../../../kernel/base/core\los_sys.c ****     double dTemp;
 139:e:/LiteOS/LiteOS/targets/Cloud_FM33A0XX/GCC/../../../kernel/base/core\los_sys.c **** 
 140:e:/LiteOS/LiteOS/targets/Cloud_FM33A0XX/GCC/../../../kernel/base/core\los_sys.c ****     if ( (NULL == pstCpuTick) || (NULL == puwUsHi) || (NULL == puwUsLo) )
 293              		.loc 1 140 0
 294 0006 0028     		cmp	r0, #0
 295 0008 1DD0     		beq	.L20
 296              		.loc 1 140 0 is_stmt 0 discriminator 1
 297 000a 0029     		cmp	r1, #0
 298 000c 1DD0     		beq	.L21
 299              		.loc 1 140 0 discriminator 2
 300 000e 002A     		cmp	r2, #0
 301 0010 1DD0     		beq	.L22
 141:e:/LiteOS/LiteOS/targets/Cloud_FM33A0XX/GCC/../../../kernel/base/core\los_sys.c ****     {
 142:e:/LiteOS/LiteOS/targets/Cloud_FM33A0XX/GCC/../../../kernel/base/core\los_sys.c ****         return LOS_ERRNO_SYS_PTR_NULL;
 143:e:/LiteOS/LiteOS/targets/Cloud_FM33A0XX/GCC/../../../kernel/base/core\los_sys.c ****     }
 144:e:/LiteOS/LiteOS/targets/Cloud_FM33A0XX/GCC/../../../kernel/base/core\los_sys.c **** 
 145:e:/LiteOS/LiteOS/targets/Cloud_FM33A0XX/GCC/../../../kernel/base/core\los_sys.c ****     ullCpuTick = ((UINT64)pstCpuTick->uwCntHi << OS_SYS_MV_32_BIT) | pstCpuTick->uwCntLo;
 302              		.loc 1 145 0 is_stmt 1
 303 0012 0168     		ldr	r1, [r0]
 304              	.LVL27:
 305 0014 4068     		ldr	r0, [r0, #4]
 306              	.LVL28:
 146:e:/LiteOS/LiteOS/targets/Cloud_FM33A0XX/GCC/../../../kernel/base/core\los_sys.c ****     dTemp = ullCpuTick / (((double)OS_SYS_CLOCK) / OS_SYS_US_PER_SECOND); /*lint !e160 !e653 !e40*/
 307              		.loc 1 146 0
 308 0016 FFF7FEFF 		bl	__aeabi_ul2d
 309              	.LVL29:
 310 001a 0600     		movs	r6, r0
 311 001c 0F00     		movs	r7, r1
 312 001e 0D4B     		ldr	r3, .L23
 313 0020 1868     		ldr	r0, [r3]
 314 0022 FFF7FEFF 		bl	__aeabi_ui2d
 315              	.LVL30:
 316 0026 0022     		movs	r2, #0
 317 0028 0B4B     		ldr	r3, .L23+4
 318 002a FFF7FEFF 		bl	__aeabi_ddiv
 319              	.LVL31:
ARM GAS  C:\Users\WANGBI~1\AppData\Local\Temp\cctDolJ1.s 			page 9


 320 002e 0200     		movs	r2, r0
 321 0030 0B00     		movs	r3, r1
 322 0032 3000     		movs	r0, r6
 323 0034 3900     		movs	r1, r7
 324 0036 FFF7FEFF 		bl	__aeabi_ddiv
 325              	.LVL32:
 147:e:/LiteOS/LiteOS/targets/Cloud_FM33A0XX/GCC/../../../kernel/base/core\los_sys.c ****     ullCpuTick = (UINT64)dTemp;
 326              		.loc 1 147 0
 327 003a FFF7FEFF 		bl	__aeabi_d2ulz
 328              	.LVL33:
 148:e:/LiteOS/LiteOS/targets/Cloud_FM33A0XX/GCC/../../../kernel/base/core\los_sys.c **** 
 149:e:/LiteOS/LiteOS/targets/Cloud_FM33A0XX/GCC/../../../kernel/base/core\los_sys.c ****     *puwUsLo = (UINT32)ullCpuTick;
 329              		.loc 1 149 0
 330 003e 2860     		str	r0, [r5]
 150:e:/LiteOS/LiteOS/targets/Cloud_FM33A0XX/GCC/../../../kernel/base/core\los_sys.c ****     *puwUsHi = (UINT32)(ullCpuTick >> OS_SYS_MV_32_BIT);
 331              		.loc 1 150 0
 332 0040 2160     		str	r1, [r4]
 151:e:/LiteOS/LiteOS/targets/Cloud_FM33A0XX/GCC/../../../kernel/base/core\los_sys.c **** 
 152:e:/LiteOS/LiteOS/targets/Cloud_FM33A0XX/GCC/../../../kernel/base/core\los_sys.c ****     return LOS_OK;
 333              		.loc 1 152 0
 334 0042 0020     		movs	r0, #0
 335              	.LVL34:
 336 0044 04E0     		b	.L19
 337              	.LVL35:
 338              	.L20:
 142:e:/LiteOS/LiteOS/targets/Cloud_FM33A0XX/GCC/../../../kernel/base/core\los_sys.c ****     }
 339              		.loc 1 142 0
 340 0046 0548     		ldr	r0, .L23+8
 341              	.LVL36:
 342 0048 02E0     		b	.L19
 343              	.LVL37:
 344              	.L21:
 345 004a 0448     		ldr	r0, .L23+8
 346              	.LVL38:
 347 004c 00E0     		b	.L19
 348              	.LVL39:
 349              	.L22:
 350 004e 0348     		ldr	r0, .L23+8
 351              	.LVL40:
 352              	.L19:
 153:e:/LiteOS/LiteOS/targets/Cloud_FM33A0XX/GCC/../../../kernel/base/core\los_sys.c **** }
 353              		.loc 1 153 0
 354              		@ sp needed
 355              	.LVL41:
 356              	.LVL42:
 357 0050 F8BD     		pop	{r3, r4, r5, r6, r7, pc}
 358              	.L24:
 359 0052 C046     		.align	2
 360              	.L23:
 361 0054 00000000 		.word	SystemCoreClock
 362 0058 80842E41 		.word	1093567616
 363 005c 10000002 		.word	33554448
 364              		.cfi_endproc
 365              	.LFE50:
 367              		.text
 368              	.Letext0:
 369              		.file 2 "e:\\liteos\\liteos\\kernel\\include\\los_typedef.h"
ARM GAS  C:\Users\WANGBI~1\AppData\Local\Temp\cctDolJ1.s 			page 10


 370              		.file 3 "d:\\gnu tools arm embedded\\5.4 2016q3\\arm-none-eabi\\include\\machine\\_default_types.h
 371              		.file 4 "d:\\gnu tools arm embedded\\5.4 2016q3\\arm-none-eabi\\include\\sys\\_stdint.h"
 372              		.file 5 "e:\\liteos\\liteos\\kernel\\base\\include\\los_base.ph"
 373              		.file 6 "e:\\liteos\\liteos\\targets\\cloud_fm33a0xx\\device\\include\\system_FM33A0XX.h"
 374              		.file 7 "e:\\liteos\\liteos\\kernel\\base\\include\\los_tick.ph"
 375              		.file 8 "e:\\liteos\\liteos\\kernel\\include\\los_err.h"
ARM GAS  C:\Users\WANGBI~1\AppData\Local\Temp\cctDolJ1.s 			page 11


DEFINED SYMBOLS
                            *ABS*:00000000 los_sys.c
C:\Users\WANGBI~1\AppData\Local\Temp\cctDolJ1.s:20     .text.LOS_TickCountGet:00000000 $t
C:\Users\WANGBI~1\AppData\Local\Temp\cctDolJ1.s:25     .text.LOS_TickCountGet:00000000 LOS_TickCountGet
C:\Users\WANGBI~1\AppData\Local\Temp\cctDolJ1.s:43     .text.LOS_TickCountGet:00000008 $d
C:\Users\WANGBI~1\AppData\Local\Temp\cctDolJ1.s:49     .text.LOS_CyclePerTickGet:00000000 $t
C:\Users\WANGBI~1\AppData\Local\Temp\cctDolJ1.s:54     .text.LOS_CyclePerTickGet:00000000 LOS_CyclePerTickGet
C:\Users\WANGBI~1\AppData\Local\Temp\cctDolJ1.s:78     .text.LOS_CyclePerTickGet:00000010 $d
C:\Users\WANGBI~1\AppData\Local\Temp\cctDolJ1.s:85     .text.LOS_MS2Tick:00000000 $t
C:\Users\WANGBI~1\AppData\Local\Temp\cctDolJ1.s:90     .text.LOS_MS2Tick:00000000 LOS_MS2Tick
C:\Users\WANGBI~1\AppData\Local\Temp\cctDolJ1.s:132    .text.LOS_Tick2MS:00000000 $t
C:\Users\WANGBI~1\AppData\Local\Temp\cctDolJ1.s:137    .text.LOS_Tick2MS:00000000 LOS_Tick2MS
C:\Users\WANGBI~1\AppData\Local\Temp\cctDolJ1.s:172    .text.osCpuTick2MS:00000000 $t
C:\Users\WANGBI~1\AppData\Local\Temp\cctDolJ1.s:177    .text.osCpuTick2MS:00000000 osCpuTick2MS
C:\Users\WANGBI~1\AppData\Local\Temp\cctDolJ1.s:263    .text.osCpuTick2MS:00000054 $d
C:\Users\WANGBI~1\AppData\Local\Temp\cctDolJ1.s:270    .text.osCpuTick2US:00000000 $t
C:\Users\WANGBI~1\AppData\Local\Temp\cctDolJ1.s:275    .text.osCpuTick2US:00000000 osCpuTick2US
C:\Users\WANGBI~1\AppData\Local\Temp\cctDolJ1.s:361    .text.osCpuTick2US:00000054 $d
                     .debug_frame:00000010 $d

UNDEFINED SYMBOLS
g_ullTickCount
__aeabi_uidiv
SystemCoreClock
__aeabi_lmul
__aeabi_uldivmod
__aeabi_ul2d
__aeabi_ui2d
__aeabi_ddiv
__aeabi_d2ulz
