ARM GAS  C:\Users\WANGBI~1\AppData\Local\Temp\ccidOTMH.s 			page 1


   1              		.syntax unified
   2              		.cpu cortex-m0plus
   3              		.fpu softvfp
   4              		.eabi_attribute 20, 1
   5              		.eabi_attribute 21, 1
   6              		.eabi_attribute 23, 3
   7              		.eabi_attribute 24, 1
   8              		.eabi_attribute 25, 1
   9              		.eabi_attribute 26, 1
  10              		.eabi_attribute 30, 1
  11              		.eabi_attribute 34, 0
  12              		.eabi_attribute 18, 4
  13              		.thumb
  14              		.syntax unified
  15              		.file	"los_hwi.c"
  16              		.text
  17              	.Ltext0:
  18              		.cfi_sections	.debug_frame
  19              		.section	.text.osIntNumGet,"ax",%progbits
  20              		.align	2
  21              		.global	osIntNumGet
  22              		.code	16
  23              		.thumb_func
  25              	osIntNumGet:
  26              	.LFB43:
  27              		.file 1 "e:/LiteOS/LiteOS/targets/Cloud_FM33A0XX/GCC/../../../arch/arm/arm-m/src/los_hwi.c"
   1:e:/LiteOS/LiteOS/targets/Cloud_FM33A0XX/GCC/../../../arch/arm/arm-m/src\los_hwi.c **** /*----------------------------------------------------------------------------
   2:e:/LiteOS/LiteOS/targets/Cloud_FM33A0XX/GCC/../../../arch/arm/arm-m/src\los_hwi.c ****  * Copyright (c) <2013-2018>, <Huawei Technologies Co., Ltd>
   3:e:/LiteOS/LiteOS/targets/Cloud_FM33A0XX/GCC/../../../arch/arm/arm-m/src\los_hwi.c ****  * All rights reserved.
   4:e:/LiteOS/LiteOS/targets/Cloud_FM33A0XX/GCC/../../../arch/arm/arm-m/src\los_hwi.c ****  * Redistribution and use in source and binary forms, with or without modification,
   5:e:/LiteOS/LiteOS/targets/Cloud_FM33A0XX/GCC/../../../arch/arm/arm-m/src\los_hwi.c ****  * are permitted provided that the following conditions are met:
   6:e:/LiteOS/LiteOS/targets/Cloud_FM33A0XX/GCC/../../../arch/arm/arm-m/src\los_hwi.c ****  * 1. Redistributions of source code must retain the above copyright notice, this list of
   7:e:/LiteOS/LiteOS/targets/Cloud_FM33A0XX/GCC/../../../arch/arm/arm-m/src\los_hwi.c ****  * conditions and the following disclaimer.
   8:e:/LiteOS/LiteOS/targets/Cloud_FM33A0XX/GCC/../../../arch/arm/arm-m/src\los_hwi.c ****  * 2. Redistributions in binary form must reproduce the above copyright notice, this list
   9:e:/LiteOS/LiteOS/targets/Cloud_FM33A0XX/GCC/../../../arch/arm/arm-m/src\los_hwi.c ****  * of conditions and the following disclaimer in the documentation and/or other materials
  10:e:/LiteOS/LiteOS/targets/Cloud_FM33A0XX/GCC/../../../arch/arm/arm-m/src\los_hwi.c ****  * provided with the distribution.
  11:e:/LiteOS/LiteOS/targets/Cloud_FM33A0XX/GCC/../../../arch/arm/arm-m/src\los_hwi.c ****  * 3. Neither the name of the copyright holder nor the names of its contributors may be used
  12:e:/LiteOS/LiteOS/targets/Cloud_FM33A0XX/GCC/../../../arch/arm/arm-m/src\los_hwi.c ****  * to endorse or promote products derived from this software without specific prior written
  13:e:/LiteOS/LiteOS/targets/Cloud_FM33A0XX/GCC/../../../arch/arm/arm-m/src\los_hwi.c ****  * permission.
  14:e:/LiteOS/LiteOS/targets/Cloud_FM33A0XX/GCC/../../../arch/arm/arm-m/src\los_hwi.c ****  * THIS SOFTWARE IS PROVIDED BY THE COPYRIGHT HOLDERS AND CONTRIBUTORS
  15:e:/LiteOS/LiteOS/targets/Cloud_FM33A0XX/GCC/../../../arch/arm/arm-m/src\los_hwi.c ****  * "AS IS" AND ANY EXPRESS OR IMPLIED WARRANTIES, INCLUDING, BUT NOT LIMITED TO,
  16:e:/LiteOS/LiteOS/targets/Cloud_FM33A0XX/GCC/../../../arch/arm/arm-m/src\los_hwi.c ****  * THE IMPLIED WARRANTIES OF MERCHANTABILITY AND FITNESS FOR A PARTICULAR
  17:e:/LiteOS/LiteOS/targets/Cloud_FM33A0XX/GCC/../../../arch/arm/arm-m/src\los_hwi.c ****  * PURPOSE ARE DISCLAIMED. IN NO EVENT SHALL THE COPYRIGHT HOLDER OR
  18:e:/LiteOS/LiteOS/targets/Cloud_FM33A0XX/GCC/../../../arch/arm/arm-m/src\los_hwi.c ****  * CONTRIBUTORS BE LIABLE FOR ANY DIRECT, INDIRECT, INCIDENTAL, SPECIAL,
  19:e:/LiteOS/LiteOS/targets/Cloud_FM33A0XX/GCC/../../../arch/arm/arm-m/src\los_hwi.c ****  * EXEMPLARY, OR CONSEQUENTIAL DAMAGES (INCLUDING, BUT NOT LIMITED TO,
  20:e:/LiteOS/LiteOS/targets/Cloud_FM33A0XX/GCC/../../../arch/arm/arm-m/src\los_hwi.c ****  * PROCUREMENT OF SUBSTITUTE GOODS OR SERVICES; LOSS OF USE, DATA, OR PROFITS;
  21:e:/LiteOS/LiteOS/targets/Cloud_FM33A0XX/GCC/../../../arch/arm/arm-m/src\los_hwi.c ****  * OR BUSINESS INTERRUPTION) HOWEVER CAUSED AND ON ANY THEORY OF LIABILITY,
  22:e:/LiteOS/LiteOS/targets/Cloud_FM33A0XX/GCC/../../../arch/arm/arm-m/src\los_hwi.c ****  * WHETHER IN CONTRACT, STRICT LIABILITY, OR TORT (INCLUDING NEGLIGENCE OR
  23:e:/LiteOS/LiteOS/targets/Cloud_FM33A0XX/GCC/../../../arch/arm/arm-m/src\los_hwi.c ****  * OTHERWISE) ARISING IN ANY WAY OUT OF THE USE OF THIS SOFTWARE, EVEN IF
  24:e:/LiteOS/LiteOS/targets/Cloud_FM33A0XX/GCC/../../../arch/arm/arm-m/src\los_hwi.c ****  * ADVISED OF THE POSSIBILITY OF SUCH DAMAGE.
  25:e:/LiteOS/LiteOS/targets/Cloud_FM33A0XX/GCC/../../../arch/arm/arm-m/src\los_hwi.c ****  *---------------------------------------------------------------------------*/
  26:e:/LiteOS/LiteOS/targets/Cloud_FM33A0XX/GCC/../../../arch/arm/arm-m/src\los_hwi.c **** /*----------------------------------------------------------------------------
  27:e:/LiteOS/LiteOS/targets/Cloud_FM33A0XX/GCC/../../../arch/arm/arm-m/src\los_hwi.c ****  * Notice of Export Control Law
  28:e:/LiteOS/LiteOS/targets/Cloud_FM33A0XX/GCC/../../../arch/arm/arm-m/src\los_hwi.c ****  * ===============================================
  29:e:/LiteOS/LiteOS/targets/Cloud_FM33A0XX/GCC/../../../arch/arm/arm-m/src\los_hwi.c ****  * Huawei LiteOS may be subject to applicable export control laws and regulations, which might
  30:e:/LiteOS/LiteOS/targets/Cloud_FM33A0XX/GCC/../../../arch/arm/arm-m/src\los_hwi.c ****  * include those applicable to Huawei LiteOS of U.S. and the country in which you are located.
  31:e:/LiteOS/LiteOS/targets/Cloud_FM33A0XX/GCC/../../../arch/arm/arm-m/src\los_hwi.c ****  * Import, export and usage of Huawei LiteOS in any manner by you shall be in compliance with such
ARM GAS  C:\Users\WANGBI~1\AppData\Local\Temp\ccidOTMH.s 			page 2


  32:e:/LiteOS/LiteOS/targets/Cloud_FM33A0XX/GCC/../../../arch/arm/arm-m/src\los_hwi.c ****  * applicable export control laws and regulations.
  33:e:/LiteOS/LiteOS/targets/Cloud_FM33A0XX/GCC/../../../arch/arm/arm-m/src\los_hwi.c ****  *---------------------------------------------------------------------------*/
  34:e:/LiteOS/LiteOS/targets/Cloud_FM33A0XX/GCC/../../../arch/arm/arm-m/src\los_hwi.c **** 
  35:e:/LiteOS/LiteOS/targets/Cloud_FM33A0XX/GCC/../../../arch/arm/arm-m/src\los_hwi.c **** #include "los_hwi.h"
  36:e:/LiteOS/LiteOS/targets/Cloud_FM33A0XX/GCC/../../../arch/arm/arm-m/src\los_hwi.c **** #if (LOSCFG_KERNEL_TICKLESS == YES)
  37:e:/LiteOS/LiteOS/targets/Cloud_FM33A0XX/GCC/../../../arch/arm/arm-m/src\los_hwi.c **** #include "los_tickless.ph"
  38:e:/LiteOS/LiteOS/targets/Cloud_FM33A0XX/GCC/../../../arch/arm/arm-m/src\los_hwi.c **** #endif
  39:e:/LiteOS/LiteOS/targets/Cloud_FM33A0XX/GCC/../../../arch/arm/arm-m/src\los_hwi.c **** #if (LOSCFG_PLATFORM_HWI == NO)
  40:e:/LiteOS/LiteOS/targets/Cloud_FM33A0XX/GCC/../../../arch/arm/arm-m/src\los_hwi.c **** #include "los_tick.ph"
  41:e:/LiteOS/LiteOS/targets/Cloud_FM33A0XX/GCC/../../../arch/arm/arm-m/src\los_hwi.c **** #endif
  42:e:/LiteOS/LiteOS/targets/Cloud_FM33A0XX/GCC/../../../arch/arm/arm-m/src\los_hwi.c **** 
  43:e:/LiteOS/LiteOS/targets/Cloud_FM33A0XX/GCC/../../../arch/arm/arm-m/src\los_hwi.c **** #ifdef __cplusplus
  44:e:/LiteOS/LiteOS/targets/Cloud_FM33A0XX/GCC/../../../arch/arm/arm-m/src\los_hwi.c **** #if __cplusplus
  45:e:/LiteOS/LiteOS/targets/Cloud_FM33A0XX/GCC/../../../arch/arm/arm-m/src\los_hwi.c **** extern "C" {
  46:e:/LiteOS/LiteOS/targets/Cloud_FM33A0XX/GCC/../../../arch/arm/arm-m/src\los_hwi.c **** #endif /* __cplusplus */
  47:e:/LiteOS/LiteOS/targets/Cloud_FM33A0XX/GCC/../../../arch/arm/arm-m/src\los_hwi.c **** #endif /* __cplusplus */
  48:e:/LiteOS/LiteOS/targets/Cloud_FM33A0XX/GCC/../../../arch/arm/arm-m/src\los_hwi.c **** 
  49:e:/LiteOS/LiteOS/targets/Cloud_FM33A0XX/GCC/../../../arch/arm/arm-m/src\los_hwi.c **** #if (LOSCFG_PLATFORM_HWI == YES)
  50:e:/LiteOS/LiteOS/targets/Cloud_FM33A0XX/GCC/../../../arch/arm/arm-m/src\los_hwi.c **** 
  51:e:/LiteOS/LiteOS/targets/Cloud_FM33A0XX/GCC/../../../arch/arm/arm-m/src\los_hwi.c **** /*lint -save -e40 -e522 -e533*/
  52:e:/LiteOS/LiteOS/targets/Cloud_FM33A0XX/GCC/../../../arch/arm/arm-m/src\los_hwi.c **** 
  53:e:/LiteOS/LiteOS/targets/Cloud_FM33A0XX/GCC/../../../arch/arm/arm-m/src\los_hwi.c **** LITE_OS_SEC_DATA_INIT UINT32  g_vuwIntCount = 0;
  54:e:/LiteOS/LiteOS/targets/Cloud_FM33A0XX/GCC/../../../arch/arm/arm-m/src\los_hwi.c **** /*lint -restore*/
  55:e:/LiteOS/LiteOS/targets/Cloud_FM33A0XX/GCC/../../../arch/arm/arm-m/src\los_hwi.c **** #ifdef __ICCARM__
  56:e:/LiteOS/LiteOS/targets/Cloud_FM33A0XX/GCC/../../../arch/arm/arm-m/src\los_hwi.c **** #pragma  location = ".data.vector"
  57:e:/LiteOS/LiteOS/targets/Cloud_FM33A0XX/GCC/../../../arch/arm/arm-m/src\los_hwi.c **** #elif defined (__CC_ARM) || defined (__GNUC__)
  58:e:/LiteOS/LiteOS/targets/Cloud_FM33A0XX/GCC/../../../arch/arm/arm-m/src\los_hwi.c **** LITE_OS_SEC_VEC
  59:e:/LiteOS/LiteOS/targets/Cloud_FM33A0XX/GCC/../../../arch/arm/arm-m/src\los_hwi.c **** #endif
  60:e:/LiteOS/LiteOS/targets/Cloud_FM33A0XX/GCC/../../../arch/arm/arm-m/src\los_hwi.c **** 
  61:e:/LiteOS/LiteOS/targets/Cloud_FM33A0XX/GCC/../../../arch/arm/arm-m/src\los_hwi.c **** HWI_PROC_FUNC m_pstHwiForm[OS_VECTOR_CNT] =
  62:e:/LiteOS/LiteOS/targets/Cloud_FM33A0XX/GCC/../../../arch/arm/arm-m/src\los_hwi.c **** {
  63:e:/LiteOS/LiteOS/targets/Cloud_FM33A0XX/GCC/../../../arch/arm/arm-m/src\los_hwi.c ****     (HWI_PROC_FUNC)0,                    // [0] Top of Stack
  64:e:/LiteOS/LiteOS/targets/Cloud_FM33A0XX/GCC/../../../arch/arm/arm-m/src\los_hwi.c ****     (HWI_PROC_FUNC)Reset_Handler,        // [1] reset
  65:e:/LiteOS/LiteOS/targets/Cloud_FM33A0XX/GCC/../../../arch/arm/arm-m/src\los_hwi.c ****     (HWI_PROC_FUNC)osHwiDefaultHandler,  // [2] NMI Handler
  66:e:/LiteOS/LiteOS/targets/Cloud_FM33A0XX/GCC/../../../arch/arm/arm-m/src\los_hwi.c ****     (HWI_PROC_FUNC)osHwiDefaultHandler,  // [3] Hard Fault Handler
  67:e:/LiteOS/LiteOS/targets/Cloud_FM33A0XX/GCC/../../../arch/arm/arm-m/src\los_hwi.c ****     (HWI_PROC_FUNC)osHwiDefaultHandler,  // [4] MPU Fault Handler
  68:e:/LiteOS/LiteOS/targets/Cloud_FM33A0XX/GCC/../../../arch/arm/arm-m/src\los_hwi.c ****     (HWI_PROC_FUNC)osHwiDefaultHandler,  // [5] Bus Fault Handler
  69:e:/LiteOS/LiteOS/targets/Cloud_FM33A0XX/GCC/../../../arch/arm/arm-m/src\los_hwi.c ****     (HWI_PROC_FUNC)osHwiDefaultHandler,  // [6] Usage Fault Handler
  70:e:/LiteOS/LiteOS/targets/Cloud_FM33A0XX/GCC/../../../arch/arm/arm-m/src\los_hwi.c ****     (HWI_PROC_FUNC)0,                    // [7] Reserved
  71:e:/LiteOS/LiteOS/targets/Cloud_FM33A0XX/GCC/../../../arch/arm/arm-m/src\los_hwi.c ****     (HWI_PROC_FUNC)0,                    // [8] Reserved
  72:e:/LiteOS/LiteOS/targets/Cloud_FM33A0XX/GCC/../../../arch/arm/arm-m/src\los_hwi.c ****     (HWI_PROC_FUNC)0,                    // [9] Reserved
  73:e:/LiteOS/LiteOS/targets/Cloud_FM33A0XX/GCC/../../../arch/arm/arm-m/src\los_hwi.c ****     (HWI_PROC_FUNC)0,                    // [10] Reserved
  74:e:/LiteOS/LiteOS/targets/Cloud_FM33A0XX/GCC/../../../arch/arm/arm-m/src\los_hwi.c ****     (HWI_PROC_FUNC)osHwiDefaultHandler,  // [11] SVCall Handler
  75:e:/LiteOS/LiteOS/targets/Cloud_FM33A0XX/GCC/../../../arch/arm/arm-m/src\los_hwi.c ****     (HWI_PROC_FUNC)osHwiDefaultHandler,  // [12] Debug Monitor Handler
  76:e:/LiteOS/LiteOS/targets/Cloud_FM33A0XX/GCC/../../../arch/arm/arm-m/src\los_hwi.c ****     (HWI_PROC_FUNC)0,                    // [13] Reserved
  77:e:/LiteOS/LiteOS/targets/Cloud_FM33A0XX/GCC/../../../arch/arm/arm-m/src\los_hwi.c ****     (HWI_PROC_FUNC)osPendSV,             // [14] PendSV Handler
  78:e:/LiteOS/LiteOS/targets/Cloud_FM33A0XX/GCC/../../../arch/arm/arm-m/src\los_hwi.c ****     (HWI_PROC_FUNC)osHwiDefaultHandler,  // [15] SysTick Handler
  79:e:/LiteOS/LiteOS/targets/Cloud_FM33A0XX/GCC/../../../arch/arm/arm-m/src\los_hwi.c **** };
  80:e:/LiteOS/LiteOS/targets/Cloud_FM33A0XX/GCC/../../../arch/arm/arm-m/src\los_hwi.c **** #if (OS_HWI_WITH_ARG == YES)
  81:e:/LiteOS/LiteOS/targets/Cloud_FM33A0XX/GCC/../../../arch/arm/arm-m/src\los_hwi.c **** LITE_OS_SEC_DATA_INIT HWI_SLAVE_FUNC m_pstHwiSlaveForm[OS_VECTOR_CNT] = {{(HWI_PROC_FUNC)0,(HWI_ARG
  82:e:/LiteOS/LiteOS/targets/Cloud_FM33A0XX/GCC/../../../arch/arm/arm-m/src\los_hwi.c **** #else
  83:e:/LiteOS/LiteOS/targets/Cloud_FM33A0XX/GCC/../../../arch/arm/arm-m/src\los_hwi.c **** LITE_OS_SEC_DATA_INIT HWI_PROC_FUNC m_pstHwiSlaveForm[OS_VECTOR_CNT] = {0};
  84:e:/LiteOS/LiteOS/targets/Cloud_FM33A0XX/GCC/../../../arch/arm/arm-m/src\los_hwi.c **** #endif
  85:e:/LiteOS/LiteOS/targets/Cloud_FM33A0XX/GCC/../../../arch/arm/arm-m/src\los_hwi.c **** 
  86:e:/LiteOS/LiteOS/targets/Cloud_FM33A0XX/GCC/../../../arch/arm/arm-m/src\los_hwi.c **** #endif /*(LOSCFG_PLATFORM_HWI == YES)*/
  87:e:/LiteOS/LiteOS/targets/Cloud_FM33A0XX/GCC/../../../arch/arm/arm-m/src\los_hwi.c **** 
  88:e:/LiteOS/LiteOS/targets/Cloud_FM33A0XX/GCC/../../../arch/arm/arm-m/src\los_hwi.c **** /*****************************************************************************
ARM GAS  C:\Users\WANGBI~1\AppData\Local\Temp\ccidOTMH.s 			page 3


  89:e:/LiteOS/LiteOS/targets/Cloud_FM33A0XX/GCC/../../../arch/arm/arm-m/src\los_hwi.c ****  Function    : osIntNumGet
  90:e:/LiteOS/LiteOS/targets/Cloud_FM33A0XX/GCC/../../../arch/arm/arm-m/src\los_hwi.c ****  Description : Get a interrupt number
  91:e:/LiteOS/LiteOS/targets/Cloud_FM33A0XX/GCC/../../../arch/arm/arm-m/src\los_hwi.c ****  Input       : None
  92:e:/LiteOS/LiteOS/targets/Cloud_FM33A0XX/GCC/../../../arch/arm/arm-m/src\los_hwi.c ****  Output      : None
  93:e:/LiteOS/LiteOS/targets/Cloud_FM33A0XX/GCC/../../../arch/arm/arm-m/src\los_hwi.c ****  Return      : Interrupt Indexes number
  94:e:/LiteOS/LiteOS/targets/Cloud_FM33A0XX/GCC/../../../arch/arm/arm-m/src\los_hwi.c ****  *****************************************************************************/
  95:e:/LiteOS/LiteOS/targets/Cloud_FM33A0XX/GCC/../../../arch/arm/arm-m/src\los_hwi.c **** LITE_OS_SEC_TEXT_MINOR UINT32 osIntNumGet(VOID)
  96:e:/LiteOS/LiteOS/targets/Cloud_FM33A0XX/GCC/../../../arch/arm/arm-m/src\los_hwi.c **** {
  28              		.loc 1 96 0
  29              		.cfi_startproc
  30              		@ args = 0, pretend = 0, frame = 0
  31              		@ frame_needed = 0, uses_anonymous_args = 0
  32              		@ link register save eliminated.
  33              	.LBB4:
  34              	.LBB5:
  35              		.file 2 "e:\\liteos\\liteos\\targets\\cloud_fm33a0xx\\device\\include\\core_cmfunc.h"
   1:e:\liteos\liteos\targets\cloud_fm33a0xx\device\include\core_cmfunc.h **** /**************************************************************************//**
   2:e:\liteos\liteos\targets\cloud_fm33a0xx\device\include\core_cmfunc.h ****  * @file     core_cmFunc.h
   3:e:\liteos\liteos\targets\cloud_fm33a0xx\device\include\core_cmfunc.h ****  * @brief    CMSIS Cortex-M Core Function Access Header File
   4:e:\liteos\liteos\targets\cloud_fm33a0xx\device\include\core_cmfunc.h ****  * @version  V4.10
   5:e:\liteos\liteos\targets\cloud_fm33a0xx\device\include\core_cmfunc.h ****  * @date     18. March 2015
   6:e:\liteos\liteos\targets\cloud_fm33a0xx\device\include\core_cmfunc.h ****  *
   7:e:\liteos\liteos\targets\cloud_fm33a0xx\device\include\core_cmfunc.h ****  * @note
   8:e:\liteos\liteos\targets\cloud_fm33a0xx\device\include\core_cmfunc.h ****  *
   9:e:\liteos\liteos\targets\cloud_fm33a0xx\device\include\core_cmfunc.h ****  ******************************************************************************/
  10:e:\liteos\liteos\targets\cloud_fm33a0xx\device\include\core_cmfunc.h **** /* Copyright (c) 2009 - 2015 ARM LIMITED
  11:e:\liteos\liteos\targets\cloud_fm33a0xx\device\include\core_cmfunc.h **** 
  12:e:\liteos\liteos\targets\cloud_fm33a0xx\device\include\core_cmfunc.h ****    All rights reserved.
  13:e:\liteos\liteos\targets\cloud_fm33a0xx\device\include\core_cmfunc.h ****    Redistribution and use in source and binary forms, with or without
  14:e:\liteos\liteos\targets\cloud_fm33a0xx\device\include\core_cmfunc.h ****    modification, are permitted provided that the following conditions are met:
  15:e:\liteos\liteos\targets\cloud_fm33a0xx\device\include\core_cmfunc.h ****    - Redistributions of source code must retain the above copyright
  16:e:\liteos\liteos\targets\cloud_fm33a0xx\device\include\core_cmfunc.h ****      notice, this list of conditions and the following disclaimer.
  17:e:\liteos\liteos\targets\cloud_fm33a0xx\device\include\core_cmfunc.h ****    - Redistributions in binary form must reproduce the above copyright
  18:e:\liteos\liteos\targets\cloud_fm33a0xx\device\include\core_cmfunc.h ****      notice, this list of conditions and the following disclaimer in the
  19:e:\liteos\liteos\targets\cloud_fm33a0xx\device\include\core_cmfunc.h ****      documentation and/or other materials provided with the distribution.
  20:e:\liteos\liteos\targets\cloud_fm33a0xx\device\include\core_cmfunc.h ****    - Neither the name of ARM nor the names of its contributors may be used
  21:e:\liteos\liteos\targets\cloud_fm33a0xx\device\include\core_cmfunc.h ****      to endorse or promote products derived from this software without
  22:e:\liteos\liteos\targets\cloud_fm33a0xx\device\include\core_cmfunc.h ****      specific prior written permission.
  23:e:\liteos\liteos\targets\cloud_fm33a0xx\device\include\core_cmfunc.h ****    *
  24:e:\liteos\liteos\targets\cloud_fm33a0xx\device\include\core_cmfunc.h ****    THIS SOFTWARE IS PROVIDED BY THE COPYRIGHT HOLDERS AND CONTRIBUTORS "AS IS"
  25:e:\liteos\liteos\targets\cloud_fm33a0xx\device\include\core_cmfunc.h ****    AND ANY EXPRESS OR IMPLIED WARRANTIES, INCLUDING, BUT NOT LIMITED TO, THE
  26:e:\liteos\liteos\targets\cloud_fm33a0xx\device\include\core_cmfunc.h ****    IMPLIED WARRANTIES OF MERCHANTABILITY AND FITNESS FOR A PARTICULAR PURPOSE
  27:e:\liteos\liteos\targets\cloud_fm33a0xx\device\include\core_cmfunc.h ****    ARE DISCLAIMED. IN NO EVENT SHALL COPYRIGHT HOLDERS AND CONTRIBUTORS BE
  28:e:\liteos\liteos\targets\cloud_fm33a0xx\device\include\core_cmfunc.h ****    LIABLE FOR ANY DIRECT, INDIRECT, INCIDENTAL, SPECIAL, EXEMPLARY, OR
  29:e:\liteos\liteos\targets\cloud_fm33a0xx\device\include\core_cmfunc.h ****    CONSEQUENTIAL DAMAGES (INCLUDING, BUT NOT LIMITED TO, PROCUREMENT OF
  30:e:\liteos\liteos\targets\cloud_fm33a0xx\device\include\core_cmfunc.h ****    SUBSTITUTE GOODS OR SERVICES; LOSS OF USE, DATA, OR PROFITS; OR BUSINESS
  31:e:\liteos\liteos\targets\cloud_fm33a0xx\device\include\core_cmfunc.h ****    INTERRUPTION) HOWEVER CAUSED AND ON ANY THEORY OF LIABILITY, WHETHER IN
  32:e:\liteos\liteos\targets\cloud_fm33a0xx\device\include\core_cmfunc.h ****    CONTRACT, STRICT LIABILITY, OR TORT (INCLUDING NEGLIGENCE OR OTHERWISE)
  33:e:\liteos\liteos\targets\cloud_fm33a0xx\device\include\core_cmfunc.h ****    ARISING IN ANY WAY OUT OF THE USE OF THIS SOFTWARE, EVEN IF ADVISED OF THE
  34:e:\liteos\liteos\targets\cloud_fm33a0xx\device\include\core_cmfunc.h ****    POSSIBILITY OF SUCH DAMAGE.
  35:e:\liteos\liteos\targets\cloud_fm33a0xx\device\include\core_cmfunc.h ****    ---------------------------------------------------------------------------*/
  36:e:\liteos\liteos\targets\cloud_fm33a0xx\device\include\core_cmfunc.h **** 
  37:e:\liteos\liteos\targets\cloud_fm33a0xx\device\include\core_cmfunc.h **** 
  38:e:\liteos\liteos\targets\cloud_fm33a0xx\device\include\core_cmfunc.h **** #ifndef __CORE_CMFUNC_H
  39:e:\liteos\liteos\targets\cloud_fm33a0xx\device\include\core_cmfunc.h **** #define __CORE_CMFUNC_H
  40:e:\liteos\liteos\targets\cloud_fm33a0xx\device\include\core_cmfunc.h **** 
  41:e:\liteos\liteos\targets\cloud_fm33a0xx\device\include\core_cmfunc.h **** 
ARM GAS  C:\Users\WANGBI~1\AppData\Local\Temp\ccidOTMH.s 			page 4


  42:e:\liteos\liteos\targets\cloud_fm33a0xx\device\include\core_cmfunc.h **** /* ###########################  Core Function Access  ########################### */
  43:e:\liteos\liteos\targets\cloud_fm33a0xx\device\include\core_cmfunc.h **** /** \ingroup  CMSIS_Core_FunctionInterface
  44:e:\liteos\liteos\targets\cloud_fm33a0xx\device\include\core_cmfunc.h ****     \defgroup CMSIS_Core_RegAccFunctions CMSIS Core Register Access Functions
  45:e:\liteos\liteos\targets\cloud_fm33a0xx\device\include\core_cmfunc.h ****   @{
  46:e:\liteos\liteos\targets\cloud_fm33a0xx\device\include\core_cmfunc.h ****  */
  47:e:\liteos\liteos\targets\cloud_fm33a0xx\device\include\core_cmfunc.h **** 
  48:e:\liteos\liteos\targets\cloud_fm33a0xx\device\include\core_cmfunc.h **** #if   defined ( __CC_ARM ) /*------------------RealView Compiler -----------------*/
  49:e:\liteos\liteos\targets\cloud_fm33a0xx\device\include\core_cmfunc.h **** /* ARM armcc specific functions */
  50:e:\liteos\liteos\targets\cloud_fm33a0xx\device\include\core_cmfunc.h **** 
  51:e:\liteos\liteos\targets\cloud_fm33a0xx\device\include\core_cmfunc.h **** #if (__ARMCC_VERSION < 400677)
  52:e:\liteos\liteos\targets\cloud_fm33a0xx\device\include\core_cmfunc.h ****   #error "Please use ARM Compiler Toolchain V4.0.677 or later!"
  53:e:\liteos\liteos\targets\cloud_fm33a0xx\device\include\core_cmfunc.h **** #endif
  54:e:\liteos\liteos\targets\cloud_fm33a0xx\device\include\core_cmfunc.h **** 
  55:e:\liteos\liteos\targets\cloud_fm33a0xx\device\include\core_cmfunc.h **** /* intrinsic void __enable_irq();     */
  56:e:\liteos\liteos\targets\cloud_fm33a0xx\device\include\core_cmfunc.h **** /* intrinsic void __disable_irq();    */
  57:e:\liteos\liteos\targets\cloud_fm33a0xx\device\include\core_cmfunc.h **** 
  58:e:\liteos\liteos\targets\cloud_fm33a0xx\device\include\core_cmfunc.h **** /** \brief  Get Control Register
  59:e:\liteos\liteos\targets\cloud_fm33a0xx\device\include\core_cmfunc.h **** 
  60:e:\liteos\liteos\targets\cloud_fm33a0xx\device\include\core_cmfunc.h ****     This function returns the content of the Control Register.
  61:e:\liteos\liteos\targets\cloud_fm33a0xx\device\include\core_cmfunc.h **** 
  62:e:\liteos\liteos\targets\cloud_fm33a0xx\device\include\core_cmfunc.h ****     \return               Control Register value
  63:e:\liteos\liteos\targets\cloud_fm33a0xx\device\include\core_cmfunc.h ****  */
  64:e:\liteos\liteos\targets\cloud_fm33a0xx\device\include\core_cmfunc.h **** __STATIC_INLINE uint32_t __get_CONTROL(void)
  65:e:\liteos\liteos\targets\cloud_fm33a0xx\device\include\core_cmfunc.h **** {
  66:e:\liteos\liteos\targets\cloud_fm33a0xx\device\include\core_cmfunc.h ****   register uint32_t __regControl         __ASM("control");
  67:e:\liteos\liteos\targets\cloud_fm33a0xx\device\include\core_cmfunc.h ****   return(__regControl);
  68:e:\liteos\liteos\targets\cloud_fm33a0xx\device\include\core_cmfunc.h **** }
  69:e:\liteos\liteos\targets\cloud_fm33a0xx\device\include\core_cmfunc.h **** 
  70:e:\liteos\liteos\targets\cloud_fm33a0xx\device\include\core_cmfunc.h **** 
  71:e:\liteos\liteos\targets\cloud_fm33a0xx\device\include\core_cmfunc.h **** /** \brief  Set Control Register
  72:e:\liteos\liteos\targets\cloud_fm33a0xx\device\include\core_cmfunc.h **** 
  73:e:\liteos\liteos\targets\cloud_fm33a0xx\device\include\core_cmfunc.h ****     This function writes the given value to the Control Register.
  74:e:\liteos\liteos\targets\cloud_fm33a0xx\device\include\core_cmfunc.h **** 
  75:e:\liteos\liteos\targets\cloud_fm33a0xx\device\include\core_cmfunc.h ****     \param [in]    control  Control Register value to set
  76:e:\liteos\liteos\targets\cloud_fm33a0xx\device\include\core_cmfunc.h ****  */
  77:e:\liteos\liteos\targets\cloud_fm33a0xx\device\include\core_cmfunc.h **** __STATIC_INLINE void __set_CONTROL(uint32_t control)
  78:e:\liteos\liteos\targets\cloud_fm33a0xx\device\include\core_cmfunc.h **** {
  79:e:\liteos\liteos\targets\cloud_fm33a0xx\device\include\core_cmfunc.h ****   register uint32_t __regControl         __ASM("control");
  80:e:\liteos\liteos\targets\cloud_fm33a0xx\device\include\core_cmfunc.h ****   __regControl = control;
  81:e:\liteos\liteos\targets\cloud_fm33a0xx\device\include\core_cmfunc.h **** }
  82:e:\liteos\liteos\targets\cloud_fm33a0xx\device\include\core_cmfunc.h **** 
  83:e:\liteos\liteos\targets\cloud_fm33a0xx\device\include\core_cmfunc.h **** 
  84:e:\liteos\liteos\targets\cloud_fm33a0xx\device\include\core_cmfunc.h **** /** \brief  Get IPSR Register
  85:e:\liteos\liteos\targets\cloud_fm33a0xx\device\include\core_cmfunc.h **** 
  86:e:\liteos\liteos\targets\cloud_fm33a0xx\device\include\core_cmfunc.h ****     This function returns the content of the IPSR Register.
  87:e:\liteos\liteos\targets\cloud_fm33a0xx\device\include\core_cmfunc.h **** 
  88:e:\liteos\liteos\targets\cloud_fm33a0xx\device\include\core_cmfunc.h ****     \return               IPSR Register value
  89:e:\liteos\liteos\targets\cloud_fm33a0xx\device\include\core_cmfunc.h ****  */
  90:e:\liteos\liteos\targets\cloud_fm33a0xx\device\include\core_cmfunc.h **** __STATIC_INLINE uint32_t __get_IPSR(void)
  91:e:\liteos\liteos\targets\cloud_fm33a0xx\device\include\core_cmfunc.h **** {
  92:e:\liteos\liteos\targets\cloud_fm33a0xx\device\include\core_cmfunc.h ****   register uint32_t __regIPSR          __ASM("ipsr");
  93:e:\liteos\liteos\targets\cloud_fm33a0xx\device\include\core_cmfunc.h ****   return(__regIPSR);
  94:e:\liteos\liteos\targets\cloud_fm33a0xx\device\include\core_cmfunc.h **** }
  95:e:\liteos\liteos\targets\cloud_fm33a0xx\device\include\core_cmfunc.h **** 
  96:e:\liteos\liteos\targets\cloud_fm33a0xx\device\include\core_cmfunc.h **** 
  97:e:\liteos\liteos\targets\cloud_fm33a0xx\device\include\core_cmfunc.h **** /** \brief  Get APSR Register
  98:e:\liteos\liteos\targets\cloud_fm33a0xx\device\include\core_cmfunc.h **** 
ARM GAS  C:\Users\WANGBI~1\AppData\Local\Temp\ccidOTMH.s 			page 5


  99:e:\liteos\liteos\targets\cloud_fm33a0xx\device\include\core_cmfunc.h ****     This function returns the content of the APSR Register.
 100:e:\liteos\liteos\targets\cloud_fm33a0xx\device\include\core_cmfunc.h **** 
 101:e:\liteos\liteos\targets\cloud_fm33a0xx\device\include\core_cmfunc.h ****     \return               APSR Register value
 102:e:\liteos\liteos\targets\cloud_fm33a0xx\device\include\core_cmfunc.h ****  */
 103:e:\liteos\liteos\targets\cloud_fm33a0xx\device\include\core_cmfunc.h **** __STATIC_INLINE uint32_t __get_APSR(void)
 104:e:\liteos\liteos\targets\cloud_fm33a0xx\device\include\core_cmfunc.h **** {
 105:e:\liteos\liteos\targets\cloud_fm33a0xx\device\include\core_cmfunc.h ****   register uint32_t __regAPSR          __ASM("apsr");
 106:e:\liteos\liteos\targets\cloud_fm33a0xx\device\include\core_cmfunc.h ****   return(__regAPSR);
 107:e:\liteos\liteos\targets\cloud_fm33a0xx\device\include\core_cmfunc.h **** }
 108:e:\liteos\liteos\targets\cloud_fm33a0xx\device\include\core_cmfunc.h **** 
 109:e:\liteos\liteos\targets\cloud_fm33a0xx\device\include\core_cmfunc.h **** 
 110:e:\liteos\liteos\targets\cloud_fm33a0xx\device\include\core_cmfunc.h **** /** \brief  Get xPSR Register
 111:e:\liteos\liteos\targets\cloud_fm33a0xx\device\include\core_cmfunc.h **** 
 112:e:\liteos\liteos\targets\cloud_fm33a0xx\device\include\core_cmfunc.h ****     This function returns the content of the xPSR Register.
 113:e:\liteos\liteos\targets\cloud_fm33a0xx\device\include\core_cmfunc.h **** 
 114:e:\liteos\liteos\targets\cloud_fm33a0xx\device\include\core_cmfunc.h ****     \return               xPSR Register value
 115:e:\liteos\liteos\targets\cloud_fm33a0xx\device\include\core_cmfunc.h ****  */
 116:e:\liteos\liteos\targets\cloud_fm33a0xx\device\include\core_cmfunc.h **** __STATIC_INLINE uint32_t __get_xPSR(void)
 117:e:\liteos\liteos\targets\cloud_fm33a0xx\device\include\core_cmfunc.h **** {
 118:e:\liteos\liteos\targets\cloud_fm33a0xx\device\include\core_cmfunc.h ****   register uint32_t __regXPSR          __ASM("xpsr");
 119:e:\liteos\liteos\targets\cloud_fm33a0xx\device\include\core_cmfunc.h ****   return(__regXPSR);
 120:e:\liteos\liteos\targets\cloud_fm33a0xx\device\include\core_cmfunc.h **** }
 121:e:\liteos\liteos\targets\cloud_fm33a0xx\device\include\core_cmfunc.h **** 
 122:e:\liteos\liteos\targets\cloud_fm33a0xx\device\include\core_cmfunc.h **** 
 123:e:\liteos\liteos\targets\cloud_fm33a0xx\device\include\core_cmfunc.h **** /** \brief  Get Process Stack Pointer
 124:e:\liteos\liteos\targets\cloud_fm33a0xx\device\include\core_cmfunc.h **** 
 125:e:\liteos\liteos\targets\cloud_fm33a0xx\device\include\core_cmfunc.h ****     This function returns the current value of the Process Stack Pointer (PSP).
 126:e:\liteos\liteos\targets\cloud_fm33a0xx\device\include\core_cmfunc.h **** 
 127:e:\liteos\liteos\targets\cloud_fm33a0xx\device\include\core_cmfunc.h ****     \return               PSP Register value
 128:e:\liteos\liteos\targets\cloud_fm33a0xx\device\include\core_cmfunc.h ****  */
 129:e:\liteos\liteos\targets\cloud_fm33a0xx\device\include\core_cmfunc.h **** __STATIC_INLINE uint32_t __get_PSP(void)
 130:e:\liteos\liteos\targets\cloud_fm33a0xx\device\include\core_cmfunc.h **** {
 131:e:\liteos\liteos\targets\cloud_fm33a0xx\device\include\core_cmfunc.h ****   register uint32_t __regProcessStackPointer  __ASM("psp");
 132:e:\liteos\liteos\targets\cloud_fm33a0xx\device\include\core_cmfunc.h ****   return(__regProcessStackPointer);
 133:e:\liteos\liteos\targets\cloud_fm33a0xx\device\include\core_cmfunc.h **** }
 134:e:\liteos\liteos\targets\cloud_fm33a0xx\device\include\core_cmfunc.h **** 
 135:e:\liteos\liteos\targets\cloud_fm33a0xx\device\include\core_cmfunc.h **** 
 136:e:\liteos\liteos\targets\cloud_fm33a0xx\device\include\core_cmfunc.h **** /** \brief  Set Process Stack Pointer
 137:e:\liteos\liteos\targets\cloud_fm33a0xx\device\include\core_cmfunc.h **** 
 138:e:\liteos\liteos\targets\cloud_fm33a0xx\device\include\core_cmfunc.h ****     This function assigns the given value to the Process Stack Pointer (PSP).
 139:e:\liteos\liteos\targets\cloud_fm33a0xx\device\include\core_cmfunc.h **** 
 140:e:\liteos\liteos\targets\cloud_fm33a0xx\device\include\core_cmfunc.h ****     \param [in]    topOfProcStack  Process Stack Pointer value to set
 141:e:\liteos\liteos\targets\cloud_fm33a0xx\device\include\core_cmfunc.h ****  */
 142:e:\liteos\liteos\targets\cloud_fm33a0xx\device\include\core_cmfunc.h **** __STATIC_INLINE void __set_PSP(uint32_t topOfProcStack)
 143:e:\liteos\liteos\targets\cloud_fm33a0xx\device\include\core_cmfunc.h **** {
 144:e:\liteos\liteos\targets\cloud_fm33a0xx\device\include\core_cmfunc.h ****   register uint32_t __regProcessStackPointer  __ASM("psp");
 145:e:\liteos\liteos\targets\cloud_fm33a0xx\device\include\core_cmfunc.h ****   __regProcessStackPointer = topOfProcStack;
 146:e:\liteos\liteos\targets\cloud_fm33a0xx\device\include\core_cmfunc.h **** }
 147:e:\liteos\liteos\targets\cloud_fm33a0xx\device\include\core_cmfunc.h **** 
 148:e:\liteos\liteos\targets\cloud_fm33a0xx\device\include\core_cmfunc.h **** 
 149:e:\liteos\liteos\targets\cloud_fm33a0xx\device\include\core_cmfunc.h **** /** \brief  Get Main Stack Pointer
 150:e:\liteos\liteos\targets\cloud_fm33a0xx\device\include\core_cmfunc.h **** 
 151:e:\liteos\liteos\targets\cloud_fm33a0xx\device\include\core_cmfunc.h ****     This function returns the current value of the Main Stack Pointer (MSP).
 152:e:\liteos\liteos\targets\cloud_fm33a0xx\device\include\core_cmfunc.h **** 
 153:e:\liteos\liteos\targets\cloud_fm33a0xx\device\include\core_cmfunc.h ****     \return               MSP Register value
 154:e:\liteos\liteos\targets\cloud_fm33a0xx\device\include\core_cmfunc.h ****  */
 155:e:\liteos\liteos\targets\cloud_fm33a0xx\device\include\core_cmfunc.h **** __STATIC_INLINE uint32_t __get_MSP(void)
ARM GAS  C:\Users\WANGBI~1\AppData\Local\Temp\ccidOTMH.s 			page 6


 156:e:\liteos\liteos\targets\cloud_fm33a0xx\device\include\core_cmfunc.h **** {
 157:e:\liteos\liteos\targets\cloud_fm33a0xx\device\include\core_cmfunc.h ****   register uint32_t __regMainStackPointer     __ASM("msp");
 158:e:\liteos\liteos\targets\cloud_fm33a0xx\device\include\core_cmfunc.h ****   return(__regMainStackPointer);
 159:e:\liteos\liteos\targets\cloud_fm33a0xx\device\include\core_cmfunc.h **** }
 160:e:\liteos\liteos\targets\cloud_fm33a0xx\device\include\core_cmfunc.h **** 
 161:e:\liteos\liteos\targets\cloud_fm33a0xx\device\include\core_cmfunc.h **** 
 162:e:\liteos\liteos\targets\cloud_fm33a0xx\device\include\core_cmfunc.h **** /** \brief  Set Main Stack Pointer
 163:e:\liteos\liteos\targets\cloud_fm33a0xx\device\include\core_cmfunc.h **** 
 164:e:\liteos\liteos\targets\cloud_fm33a0xx\device\include\core_cmfunc.h ****     This function assigns the given value to the Main Stack Pointer (MSP).
 165:e:\liteos\liteos\targets\cloud_fm33a0xx\device\include\core_cmfunc.h **** 
 166:e:\liteos\liteos\targets\cloud_fm33a0xx\device\include\core_cmfunc.h ****     \param [in]    topOfMainStack  Main Stack Pointer value to set
 167:e:\liteos\liteos\targets\cloud_fm33a0xx\device\include\core_cmfunc.h ****  */
 168:e:\liteos\liteos\targets\cloud_fm33a0xx\device\include\core_cmfunc.h **** __STATIC_INLINE void __set_MSP(uint32_t topOfMainStack)
 169:e:\liteos\liteos\targets\cloud_fm33a0xx\device\include\core_cmfunc.h **** {
 170:e:\liteos\liteos\targets\cloud_fm33a0xx\device\include\core_cmfunc.h ****   register uint32_t __regMainStackPointer     __ASM("msp");
 171:e:\liteos\liteos\targets\cloud_fm33a0xx\device\include\core_cmfunc.h ****   __regMainStackPointer = topOfMainStack;
 172:e:\liteos\liteos\targets\cloud_fm33a0xx\device\include\core_cmfunc.h **** }
 173:e:\liteos\liteos\targets\cloud_fm33a0xx\device\include\core_cmfunc.h **** 
 174:e:\liteos\liteos\targets\cloud_fm33a0xx\device\include\core_cmfunc.h **** 
 175:e:\liteos\liteos\targets\cloud_fm33a0xx\device\include\core_cmfunc.h **** /** \brief  Get Priority Mask
 176:e:\liteos\liteos\targets\cloud_fm33a0xx\device\include\core_cmfunc.h **** 
 177:e:\liteos\liteos\targets\cloud_fm33a0xx\device\include\core_cmfunc.h ****     This function returns the current state of the priority mask bit from the Priority Mask Registe
 178:e:\liteos\liteos\targets\cloud_fm33a0xx\device\include\core_cmfunc.h **** 
 179:e:\liteos\liteos\targets\cloud_fm33a0xx\device\include\core_cmfunc.h ****     \return               Priority Mask value
 180:e:\liteos\liteos\targets\cloud_fm33a0xx\device\include\core_cmfunc.h ****  */
 181:e:\liteos\liteos\targets\cloud_fm33a0xx\device\include\core_cmfunc.h **** __STATIC_INLINE uint32_t __get_PRIMASK(void)
 182:e:\liteos\liteos\targets\cloud_fm33a0xx\device\include\core_cmfunc.h **** {
 183:e:\liteos\liteos\targets\cloud_fm33a0xx\device\include\core_cmfunc.h ****   register uint32_t __regPriMask         __ASM("primask");
 184:e:\liteos\liteos\targets\cloud_fm33a0xx\device\include\core_cmfunc.h ****   return(__regPriMask);
 185:e:\liteos\liteos\targets\cloud_fm33a0xx\device\include\core_cmfunc.h **** }
 186:e:\liteos\liteos\targets\cloud_fm33a0xx\device\include\core_cmfunc.h **** 
 187:e:\liteos\liteos\targets\cloud_fm33a0xx\device\include\core_cmfunc.h **** 
 188:e:\liteos\liteos\targets\cloud_fm33a0xx\device\include\core_cmfunc.h **** /** \brief  Set Priority Mask
 189:e:\liteos\liteos\targets\cloud_fm33a0xx\device\include\core_cmfunc.h **** 
 190:e:\liteos\liteos\targets\cloud_fm33a0xx\device\include\core_cmfunc.h ****     This function assigns the given value to the Priority Mask Register.
 191:e:\liteos\liteos\targets\cloud_fm33a0xx\device\include\core_cmfunc.h **** 
 192:e:\liteos\liteos\targets\cloud_fm33a0xx\device\include\core_cmfunc.h ****     \param [in]    priMask  Priority Mask
 193:e:\liteos\liteos\targets\cloud_fm33a0xx\device\include\core_cmfunc.h ****  */
 194:e:\liteos\liteos\targets\cloud_fm33a0xx\device\include\core_cmfunc.h **** __STATIC_INLINE void __set_PRIMASK(uint32_t priMask)
 195:e:\liteos\liteos\targets\cloud_fm33a0xx\device\include\core_cmfunc.h **** {
 196:e:\liteos\liteos\targets\cloud_fm33a0xx\device\include\core_cmfunc.h ****   register uint32_t __regPriMask         __ASM("primask");
 197:e:\liteos\liteos\targets\cloud_fm33a0xx\device\include\core_cmfunc.h ****   __regPriMask = (priMask);
 198:e:\liteos\liteos\targets\cloud_fm33a0xx\device\include\core_cmfunc.h **** }
 199:e:\liteos\liteos\targets\cloud_fm33a0xx\device\include\core_cmfunc.h **** 
 200:e:\liteos\liteos\targets\cloud_fm33a0xx\device\include\core_cmfunc.h **** 
 201:e:\liteos\liteos\targets\cloud_fm33a0xx\device\include\core_cmfunc.h **** #if       (__CORTEX_M >= 0x03) || (__CORTEX_SC >= 300)
 202:e:\liteos\liteos\targets\cloud_fm33a0xx\device\include\core_cmfunc.h **** 
 203:e:\liteos\liteos\targets\cloud_fm33a0xx\device\include\core_cmfunc.h **** /** \brief  Enable FIQ
 204:e:\liteos\liteos\targets\cloud_fm33a0xx\device\include\core_cmfunc.h **** 
 205:e:\liteos\liteos\targets\cloud_fm33a0xx\device\include\core_cmfunc.h ****     This function enables FIQ interrupts by clearing the F-bit in the CPSR.
 206:e:\liteos\liteos\targets\cloud_fm33a0xx\device\include\core_cmfunc.h ****     Can only be executed in Privileged modes.
 207:e:\liteos\liteos\targets\cloud_fm33a0xx\device\include\core_cmfunc.h ****  */
 208:e:\liteos\liteos\targets\cloud_fm33a0xx\device\include\core_cmfunc.h **** #define __enable_fault_irq                __enable_fiq
 209:e:\liteos\liteos\targets\cloud_fm33a0xx\device\include\core_cmfunc.h **** 
 210:e:\liteos\liteos\targets\cloud_fm33a0xx\device\include\core_cmfunc.h **** 
 211:e:\liteos\liteos\targets\cloud_fm33a0xx\device\include\core_cmfunc.h **** /** \brief  Disable FIQ
 212:e:\liteos\liteos\targets\cloud_fm33a0xx\device\include\core_cmfunc.h **** 
ARM GAS  C:\Users\WANGBI~1\AppData\Local\Temp\ccidOTMH.s 			page 7


 213:e:\liteos\liteos\targets\cloud_fm33a0xx\device\include\core_cmfunc.h ****     This function disables FIQ interrupts by setting the F-bit in the CPSR.
 214:e:\liteos\liteos\targets\cloud_fm33a0xx\device\include\core_cmfunc.h ****     Can only be executed in Privileged modes.
 215:e:\liteos\liteos\targets\cloud_fm33a0xx\device\include\core_cmfunc.h ****  */
 216:e:\liteos\liteos\targets\cloud_fm33a0xx\device\include\core_cmfunc.h **** #define __disable_fault_irq               __disable_fiq
 217:e:\liteos\liteos\targets\cloud_fm33a0xx\device\include\core_cmfunc.h **** 
 218:e:\liteos\liteos\targets\cloud_fm33a0xx\device\include\core_cmfunc.h **** 
 219:e:\liteos\liteos\targets\cloud_fm33a0xx\device\include\core_cmfunc.h **** /** \brief  Get Base Priority
 220:e:\liteos\liteos\targets\cloud_fm33a0xx\device\include\core_cmfunc.h **** 
 221:e:\liteos\liteos\targets\cloud_fm33a0xx\device\include\core_cmfunc.h ****     This function returns the current value of the Base Priority register.
 222:e:\liteos\liteos\targets\cloud_fm33a0xx\device\include\core_cmfunc.h **** 
 223:e:\liteos\liteos\targets\cloud_fm33a0xx\device\include\core_cmfunc.h ****     \return               Base Priority register value
 224:e:\liteos\liteos\targets\cloud_fm33a0xx\device\include\core_cmfunc.h ****  */
 225:e:\liteos\liteos\targets\cloud_fm33a0xx\device\include\core_cmfunc.h **** __STATIC_INLINE uint32_t  __get_BASEPRI(void)
 226:e:\liteos\liteos\targets\cloud_fm33a0xx\device\include\core_cmfunc.h **** {
 227:e:\liteos\liteos\targets\cloud_fm33a0xx\device\include\core_cmfunc.h ****   register uint32_t __regBasePri         __ASM("basepri");
 228:e:\liteos\liteos\targets\cloud_fm33a0xx\device\include\core_cmfunc.h ****   return(__regBasePri);
 229:e:\liteos\liteos\targets\cloud_fm33a0xx\device\include\core_cmfunc.h **** }
 230:e:\liteos\liteos\targets\cloud_fm33a0xx\device\include\core_cmfunc.h **** 
 231:e:\liteos\liteos\targets\cloud_fm33a0xx\device\include\core_cmfunc.h **** 
 232:e:\liteos\liteos\targets\cloud_fm33a0xx\device\include\core_cmfunc.h **** /** \brief  Set Base Priority
 233:e:\liteos\liteos\targets\cloud_fm33a0xx\device\include\core_cmfunc.h **** 
 234:e:\liteos\liteos\targets\cloud_fm33a0xx\device\include\core_cmfunc.h ****     This function assigns the given value to the Base Priority register.
 235:e:\liteos\liteos\targets\cloud_fm33a0xx\device\include\core_cmfunc.h **** 
 236:e:\liteos\liteos\targets\cloud_fm33a0xx\device\include\core_cmfunc.h ****     \param [in]    basePri  Base Priority value to set
 237:e:\liteos\liteos\targets\cloud_fm33a0xx\device\include\core_cmfunc.h ****  */
 238:e:\liteos\liteos\targets\cloud_fm33a0xx\device\include\core_cmfunc.h **** __STATIC_INLINE void __set_BASEPRI(uint32_t basePri)
 239:e:\liteos\liteos\targets\cloud_fm33a0xx\device\include\core_cmfunc.h **** {
 240:e:\liteos\liteos\targets\cloud_fm33a0xx\device\include\core_cmfunc.h ****   register uint32_t __regBasePri         __ASM("basepri");
 241:e:\liteos\liteos\targets\cloud_fm33a0xx\device\include\core_cmfunc.h ****   __regBasePri = (basePri & 0xff);
 242:e:\liteos\liteos\targets\cloud_fm33a0xx\device\include\core_cmfunc.h **** }
 243:e:\liteos\liteos\targets\cloud_fm33a0xx\device\include\core_cmfunc.h **** 
 244:e:\liteos\liteos\targets\cloud_fm33a0xx\device\include\core_cmfunc.h **** 
 245:e:\liteos\liteos\targets\cloud_fm33a0xx\device\include\core_cmfunc.h **** /** \brief  Set Base Priority with condition
 246:e:\liteos\liteos\targets\cloud_fm33a0xx\device\include\core_cmfunc.h **** 
 247:e:\liteos\liteos\targets\cloud_fm33a0xx\device\include\core_cmfunc.h ****     This function assigns the given value to the Base Priority register only if BASEPRI masking is 
 248:e:\liteos\liteos\targets\cloud_fm33a0xx\device\include\core_cmfunc.h ****     or the new value increases the BASEPRI priority level.
 249:e:\liteos\liteos\targets\cloud_fm33a0xx\device\include\core_cmfunc.h **** 
 250:e:\liteos\liteos\targets\cloud_fm33a0xx\device\include\core_cmfunc.h ****     \param [in]    basePri  Base Priority value to set
 251:e:\liteos\liteos\targets\cloud_fm33a0xx\device\include\core_cmfunc.h ****  */
 252:e:\liteos\liteos\targets\cloud_fm33a0xx\device\include\core_cmfunc.h **** __STATIC_INLINE void __set_BASEPRI_MAX(uint32_t basePri)
 253:e:\liteos\liteos\targets\cloud_fm33a0xx\device\include\core_cmfunc.h **** {
 254:e:\liteos\liteos\targets\cloud_fm33a0xx\device\include\core_cmfunc.h ****   register uint32_t __regBasePriMax      __ASM("basepri_max");
 255:e:\liteos\liteos\targets\cloud_fm33a0xx\device\include\core_cmfunc.h ****   __regBasePriMax = (basePri & 0xff);
 256:e:\liteos\liteos\targets\cloud_fm33a0xx\device\include\core_cmfunc.h **** }
 257:e:\liteos\liteos\targets\cloud_fm33a0xx\device\include\core_cmfunc.h **** 
 258:e:\liteos\liteos\targets\cloud_fm33a0xx\device\include\core_cmfunc.h **** 
 259:e:\liteos\liteos\targets\cloud_fm33a0xx\device\include\core_cmfunc.h **** /** \brief  Get Fault Mask
 260:e:\liteos\liteos\targets\cloud_fm33a0xx\device\include\core_cmfunc.h **** 
 261:e:\liteos\liteos\targets\cloud_fm33a0xx\device\include\core_cmfunc.h ****     This function returns the current value of the Fault Mask register.
 262:e:\liteos\liteos\targets\cloud_fm33a0xx\device\include\core_cmfunc.h **** 
 263:e:\liteos\liteos\targets\cloud_fm33a0xx\device\include\core_cmfunc.h ****     \return               Fault Mask register value
 264:e:\liteos\liteos\targets\cloud_fm33a0xx\device\include\core_cmfunc.h ****  */
 265:e:\liteos\liteos\targets\cloud_fm33a0xx\device\include\core_cmfunc.h **** __STATIC_INLINE uint32_t __get_FAULTMASK(void)
 266:e:\liteos\liteos\targets\cloud_fm33a0xx\device\include\core_cmfunc.h **** {
 267:e:\liteos\liteos\targets\cloud_fm33a0xx\device\include\core_cmfunc.h ****   register uint32_t __regFaultMask       __ASM("faultmask");
 268:e:\liteos\liteos\targets\cloud_fm33a0xx\device\include\core_cmfunc.h ****   return(__regFaultMask);
 269:e:\liteos\liteos\targets\cloud_fm33a0xx\device\include\core_cmfunc.h **** }
ARM GAS  C:\Users\WANGBI~1\AppData\Local\Temp\ccidOTMH.s 			page 8


 270:e:\liteos\liteos\targets\cloud_fm33a0xx\device\include\core_cmfunc.h **** 
 271:e:\liteos\liteos\targets\cloud_fm33a0xx\device\include\core_cmfunc.h **** 
 272:e:\liteos\liteos\targets\cloud_fm33a0xx\device\include\core_cmfunc.h **** /** \brief  Set Fault Mask
 273:e:\liteos\liteos\targets\cloud_fm33a0xx\device\include\core_cmfunc.h **** 
 274:e:\liteos\liteos\targets\cloud_fm33a0xx\device\include\core_cmfunc.h ****     This function assigns the given value to the Fault Mask register.
 275:e:\liteos\liteos\targets\cloud_fm33a0xx\device\include\core_cmfunc.h **** 
 276:e:\liteos\liteos\targets\cloud_fm33a0xx\device\include\core_cmfunc.h ****     \param [in]    faultMask  Fault Mask value to set
 277:e:\liteos\liteos\targets\cloud_fm33a0xx\device\include\core_cmfunc.h ****  */
 278:e:\liteos\liteos\targets\cloud_fm33a0xx\device\include\core_cmfunc.h **** __STATIC_INLINE void __set_FAULTMASK(uint32_t faultMask)
 279:e:\liteos\liteos\targets\cloud_fm33a0xx\device\include\core_cmfunc.h **** {
 280:e:\liteos\liteos\targets\cloud_fm33a0xx\device\include\core_cmfunc.h ****   register uint32_t __regFaultMask       __ASM("faultmask");
 281:e:\liteos\liteos\targets\cloud_fm33a0xx\device\include\core_cmfunc.h ****   __regFaultMask = (faultMask & (uint32_t)1);
 282:e:\liteos\liteos\targets\cloud_fm33a0xx\device\include\core_cmfunc.h **** }
 283:e:\liteos\liteos\targets\cloud_fm33a0xx\device\include\core_cmfunc.h **** 
 284:e:\liteos\liteos\targets\cloud_fm33a0xx\device\include\core_cmfunc.h **** #endif /* (__CORTEX_M >= 0x03) || (__CORTEX_SC >= 300) */
 285:e:\liteos\liteos\targets\cloud_fm33a0xx\device\include\core_cmfunc.h **** 
 286:e:\liteos\liteos\targets\cloud_fm33a0xx\device\include\core_cmfunc.h **** 
 287:e:\liteos\liteos\targets\cloud_fm33a0xx\device\include\core_cmfunc.h **** #if       (__CORTEX_M == 0x04) || (__CORTEX_M == 0x07)
 288:e:\liteos\liteos\targets\cloud_fm33a0xx\device\include\core_cmfunc.h **** 
 289:e:\liteos\liteos\targets\cloud_fm33a0xx\device\include\core_cmfunc.h **** /** \brief  Get FPSCR
 290:e:\liteos\liteos\targets\cloud_fm33a0xx\device\include\core_cmfunc.h **** 
 291:e:\liteos\liteos\targets\cloud_fm33a0xx\device\include\core_cmfunc.h ****     This function returns the current value of the Floating Point Status/Control register.
 292:e:\liteos\liteos\targets\cloud_fm33a0xx\device\include\core_cmfunc.h **** 
 293:e:\liteos\liteos\targets\cloud_fm33a0xx\device\include\core_cmfunc.h ****     \return               Floating Point Status/Control register value
 294:e:\liteos\liteos\targets\cloud_fm33a0xx\device\include\core_cmfunc.h ****  */
 295:e:\liteos\liteos\targets\cloud_fm33a0xx\device\include\core_cmfunc.h **** __STATIC_INLINE uint32_t __get_FPSCR(void)
 296:e:\liteos\liteos\targets\cloud_fm33a0xx\device\include\core_cmfunc.h **** {
 297:e:\liteos\liteos\targets\cloud_fm33a0xx\device\include\core_cmfunc.h **** #if (__FPU_PRESENT == 1) && (__FPU_USED == 1)
 298:e:\liteos\liteos\targets\cloud_fm33a0xx\device\include\core_cmfunc.h ****   register uint32_t __regfpscr         __ASM("fpscr");
 299:e:\liteos\liteos\targets\cloud_fm33a0xx\device\include\core_cmfunc.h ****   return(__regfpscr);
 300:e:\liteos\liteos\targets\cloud_fm33a0xx\device\include\core_cmfunc.h **** #else
 301:e:\liteos\liteos\targets\cloud_fm33a0xx\device\include\core_cmfunc.h ****    return(0);
 302:e:\liteos\liteos\targets\cloud_fm33a0xx\device\include\core_cmfunc.h **** #endif
 303:e:\liteos\liteos\targets\cloud_fm33a0xx\device\include\core_cmfunc.h **** }
 304:e:\liteos\liteos\targets\cloud_fm33a0xx\device\include\core_cmfunc.h **** 
 305:e:\liteos\liteos\targets\cloud_fm33a0xx\device\include\core_cmfunc.h **** 
 306:e:\liteos\liteos\targets\cloud_fm33a0xx\device\include\core_cmfunc.h **** /** \brief  Set FPSCR
 307:e:\liteos\liteos\targets\cloud_fm33a0xx\device\include\core_cmfunc.h **** 
 308:e:\liteos\liteos\targets\cloud_fm33a0xx\device\include\core_cmfunc.h ****     This function assigns the given value to the Floating Point Status/Control register.
 309:e:\liteos\liteos\targets\cloud_fm33a0xx\device\include\core_cmfunc.h **** 
 310:e:\liteos\liteos\targets\cloud_fm33a0xx\device\include\core_cmfunc.h ****     \param [in]    fpscr  Floating Point Status/Control value to set
 311:e:\liteos\liteos\targets\cloud_fm33a0xx\device\include\core_cmfunc.h ****  */
 312:e:\liteos\liteos\targets\cloud_fm33a0xx\device\include\core_cmfunc.h **** __STATIC_INLINE void __set_FPSCR(uint32_t fpscr)
 313:e:\liteos\liteos\targets\cloud_fm33a0xx\device\include\core_cmfunc.h **** {
 314:e:\liteos\liteos\targets\cloud_fm33a0xx\device\include\core_cmfunc.h **** #if (__FPU_PRESENT == 1) && (__FPU_USED == 1)
 315:e:\liteos\liteos\targets\cloud_fm33a0xx\device\include\core_cmfunc.h ****   register uint32_t __regfpscr         __ASM("fpscr");
 316:e:\liteos\liteos\targets\cloud_fm33a0xx\device\include\core_cmfunc.h ****   __regfpscr = (fpscr);
 317:e:\liteos\liteos\targets\cloud_fm33a0xx\device\include\core_cmfunc.h **** #endif
 318:e:\liteos\liteos\targets\cloud_fm33a0xx\device\include\core_cmfunc.h **** }
 319:e:\liteos\liteos\targets\cloud_fm33a0xx\device\include\core_cmfunc.h **** 
 320:e:\liteos\liteos\targets\cloud_fm33a0xx\device\include\core_cmfunc.h **** #endif /* (__CORTEX_M == 0x04) || (__CORTEX_M == 0x07) */
 321:e:\liteos\liteos\targets\cloud_fm33a0xx\device\include\core_cmfunc.h **** 
 322:e:\liteos\liteos\targets\cloud_fm33a0xx\device\include\core_cmfunc.h **** 
 323:e:\liteos\liteos\targets\cloud_fm33a0xx\device\include\core_cmfunc.h **** #elif defined ( __GNUC__ ) /*------------------ GNU Compiler ---------------------*/
 324:e:\liteos\liteos\targets\cloud_fm33a0xx\device\include\core_cmfunc.h **** /* GNU gcc specific functions */
 325:e:\liteos\liteos\targets\cloud_fm33a0xx\device\include\core_cmfunc.h **** 
 326:e:\liteos\liteos\targets\cloud_fm33a0xx\device\include\core_cmfunc.h **** /** \brief  Enable IRQ Interrupts
ARM GAS  C:\Users\WANGBI~1\AppData\Local\Temp\ccidOTMH.s 			page 9


 327:e:\liteos\liteos\targets\cloud_fm33a0xx\device\include\core_cmfunc.h **** 
 328:e:\liteos\liteos\targets\cloud_fm33a0xx\device\include\core_cmfunc.h ****   This function enables IRQ interrupts by clearing the I-bit in the CPSR.
 329:e:\liteos\liteos\targets\cloud_fm33a0xx\device\include\core_cmfunc.h ****   Can only be executed in Privileged modes.
 330:e:\liteos\liteos\targets\cloud_fm33a0xx\device\include\core_cmfunc.h ****  */
 331:e:\liteos\liteos\targets\cloud_fm33a0xx\device\include\core_cmfunc.h **** __attribute__( ( always_inline ) ) __STATIC_INLINE void __enable_irq(void)
 332:e:\liteos\liteos\targets\cloud_fm33a0xx\device\include\core_cmfunc.h **** {
 333:e:\liteos\liteos\targets\cloud_fm33a0xx\device\include\core_cmfunc.h ****   __ASM volatile ("cpsie i" : : : "memory");
 334:e:\liteos\liteos\targets\cloud_fm33a0xx\device\include\core_cmfunc.h **** }
 335:e:\liteos\liteos\targets\cloud_fm33a0xx\device\include\core_cmfunc.h **** 
 336:e:\liteos\liteos\targets\cloud_fm33a0xx\device\include\core_cmfunc.h **** 
 337:e:\liteos\liteos\targets\cloud_fm33a0xx\device\include\core_cmfunc.h **** /** \brief  Disable IRQ Interrupts
 338:e:\liteos\liteos\targets\cloud_fm33a0xx\device\include\core_cmfunc.h **** 
 339:e:\liteos\liteos\targets\cloud_fm33a0xx\device\include\core_cmfunc.h ****   This function disables IRQ interrupts by setting the I-bit in the CPSR.
 340:e:\liteos\liteos\targets\cloud_fm33a0xx\device\include\core_cmfunc.h ****   Can only be executed in Privileged modes.
 341:e:\liteos\liteos\targets\cloud_fm33a0xx\device\include\core_cmfunc.h ****  */
 342:e:\liteos\liteos\targets\cloud_fm33a0xx\device\include\core_cmfunc.h **** __attribute__( ( always_inline ) ) __STATIC_INLINE void __disable_irq(void)
 343:e:\liteos\liteos\targets\cloud_fm33a0xx\device\include\core_cmfunc.h **** {
 344:e:\liteos\liteos\targets\cloud_fm33a0xx\device\include\core_cmfunc.h ****   __ASM volatile ("cpsid i" : : : "memory");
 345:e:\liteos\liteos\targets\cloud_fm33a0xx\device\include\core_cmfunc.h **** }
 346:e:\liteos\liteos\targets\cloud_fm33a0xx\device\include\core_cmfunc.h **** 
 347:e:\liteos\liteos\targets\cloud_fm33a0xx\device\include\core_cmfunc.h **** 
 348:e:\liteos\liteos\targets\cloud_fm33a0xx\device\include\core_cmfunc.h **** /** \brief  Get Control Register
 349:e:\liteos\liteos\targets\cloud_fm33a0xx\device\include\core_cmfunc.h **** 
 350:e:\liteos\liteos\targets\cloud_fm33a0xx\device\include\core_cmfunc.h ****     This function returns the content of the Control Register.
 351:e:\liteos\liteos\targets\cloud_fm33a0xx\device\include\core_cmfunc.h **** 
 352:e:\liteos\liteos\targets\cloud_fm33a0xx\device\include\core_cmfunc.h ****     \return               Control Register value
 353:e:\liteos\liteos\targets\cloud_fm33a0xx\device\include\core_cmfunc.h ****  */
 354:e:\liteos\liteos\targets\cloud_fm33a0xx\device\include\core_cmfunc.h **** __attribute__( ( always_inline ) ) __STATIC_INLINE uint32_t __get_CONTROL(void)
 355:e:\liteos\liteos\targets\cloud_fm33a0xx\device\include\core_cmfunc.h **** {
 356:e:\liteos\liteos\targets\cloud_fm33a0xx\device\include\core_cmfunc.h ****   uint32_t result;
 357:e:\liteos\liteos\targets\cloud_fm33a0xx\device\include\core_cmfunc.h **** 
 358:e:\liteos\liteos\targets\cloud_fm33a0xx\device\include\core_cmfunc.h ****   __ASM volatile ("MRS %0, control" : "=r" (result) );
 359:e:\liteos\liteos\targets\cloud_fm33a0xx\device\include\core_cmfunc.h ****   return(result);
 360:e:\liteos\liteos\targets\cloud_fm33a0xx\device\include\core_cmfunc.h **** }
 361:e:\liteos\liteos\targets\cloud_fm33a0xx\device\include\core_cmfunc.h **** 
 362:e:\liteos\liteos\targets\cloud_fm33a0xx\device\include\core_cmfunc.h **** 
 363:e:\liteos\liteos\targets\cloud_fm33a0xx\device\include\core_cmfunc.h **** /** \brief  Set Control Register
 364:e:\liteos\liteos\targets\cloud_fm33a0xx\device\include\core_cmfunc.h **** 
 365:e:\liteos\liteos\targets\cloud_fm33a0xx\device\include\core_cmfunc.h ****     This function writes the given value to the Control Register.
 366:e:\liteos\liteos\targets\cloud_fm33a0xx\device\include\core_cmfunc.h **** 
 367:e:\liteos\liteos\targets\cloud_fm33a0xx\device\include\core_cmfunc.h ****     \param [in]    control  Control Register value to set
 368:e:\liteos\liteos\targets\cloud_fm33a0xx\device\include\core_cmfunc.h ****  */
 369:e:\liteos\liteos\targets\cloud_fm33a0xx\device\include\core_cmfunc.h **** __attribute__( ( always_inline ) ) __STATIC_INLINE void __set_CONTROL(uint32_t control)
 370:e:\liteos\liteos\targets\cloud_fm33a0xx\device\include\core_cmfunc.h **** {
 371:e:\liteos\liteos\targets\cloud_fm33a0xx\device\include\core_cmfunc.h ****   __ASM volatile ("MSR control, %0" : : "r" (control) : "memory");
 372:e:\liteos\liteos\targets\cloud_fm33a0xx\device\include\core_cmfunc.h **** }
 373:e:\liteos\liteos\targets\cloud_fm33a0xx\device\include\core_cmfunc.h **** 
 374:e:\liteos\liteos\targets\cloud_fm33a0xx\device\include\core_cmfunc.h **** 
 375:e:\liteos\liteos\targets\cloud_fm33a0xx\device\include\core_cmfunc.h **** /** \brief  Get IPSR Register
 376:e:\liteos\liteos\targets\cloud_fm33a0xx\device\include\core_cmfunc.h **** 
 377:e:\liteos\liteos\targets\cloud_fm33a0xx\device\include\core_cmfunc.h ****     This function returns the content of the IPSR Register.
 378:e:\liteos\liteos\targets\cloud_fm33a0xx\device\include\core_cmfunc.h **** 
 379:e:\liteos\liteos\targets\cloud_fm33a0xx\device\include\core_cmfunc.h ****     \return               IPSR Register value
 380:e:\liteos\liteos\targets\cloud_fm33a0xx\device\include\core_cmfunc.h ****  */
 381:e:\liteos\liteos\targets\cloud_fm33a0xx\device\include\core_cmfunc.h **** __attribute__( ( always_inline ) ) __STATIC_INLINE uint32_t __get_IPSR(void)
 382:e:\liteos\liteos\targets\cloud_fm33a0xx\device\include\core_cmfunc.h **** {
 383:e:\liteos\liteos\targets\cloud_fm33a0xx\device\include\core_cmfunc.h ****   uint32_t result;
ARM GAS  C:\Users\WANGBI~1\AppData\Local\Temp\ccidOTMH.s 			page 10


 384:e:\liteos\liteos\targets\cloud_fm33a0xx\device\include\core_cmfunc.h **** 
 385:e:\liteos\liteos\targets\cloud_fm33a0xx\device\include\core_cmfunc.h ****   __ASM volatile ("MRS %0, ipsr" : "=r" (result) );
  36              		.loc 2 385 0
  37              		.syntax divided
  38              	@ 385 "e:\liteos\liteos\targets\cloud_fm33a0xx\device\include\core_cmfunc.h" 1
  39 0000 EFF30580 		MRS r0, ipsr
  40              	@ 0 "" 2
  41              		.thumb
  42              		.syntax unified
  43              	.LBE5:
  44              	.LBE4:
  97:e:/LiteOS/LiteOS/targets/Cloud_FM33A0XX/GCC/../../../arch/arm/arm-m/src\los_hwi.c ****     return __get_IPSR();
  98:e:/LiteOS/LiteOS/targets/Cloud_FM33A0XX/GCC/../../../arch/arm/arm-m/src\los_hwi.c **** }
  45              		.loc 1 98 0
  46              		@ sp needed
  47 0004 7047     		bx	lr
  48              		.cfi_endproc
  49              	.LFE43:
  51 0006 C046     		.section	.text.PendSV_Handler,"ax",%progbits
  52              		.align	2
  53              		.global	PendSV_Handler
  54              		.code	16
  55              		.thumb_func
  57              	PendSV_Handler:
  58              	.LFB44:
  99:e:/LiteOS/LiteOS/targets/Cloud_FM33A0XX/GCC/../../../arch/arm/arm-m/src\los_hwi.c **** 
 100:e:/LiteOS/LiteOS/targets/Cloud_FM33A0XX/GCC/../../../arch/arm/arm-m/src\los_hwi.c **** #if (LOSCFG_PLATFORM_HWI == YES)
 101:e:/LiteOS/LiteOS/targets/Cloud_FM33A0XX/GCC/../../../arch/arm/arm-m/src\los_hwi.c **** /*****************************************************************************
 102:e:/LiteOS/LiteOS/targets/Cloud_FM33A0XX/GCC/../../../arch/arm/arm-m/src\los_hwi.c ****  Function    : osHwiDefaultHandler
 103:e:/LiteOS/LiteOS/targets/Cloud_FM33A0XX/GCC/../../../arch/arm/arm-m/src\los_hwi.c ****  Description : default handler of the hardware interrupt
 104:e:/LiteOS/LiteOS/targets/Cloud_FM33A0XX/GCC/../../../arch/arm/arm-m/src\los_hwi.c ****  Input       : None
 105:e:/LiteOS/LiteOS/targets/Cloud_FM33A0XX/GCC/../../../arch/arm/arm-m/src\los_hwi.c ****  Output      : None
 106:e:/LiteOS/LiteOS/targets/Cloud_FM33A0XX/GCC/../../../arch/arm/arm-m/src\los_hwi.c ****  Return      : None
 107:e:/LiteOS/LiteOS/targets/Cloud_FM33A0XX/GCC/../../../arch/arm/arm-m/src\los_hwi.c ****  *****************************************************************************/
 108:e:/LiteOS/LiteOS/targets/Cloud_FM33A0XX/GCC/../../../arch/arm/arm-m/src\los_hwi.c **** /*lint -e529*/
 109:e:/LiteOS/LiteOS/targets/Cloud_FM33A0XX/GCC/../../../arch/arm/arm-m/src\los_hwi.c **** LITE_OS_SEC_TEXT_MINOR VOID  osHwiDefaultHandler(VOID)
 110:e:/LiteOS/LiteOS/targets/Cloud_FM33A0XX/GCC/../../../arch/arm/arm-m/src\los_hwi.c **** {
 111:e:/LiteOS/LiteOS/targets/Cloud_FM33A0XX/GCC/../../../arch/arm/arm-m/src\los_hwi.c ****     UINT32 uwIrqNum = osIntNumGet();
 112:e:/LiteOS/LiteOS/targets/Cloud_FM33A0XX/GCC/../../../arch/arm/arm-m/src\los_hwi.c ****     PRINT_ERR("%s irqnum:%d\n", __FUNCTION__, uwIrqNum);
 113:e:/LiteOS/LiteOS/targets/Cloud_FM33A0XX/GCC/../../../arch/arm/arm-m/src\los_hwi.c ****     while(1);
 114:e:/LiteOS/LiteOS/targets/Cloud_FM33A0XX/GCC/../../../arch/arm/arm-m/src\los_hwi.c **** }
 115:e:/LiteOS/LiteOS/targets/Cloud_FM33A0XX/GCC/../../../arch/arm/arm-m/src\los_hwi.c **** 
 116:e:/LiteOS/LiteOS/targets/Cloud_FM33A0XX/GCC/../../../arch/arm/arm-m/src\los_hwi.c **** /*****************************************************************************
 117:e:/LiteOS/LiteOS/targets/Cloud_FM33A0XX/GCC/../../../arch/arm/arm-m/src\los_hwi.c ****  Function    : osInterrupt
 118:e:/LiteOS/LiteOS/targets/Cloud_FM33A0XX/GCC/../../../arch/arm/arm-m/src\los_hwi.c ****  Description : Hardware interrupt entry function
 119:e:/LiteOS/LiteOS/targets/Cloud_FM33A0XX/GCC/../../../arch/arm/arm-m/src\los_hwi.c ****  Input       : None
 120:e:/LiteOS/LiteOS/targets/Cloud_FM33A0XX/GCC/../../../arch/arm/arm-m/src\los_hwi.c ****  Output      : None
 121:e:/LiteOS/LiteOS/targets/Cloud_FM33A0XX/GCC/../../../arch/arm/arm-m/src\los_hwi.c ****  Return      : None
 122:e:/LiteOS/LiteOS/targets/Cloud_FM33A0XX/GCC/../../../arch/arm/arm-m/src\los_hwi.c ****  *****************************************************************************/
 123:e:/LiteOS/LiteOS/targets/Cloud_FM33A0XX/GCC/../../../arch/arm/arm-m/src\los_hwi.c **** LITE_OS_SEC_TEXT VOID  osInterrupt(VOID)
 124:e:/LiteOS/LiteOS/targets/Cloud_FM33A0XX/GCC/../../../arch/arm/arm-m/src\los_hwi.c **** {
 125:e:/LiteOS/LiteOS/targets/Cloud_FM33A0XX/GCC/../../../arch/arm/arm-m/src\los_hwi.c ****     UINT32 uwHwiIndex;
 126:e:/LiteOS/LiteOS/targets/Cloud_FM33A0XX/GCC/../../../arch/arm/arm-m/src\los_hwi.c ****     UINT32 uwIntSave;
 127:e:/LiteOS/LiteOS/targets/Cloud_FM33A0XX/GCC/../../../arch/arm/arm-m/src\los_hwi.c **** 
 128:e:/LiteOS/LiteOS/targets/Cloud_FM33A0XX/GCC/../../../arch/arm/arm-m/src\los_hwi.c **** #if(LOSCFG_KERNEL_RUNSTOP == YES)
 129:e:/LiteOS/LiteOS/targets/Cloud_FM33A0XX/GCC/../../../arch/arm/arm-m/src\los_hwi.c ****     SCB->SCR &= (UINT32)~((UINT32)SCB_SCR_SLEEPDEEP_Msk);
 130:e:/LiteOS/LiteOS/targets/Cloud_FM33A0XX/GCC/../../../arch/arm/arm-m/src\los_hwi.c **** #endif
ARM GAS  C:\Users\WANGBI~1\AppData\Local\Temp\ccidOTMH.s 			page 11


 131:e:/LiteOS/LiteOS/targets/Cloud_FM33A0XX/GCC/../../../arch/arm/arm-m/src\los_hwi.c **** 
 132:e:/LiteOS/LiteOS/targets/Cloud_FM33A0XX/GCC/../../../arch/arm/arm-m/src\los_hwi.c ****     uwIntSave = LOS_IntLock();
 133:e:/LiteOS/LiteOS/targets/Cloud_FM33A0XX/GCC/../../../arch/arm/arm-m/src\los_hwi.c **** 
 134:e:/LiteOS/LiteOS/targets/Cloud_FM33A0XX/GCC/../../../arch/arm/arm-m/src\los_hwi.c ****     g_vuwIntCount++;
 135:e:/LiteOS/LiteOS/targets/Cloud_FM33A0XX/GCC/../../../arch/arm/arm-m/src\los_hwi.c **** 
 136:e:/LiteOS/LiteOS/targets/Cloud_FM33A0XX/GCC/../../../arch/arm/arm-m/src\los_hwi.c ****     LOS_IntRestore(uwIntSave);
 137:e:/LiteOS/LiteOS/targets/Cloud_FM33A0XX/GCC/../../../arch/arm/arm-m/src\los_hwi.c **** 
 138:e:/LiteOS/LiteOS/targets/Cloud_FM33A0XX/GCC/../../../arch/arm/arm-m/src\los_hwi.c ****     uwHwiIndex = osIntNumGet();
 139:e:/LiteOS/LiteOS/targets/Cloud_FM33A0XX/GCC/../../../arch/arm/arm-m/src\los_hwi.c **** #if (LOSCFG_KERNEL_TICKLESS == YES)
 140:e:/LiteOS/LiteOS/targets/Cloud_FM33A0XX/GCC/../../../arch/arm/arm-m/src\los_hwi.c ****     osUpdateKernelTickCount(uwHwiIndex);
 141:e:/LiteOS/LiteOS/targets/Cloud_FM33A0XX/GCC/../../../arch/arm/arm-m/src\los_hwi.c **** #endif
 142:e:/LiteOS/LiteOS/targets/Cloud_FM33A0XX/GCC/../../../arch/arm/arm-m/src\los_hwi.c **** 
 143:e:/LiteOS/LiteOS/targets/Cloud_FM33A0XX/GCC/../../../arch/arm/arm-m/src\los_hwi.c **** #if (OS_HWI_WITH_ARG == YES)
 144:e:/LiteOS/LiteOS/targets/Cloud_FM33A0XX/GCC/../../../arch/arm/arm-m/src\los_hwi.c ****     if (m_pstHwiSlaveForm[uwHwiIndex].pfnHandler!=0)
 145:e:/LiteOS/LiteOS/targets/Cloud_FM33A0XX/GCC/../../../arch/arm/arm-m/src\los_hwi.c ****     {
 146:e:/LiteOS/LiteOS/targets/Cloud_FM33A0XX/GCC/../../../arch/arm/arm-m/src\los_hwi.c ****         m_pstHwiSlaveForm[uwHwiIndex].pfnHandler((VOID*)m_pstHwiSlaveForm[uwHwiIndex].pParm);
 147:e:/LiteOS/LiteOS/targets/Cloud_FM33A0XX/GCC/../../../arch/arm/arm-m/src\los_hwi.c ****     }
 148:e:/LiteOS/LiteOS/targets/Cloud_FM33A0XX/GCC/../../../arch/arm/arm-m/src\los_hwi.c **** #else
 149:e:/LiteOS/LiteOS/targets/Cloud_FM33A0XX/GCC/../../../arch/arm/arm-m/src\los_hwi.c ****     if (m_pstHwiSlaveForm[uwHwiIndex] !=0)
 150:e:/LiteOS/LiteOS/targets/Cloud_FM33A0XX/GCC/../../../arch/arm/arm-m/src\los_hwi.c ****     {
 151:e:/LiteOS/LiteOS/targets/Cloud_FM33A0XX/GCC/../../../arch/arm/arm-m/src\los_hwi.c ****         m_pstHwiSlaveForm[uwHwiIndex]();
 152:e:/LiteOS/LiteOS/targets/Cloud_FM33A0XX/GCC/../../../arch/arm/arm-m/src\los_hwi.c ****     }
 153:e:/LiteOS/LiteOS/targets/Cloud_FM33A0XX/GCC/../../../arch/arm/arm-m/src\los_hwi.c **** #endif
 154:e:/LiteOS/LiteOS/targets/Cloud_FM33A0XX/GCC/../../../arch/arm/arm-m/src\los_hwi.c ****     uwIntSave = LOS_IntLock();
 155:e:/LiteOS/LiteOS/targets/Cloud_FM33A0XX/GCC/../../../arch/arm/arm-m/src\los_hwi.c **** 
 156:e:/LiteOS/LiteOS/targets/Cloud_FM33A0XX/GCC/../../../arch/arm/arm-m/src\los_hwi.c ****     g_vuwIntCount--;
 157:e:/LiteOS/LiteOS/targets/Cloud_FM33A0XX/GCC/../../../arch/arm/arm-m/src\los_hwi.c **** 
 158:e:/LiteOS/LiteOS/targets/Cloud_FM33A0XX/GCC/../../../arch/arm/arm-m/src\los_hwi.c ****     LOS_IntRestore(uwIntSave);
 159:e:/LiteOS/LiteOS/targets/Cloud_FM33A0XX/GCC/../../../arch/arm/arm-m/src\los_hwi.c **** 
 160:e:/LiteOS/LiteOS/targets/Cloud_FM33A0XX/GCC/../../../arch/arm/arm-m/src\los_hwi.c **** }
 161:e:/LiteOS/LiteOS/targets/Cloud_FM33A0XX/GCC/../../../arch/arm/arm-m/src\los_hwi.c **** /*****************************************************************************
 162:e:/LiteOS/LiteOS/targets/Cloud_FM33A0XX/GCC/../../../arch/arm/arm-m/src\los_hwi.c ****  Function    : osHwiInit
 163:e:/LiteOS/LiteOS/targets/Cloud_FM33A0XX/GCC/../../../arch/arm/arm-m/src\los_hwi.c ****  Description : initialization of the hardware interrupt
 164:e:/LiteOS/LiteOS/targets/Cloud_FM33A0XX/GCC/../../../arch/arm/arm-m/src\los_hwi.c ****  Input       : None
 165:e:/LiteOS/LiteOS/targets/Cloud_FM33A0XX/GCC/../../../arch/arm/arm-m/src\los_hwi.c ****  Output      : None
 166:e:/LiteOS/LiteOS/targets/Cloud_FM33A0XX/GCC/../../../arch/arm/arm-m/src\los_hwi.c ****  Return      : OS_SUCCESS
 167:e:/LiteOS/LiteOS/targets/Cloud_FM33A0XX/GCC/../../../arch/arm/arm-m/src\los_hwi.c ****  *****************************************************************************/
 168:e:/LiteOS/LiteOS/targets/Cloud_FM33A0XX/GCC/../../../arch/arm/arm-m/src\los_hwi.c **** LITE_OS_SEC_TEXT_INIT VOID osHwiInit()
 169:e:/LiteOS/LiteOS/targets/Cloud_FM33A0XX/GCC/../../../arch/arm/arm-m/src\los_hwi.c **** {
 170:e:/LiteOS/LiteOS/targets/Cloud_FM33A0XX/GCC/../../../arch/arm/arm-m/src\los_hwi.c ****     UINT32 uwIndex;
 171:e:/LiteOS/LiteOS/targets/Cloud_FM33A0XX/GCC/../../../arch/arm/arm-m/src\los_hwi.c **** 
 172:e:/LiteOS/LiteOS/targets/Cloud_FM33A0XX/GCC/../../../arch/arm/arm-m/src\los_hwi.c ****     for(uwIndex = OS_SYS_VECTOR_CNT; uwIndex < OS_VECTOR_CNT; uwIndex++)
 173:e:/LiteOS/LiteOS/targets/Cloud_FM33A0XX/GCC/../../../arch/arm/arm-m/src\los_hwi.c ****     {
 174:e:/LiteOS/LiteOS/targets/Cloud_FM33A0XX/GCC/../../../arch/arm/arm-m/src\los_hwi.c ****         m_pstHwiForm[uwIndex] = (HWI_PROC_FUNC)osHwiDefaultHandler;
 175:e:/LiteOS/LiteOS/targets/Cloud_FM33A0XX/GCC/../../../arch/arm/arm-m/src\los_hwi.c ****     }
 176:e:/LiteOS/LiteOS/targets/Cloud_FM33A0XX/GCC/../../../arch/arm/arm-m/src\los_hwi.c **** 
 177:e:/LiteOS/LiteOS/targets/Cloud_FM33A0XX/GCC/../../../arch/arm/arm-m/src\los_hwi.c ****     /* Interrupt vector table location */
 178:e:/LiteOS/LiteOS/targets/Cloud_FM33A0XX/GCC/../../../arch/arm/arm-m/src\los_hwi.c ****     SCB->VTOR = (UINT32)m_pstHwiForm;
 179:e:/LiteOS/LiteOS/targets/Cloud_FM33A0XX/GCC/../../../arch/arm/arm-m/src\los_hwi.c **** #if (__CORTEX_M >= 0x03U)  /* only for Cortex-M3 and above */
 180:e:/LiteOS/LiteOS/targets/Cloud_FM33A0XX/GCC/../../../arch/arm/arm-m/src\los_hwi.c ****     NVIC_SetPriorityGrouping(OS_NVIC_AIRCR_PRIGROUP);
 181:e:/LiteOS/LiteOS/targets/Cloud_FM33A0XX/GCC/../../../arch/arm/arm-m/src\los_hwi.c **** #endif
 182:e:/LiteOS/LiteOS/targets/Cloud_FM33A0XX/GCC/../../../arch/arm/arm-m/src\los_hwi.c **** 
 183:e:/LiteOS/LiteOS/targets/Cloud_FM33A0XX/GCC/../../../arch/arm/arm-m/src\los_hwi.c ****     return;
 184:e:/LiteOS/LiteOS/targets/Cloud_FM33A0XX/GCC/../../../arch/arm/arm-m/src\los_hwi.c **** }
 185:e:/LiteOS/LiteOS/targets/Cloud_FM33A0XX/GCC/../../../arch/arm/arm-m/src\los_hwi.c **** /*****************************************************************************
 186:e:/LiteOS/LiteOS/targets/Cloud_FM33A0XX/GCC/../../../arch/arm/arm-m/src\los_hwi.c ****  Function    : LOS_HwiCreate
 187:e:/LiteOS/LiteOS/targets/Cloud_FM33A0XX/GCC/../../../arch/arm/arm-m/src\los_hwi.c ****  Description : create hardware interrupt
ARM GAS  C:\Users\WANGBI~1\AppData\Local\Temp\ccidOTMH.s 			page 12


 188:e:/LiteOS/LiteOS/targets/Cloud_FM33A0XX/GCC/../../../arch/arm/arm-m/src\los_hwi.c ****  Input       : uwHwiNum   --- hwi num to create
 189:e:/LiteOS/LiteOS/targets/Cloud_FM33A0XX/GCC/../../../arch/arm/arm-m/src\los_hwi.c ****                usHwiPrio  --- priority of the hwi
 190:e:/LiteOS/LiteOS/targets/Cloud_FM33A0XX/GCC/../../../arch/arm/arm-m/src\los_hwi.c ****                usMode     --- unused
 191:e:/LiteOS/LiteOS/targets/Cloud_FM33A0XX/GCC/../../../arch/arm/arm-m/src\los_hwi.c ****                pfnHandler --- hwi handler
 192:e:/LiteOS/LiteOS/targets/Cloud_FM33A0XX/GCC/../../../arch/arm/arm-m/src\los_hwi.c ****                uwArg      --- param of the hwi handler
 193:e:/LiteOS/LiteOS/targets/Cloud_FM33A0XX/GCC/../../../arch/arm/arm-m/src\los_hwi.c ****  Output      : None
 194:e:/LiteOS/LiteOS/targets/Cloud_FM33A0XX/GCC/../../../arch/arm/arm-m/src\los_hwi.c ****  Return      : OS_SUCCESS on success or error code on failure
 195:e:/LiteOS/LiteOS/targets/Cloud_FM33A0XX/GCC/../../../arch/arm/arm-m/src\los_hwi.c ****  *****************************************************************************/
 196:e:/LiteOS/LiteOS/targets/Cloud_FM33A0XX/GCC/../../../arch/arm/arm-m/src\los_hwi.c **** LITE_OS_SEC_TEXT_INIT UINT32 LOS_HwiCreate( HWI_HANDLE_T  uwHwiNum,
 197:e:/LiteOS/LiteOS/targets/Cloud_FM33A0XX/GCC/../../../arch/arm/arm-m/src\los_hwi.c ****                                       HWI_PRIOR_T   usHwiPrio,
 198:e:/LiteOS/LiteOS/targets/Cloud_FM33A0XX/GCC/../../../arch/arm/arm-m/src\los_hwi.c ****                                       HWI_MODE_T    usMode,
 199:e:/LiteOS/LiteOS/targets/Cloud_FM33A0XX/GCC/../../../arch/arm/arm-m/src\los_hwi.c ****                                       HWI_PROC_FUNC pfnHandler,
 200:e:/LiteOS/LiteOS/targets/Cloud_FM33A0XX/GCC/../../../arch/arm/arm-m/src\los_hwi.c ****                                       HWI_ARG_T     uwArg )
 201:e:/LiteOS/LiteOS/targets/Cloud_FM33A0XX/GCC/../../../arch/arm/arm-m/src\los_hwi.c **** {
 202:e:/LiteOS/LiteOS/targets/Cloud_FM33A0XX/GCC/../../../arch/arm/arm-m/src\los_hwi.c ****     UINTPTR uvIntSave;
 203:e:/LiteOS/LiteOS/targets/Cloud_FM33A0XX/GCC/../../../arch/arm/arm-m/src\los_hwi.c **** 
 204:e:/LiteOS/LiteOS/targets/Cloud_FM33A0XX/GCC/../../../arch/arm/arm-m/src\los_hwi.c ****     if (NULL == pfnHandler)
 205:e:/LiteOS/LiteOS/targets/Cloud_FM33A0XX/GCC/../../../arch/arm/arm-m/src\los_hwi.c ****     {
 206:e:/LiteOS/LiteOS/targets/Cloud_FM33A0XX/GCC/../../../arch/arm/arm-m/src\los_hwi.c ****         return OS_ERRNO_HWI_PROC_FUNC_NULL;
 207:e:/LiteOS/LiteOS/targets/Cloud_FM33A0XX/GCC/../../../arch/arm/arm-m/src\los_hwi.c ****     }
 208:e:/LiteOS/LiteOS/targets/Cloud_FM33A0XX/GCC/../../../arch/arm/arm-m/src\los_hwi.c **** 
 209:e:/LiteOS/LiteOS/targets/Cloud_FM33A0XX/GCC/../../../arch/arm/arm-m/src\los_hwi.c ****     if (uwHwiNum >= OS_HWI_MAX_NUM)
 210:e:/LiteOS/LiteOS/targets/Cloud_FM33A0XX/GCC/../../../arch/arm/arm-m/src\los_hwi.c ****     {
 211:e:/LiteOS/LiteOS/targets/Cloud_FM33A0XX/GCC/../../../arch/arm/arm-m/src\los_hwi.c ****         return OS_ERRNO_HWI_NUM_INVALID;
 212:e:/LiteOS/LiteOS/targets/Cloud_FM33A0XX/GCC/../../../arch/arm/arm-m/src\los_hwi.c ****     }
 213:e:/LiteOS/LiteOS/targets/Cloud_FM33A0XX/GCC/../../../arch/arm/arm-m/src\los_hwi.c **** 
 214:e:/LiteOS/LiteOS/targets/Cloud_FM33A0XX/GCC/../../../arch/arm/arm-m/src\los_hwi.c ****     if (m_pstHwiForm[uwHwiNum + OS_SYS_VECTOR_CNT] != (HWI_PROC_FUNC)osHwiDefaultHandler)
 215:e:/LiteOS/LiteOS/targets/Cloud_FM33A0XX/GCC/../../../arch/arm/arm-m/src\los_hwi.c ****     {
 216:e:/LiteOS/LiteOS/targets/Cloud_FM33A0XX/GCC/../../../arch/arm/arm-m/src\los_hwi.c ****         return OS_ERRNO_HWI_ALREADY_CREATED;
 217:e:/LiteOS/LiteOS/targets/Cloud_FM33A0XX/GCC/../../../arch/arm/arm-m/src\los_hwi.c ****     }
 218:e:/LiteOS/LiteOS/targets/Cloud_FM33A0XX/GCC/../../../arch/arm/arm-m/src\los_hwi.c **** 
 219:e:/LiteOS/LiteOS/targets/Cloud_FM33A0XX/GCC/../../../arch/arm/arm-m/src\los_hwi.c ****     if ((usHwiPrio > OS_HWI_PRIO_LOWEST) || (usHwiPrio < OS_HWI_PRIO_HIGHEST))
 220:e:/LiteOS/LiteOS/targets/Cloud_FM33A0XX/GCC/../../../arch/arm/arm-m/src\los_hwi.c ****     {
 221:e:/LiteOS/LiteOS/targets/Cloud_FM33A0XX/GCC/../../../arch/arm/arm-m/src\los_hwi.c ****         return OS_ERRNO_HWI_PRIO_INVALID;
 222:e:/LiteOS/LiteOS/targets/Cloud_FM33A0XX/GCC/../../../arch/arm/arm-m/src\los_hwi.c ****     }
 223:e:/LiteOS/LiteOS/targets/Cloud_FM33A0XX/GCC/../../../arch/arm/arm-m/src\los_hwi.c **** 
 224:e:/LiteOS/LiteOS/targets/Cloud_FM33A0XX/GCC/../../../arch/arm/arm-m/src\los_hwi.c ****     uvIntSave = LOS_IntLock();
 225:e:/LiteOS/LiteOS/targets/Cloud_FM33A0XX/GCC/../../../arch/arm/arm-m/src\los_hwi.c **** #if (OS_HWI_WITH_ARG == YES)
 226:e:/LiteOS/LiteOS/targets/Cloud_FM33A0XX/GCC/../../../arch/arm/arm-m/src\los_hwi.c ****     osSetVector(uwHwiNum, pfnHandler, uwArg);
 227:e:/LiteOS/LiteOS/targets/Cloud_FM33A0XX/GCC/../../../arch/arm/arm-m/src\los_hwi.c **** #else
 228:e:/LiteOS/LiteOS/targets/Cloud_FM33A0XX/GCC/../../../arch/arm/arm-m/src\los_hwi.c ****     osSetVector(uwHwiNum, pfnHandler);
 229:e:/LiteOS/LiteOS/targets/Cloud_FM33A0XX/GCC/../../../arch/arm/arm-m/src\los_hwi.c **** #endif
 230:e:/LiteOS/LiteOS/targets/Cloud_FM33A0XX/GCC/../../../arch/arm/arm-m/src\los_hwi.c ****     NVIC_EnableIRQ((IRQn_Type)uwHwiNum);
 231:e:/LiteOS/LiteOS/targets/Cloud_FM33A0XX/GCC/../../../arch/arm/arm-m/src\los_hwi.c ****     NVIC_SetPriority((IRQn_Type)uwHwiNum, usHwiPrio);
 232:e:/LiteOS/LiteOS/targets/Cloud_FM33A0XX/GCC/../../../arch/arm/arm-m/src\los_hwi.c **** 
 233:e:/LiteOS/LiteOS/targets/Cloud_FM33A0XX/GCC/../../../arch/arm/arm-m/src\los_hwi.c ****     LOS_IntRestore(uvIntSave);
 234:e:/LiteOS/LiteOS/targets/Cloud_FM33A0XX/GCC/../../../arch/arm/arm-m/src\los_hwi.c **** 
 235:e:/LiteOS/LiteOS/targets/Cloud_FM33A0XX/GCC/../../../arch/arm/arm-m/src\los_hwi.c ****     return LOS_OK;
 236:e:/LiteOS/LiteOS/targets/Cloud_FM33A0XX/GCC/../../../arch/arm/arm-m/src\los_hwi.c **** 
 237:e:/LiteOS/LiteOS/targets/Cloud_FM33A0XX/GCC/../../../arch/arm/arm-m/src\los_hwi.c **** }
 238:e:/LiteOS/LiteOS/targets/Cloud_FM33A0XX/GCC/../../../arch/arm/arm-m/src\los_hwi.c **** 
 239:e:/LiteOS/LiteOS/targets/Cloud_FM33A0XX/GCC/../../../arch/arm/arm-m/src\los_hwi.c **** /*****************************************************************************
 240:e:/LiteOS/LiteOS/targets/Cloud_FM33A0XX/GCC/../../../arch/arm/arm-m/src\los_hwi.c ****  Function    : LOS_HwiDelete
 241:e:/LiteOS/LiteOS/targets/Cloud_FM33A0XX/GCC/../../../arch/arm/arm-m/src\los_hwi.c ****  Description : Delete hardware interrupt
 242:e:/LiteOS/LiteOS/targets/Cloud_FM33A0XX/GCC/../../../arch/arm/arm-m/src\los_hwi.c ****  Input       : uwHwiNum   --- hwi num to delete
 243:e:/LiteOS/LiteOS/targets/Cloud_FM33A0XX/GCC/../../../arch/arm/arm-m/src\los_hwi.c ****  Output      : None
 244:e:/LiteOS/LiteOS/targets/Cloud_FM33A0XX/GCC/../../../arch/arm/arm-m/src\los_hwi.c ****  Return      : LOS_OK on success or error code on failure
ARM GAS  C:\Users\WANGBI~1\AppData\Local\Temp\ccidOTMH.s 			page 13


 245:e:/LiteOS/LiteOS/targets/Cloud_FM33A0XX/GCC/../../../arch/arm/arm-m/src\los_hwi.c ****  *****************************************************************************/
 246:e:/LiteOS/LiteOS/targets/Cloud_FM33A0XX/GCC/../../../arch/arm/arm-m/src\los_hwi.c **** LITE_OS_SEC_TEXT_INIT UINT32 LOS_HwiDelete(HWI_HANDLE_T uwHwiNum)
 247:e:/LiteOS/LiteOS/targets/Cloud_FM33A0XX/GCC/../../../arch/arm/arm-m/src\los_hwi.c **** {
 248:e:/LiteOS/LiteOS/targets/Cloud_FM33A0XX/GCC/../../../arch/arm/arm-m/src\los_hwi.c ****     UINT32 uwIntSave;
 249:e:/LiteOS/LiteOS/targets/Cloud_FM33A0XX/GCC/../../../arch/arm/arm-m/src\los_hwi.c **** 
 250:e:/LiteOS/LiteOS/targets/Cloud_FM33A0XX/GCC/../../../arch/arm/arm-m/src\los_hwi.c ****     if (uwHwiNum >= OS_HWI_MAX_NUM)
 251:e:/LiteOS/LiteOS/targets/Cloud_FM33A0XX/GCC/../../../arch/arm/arm-m/src\los_hwi.c ****     {
 252:e:/LiteOS/LiteOS/targets/Cloud_FM33A0XX/GCC/../../../arch/arm/arm-m/src\los_hwi.c ****         return OS_ERRNO_HWI_NUM_INVALID;
 253:e:/LiteOS/LiteOS/targets/Cloud_FM33A0XX/GCC/../../../arch/arm/arm-m/src\los_hwi.c ****     }
 254:e:/LiteOS/LiteOS/targets/Cloud_FM33A0XX/GCC/../../../arch/arm/arm-m/src\los_hwi.c **** 
 255:e:/LiteOS/LiteOS/targets/Cloud_FM33A0XX/GCC/../../../arch/arm/arm-m/src\los_hwi.c ****     NVIC_DisableIRQ((IRQn_Type)uwHwiNum);
 256:e:/LiteOS/LiteOS/targets/Cloud_FM33A0XX/GCC/../../../arch/arm/arm-m/src\los_hwi.c **** 
 257:e:/LiteOS/LiteOS/targets/Cloud_FM33A0XX/GCC/../../../arch/arm/arm-m/src\los_hwi.c ****     uwIntSave = LOS_IntLock();
 258:e:/LiteOS/LiteOS/targets/Cloud_FM33A0XX/GCC/../../../arch/arm/arm-m/src\los_hwi.c **** 
 259:e:/LiteOS/LiteOS/targets/Cloud_FM33A0XX/GCC/../../../arch/arm/arm-m/src\los_hwi.c ****     m_pstHwiForm[uwHwiNum + OS_SYS_VECTOR_CNT] = (HWI_PROC_FUNC)osHwiDefaultHandler;
 260:e:/LiteOS/LiteOS/targets/Cloud_FM33A0XX/GCC/../../../arch/arm/arm-m/src\los_hwi.c **** 
 261:e:/LiteOS/LiteOS/targets/Cloud_FM33A0XX/GCC/../../../arch/arm/arm-m/src\los_hwi.c ****     LOS_IntRestore(uwIntSave);
 262:e:/LiteOS/LiteOS/targets/Cloud_FM33A0XX/GCC/../../../arch/arm/arm-m/src\los_hwi.c **** 
 263:e:/LiteOS/LiteOS/targets/Cloud_FM33A0XX/GCC/../../../arch/arm/arm-m/src\los_hwi.c ****     return LOS_OK;
 264:e:/LiteOS/LiteOS/targets/Cloud_FM33A0XX/GCC/../../../arch/arm/arm-m/src\los_hwi.c **** }
 265:e:/LiteOS/LiteOS/targets/Cloud_FM33A0XX/GCC/../../../arch/arm/arm-m/src\los_hwi.c **** 
 266:e:/LiteOS/LiteOS/targets/Cloud_FM33A0XX/GCC/../../../arch/arm/arm-m/src\los_hwi.c **** #else
 267:e:/LiteOS/LiteOS/targets/Cloud_FM33A0XX/GCC/../../../arch/arm/arm-m/src\los_hwi.c **** 
 268:e:/LiteOS/LiteOS/targets/Cloud_FM33A0XX/GCC/../../../arch/arm/arm-m/src\los_hwi.c **** /*****************************************************************************
 269:e:/LiteOS/LiteOS/targets/Cloud_FM33A0XX/GCC/../../../arch/arm/arm-m/src\los_hwi.c ****  Function    : PendSV_Handler
 270:e:/LiteOS/LiteOS/targets/Cloud_FM33A0XX/GCC/../../../arch/arm/arm-m/src\los_hwi.c ****  Description : This function handles PendSVC exception, Call LiteOS interface
 271:e:/LiteOS/LiteOS/targets/Cloud_FM33A0XX/GCC/../../../arch/arm/arm-m/src\los_hwi.c ****                osPendSV.
 272:e:/LiteOS/LiteOS/targets/Cloud_FM33A0XX/GCC/../../../arch/arm/arm-m/src\los_hwi.c ****  Input       : None
 273:e:/LiteOS/LiteOS/targets/Cloud_FM33A0XX/GCC/../../../arch/arm/arm-m/src\los_hwi.c ****  Output      : None
 274:e:/LiteOS/LiteOS/targets/Cloud_FM33A0XX/GCC/../../../arch/arm/arm-m/src\los_hwi.c ****  Return      : None
 275:e:/LiteOS/LiteOS/targets/Cloud_FM33A0XX/GCC/../../../arch/arm/arm-m/src\los_hwi.c ****  *****************************************************************************/
 276:e:/LiteOS/LiteOS/targets/Cloud_FM33A0XX/GCC/../../../arch/arm/arm-m/src\los_hwi.c **** void PendSV_Handler(void)
 277:e:/LiteOS/LiteOS/targets/Cloud_FM33A0XX/GCC/../../../arch/arm/arm-m/src\los_hwi.c **** {
  59              		.loc 1 277 0
  60              		.cfi_startproc
  61              		@ args = 0, pretend = 0, frame = 0
  62              		@ frame_needed = 0, uses_anonymous_args = 0
  63 0000 10B5     		push	{r4, lr}
  64              	.LCFI0:
  65              		.cfi_def_cfa_offset 8
  66              		.cfi_offset 4, -8
  67              		.cfi_offset 14, -4
 278:e:/LiteOS/LiteOS/targets/Cloud_FM33A0XX/GCC/../../../arch/arm/arm-m/src\los_hwi.c ****     osPendSV();
  68              		.loc 1 278 0
  69 0002 FFF7FEFF 		bl	osPendSV
  70              	.LVL0:
 279:e:/LiteOS/LiteOS/targets/Cloud_FM33A0XX/GCC/../../../arch/arm/arm-m/src\los_hwi.c **** }
  71              		.loc 1 279 0
  72              		@ sp needed
  73 0006 10BD     		pop	{r4, pc}
  74              		.cfi_endproc
  75              	.LFE44:
  77              		.section	.text.SysTick_Handler,"ax",%progbits
  78              		.align	2
  79              		.global	SysTick_Handler
  80              		.code	16
  81              		.thumb_func
ARM GAS  C:\Users\WANGBI~1\AppData\Local\Temp\ccidOTMH.s 			page 14


  83              	SysTick_Handler:
  84              	.LFB45:
 280:e:/LiteOS/LiteOS/targets/Cloud_FM33A0XX/GCC/../../../arch/arm/arm-m/src\los_hwi.c **** 
 281:e:/LiteOS/LiteOS/targets/Cloud_FM33A0XX/GCC/../../../arch/arm/arm-m/src\los_hwi.c **** /*****************************************************************************
 282:e:/LiteOS/LiteOS/targets/Cloud_FM33A0XX/GCC/../../../arch/arm/arm-m/src\los_hwi.c ****  Function    : SysTick_Handler
 283:e:/LiteOS/LiteOS/targets/Cloud_FM33A0XX/GCC/../../../arch/arm/arm-m/src\los_hwi.c ****  Description : This function handles SysTick exception, Call LiteOS interface
 284:e:/LiteOS/LiteOS/targets/Cloud_FM33A0XX/GCC/../../../arch/arm/arm-m/src\los_hwi.c ****                osTickHandler.
 285:e:/LiteOS/LiteOS/targets/Cloud_FM33A0XX/GCC/../../../arch/arm/arm-m/src\los_hwi.c ****  Input       : None
 286:e:/LiteOS/LiteOS/targets/Cloud_FM33A0XX/GCC/../../../arch/arm/arm-m/src\los_hwi.c ****  Output      : None
 287:e:/LiteOS/LiteOS/targets/Cloud_FM33A0XX/GCC/../../../arch/arm/arm-m/src\los_hwi.c ****  Return      : None
 288:e:/LiteOS/LiteOS/targets/Cloud_FM33A0XX/GCC/../../../arch/arm/arm-m/src\los_hwi.c ****  *****************************************************************************/
 289:e:/LiteOS/LiteOS/targets/Cloud_FM33A0XX/GCC/../../../arch/arm/arm-m/src\los_hwi.c **** void SysTick_Handler(void)
 290:e:/LiteOS/LiteOS/targets/Cloud_FM33A0XX/GCC/../../../arch/arm/arm-m/src\los_hwi.c **** {
  85              		.loc 1 290 0
  86              		.cfi_startproc
  87              		@ args = 0, pretend = 0, frame = 0
  88              		@ frame_needed = 0, uses_anonymous_args = 0
  89 0000 70B5     		push	{r4, r5, r6, lr}
  90              	.LCFI1:
  91              		.cfi_def_cfa_offset 16
  92              		.cfi_offset 4, -16
  93              		.cfi_offset 5, -12
  94              		.cfi_offset 6, -8
  95              		.cfi_offset 14, -4
 291:e:/LiteOS/LiteOS/targets/Cloud_FM33A0XX/GCC/../../../arch/arm/arm-m/src\los_hwi.c ****     if (g_bSysTickStart)
  96              		.loc 1 291 0
  97 0002 084B     		ldr	r3, .L6
  98 0004 1B68     		ldr	r3, [r3]
  99 0006 002B     		cmp	r3, #0
 100 0008 02D0     		beq	.L4
 292:e:/LiteOS/LiteOS/targets/Cloud_FM33A0XX/GCC/../../../arch/arm/arm-m/src\los_hwi.c ****     {
 293:e:/LiteOS/LiteOS/targets/Cloud_FM33A0XX/GCC/../../../arch/arm/arm-m/src\los_hwi.c ****         osTickHandler();
 101              		.loc 1 293 0
 102 000a FFF7FEFF 		bl	osTickHandler
 103              	.LVL1:
 104 000e 08E0     		b	.L3
 105              	.L4:
 294:e:/LiteOS/LiteOS/targets/Cloud_FM33A0XX/GCC/../../../arch/arm/arm-m/src\los_hwi.c ****     }
 295:e:/LiteOS/LiteOS/targets/Cloud_FM33A0XX/GCC/../../../arch/arm/arm-m/src\los_hwi.c ****     else
 296:e:/LiteOS/LiteOS/targets/Cloud_FM33A0XX/GCC/../../../arch/arm/arm-m/src\los_hwi.c ****     {
 297:e:/LiteOS/LiteOS/targets/Cloud_FM33A0XX/GCC/../../../arch/arm/arm-m/src\los_hwi.c ****         g_ullTickCount++;
 106              		.loc 1 297 0
 107 0010 0549     		ldr	r1, .L6+4
 108 0012 0122     		movs	r2, #1
 109 0014 0023     		movs	r3, #0
 110 0016 0C68     		ldr	r4, [r1]
 111 0018 4D68     		ldr	r5, [r1, #4]
 112 001a 1219     		adds	r2, r2, r4
 113 001c 6B41     		adcs	r3, r3, r5
 114 001e 0A60     		str	r2, [r1]
 115 0020 4B60     		str	r3, [r1, #4]
 116              	.L3:
 298:e:/LiteOS/LiteOS/targets/Cloud_FM33A0XX/GCC/../../../arch/arm/arm-m/src\los_hwi.c ****     }
 299:e:/LiteOS/LiteOS/targets/Cloud_FM33A0XX/GCC/../../../arch/arm/arm-m/src\los_hwi.c **** }
 117              		.loc 1 299 0
 118              		@ sp needed
 119 0022 70BD     		pop	{r4, r5, r6, pc}
ARM GAS  C:\Users\WANGBI~1\AppData\Local\Temp\ccidOTMH.s 			page 15


 120              	.L7:
 121              		.align	2
 122              	.L6:
 123 0024 00000000 		.word	g_bSysTickStart
 124 0028 00000000 		.word	g_ullTickCount
 125              		.cfi_endproc
 126              	.LFE45:
 128              		.text
 129              	.Letext0:
 130              		.file 3 "e:\\liteos\\liteos\\kernel\\include\\los_typedef.h"
 131              		.file 4 "d:\\gnu tools arm embedded\\5.4 2016q3\\arm-none-eabi\\include\\machine\\_default_types.h
 132              		.file 5 "d:\\gnu tools arm embedded\\5.4 2016q3\\arm-none-eabi\\include\\sys\\_stdint.h"
 133              		.file 6 "e:\\liteos\\liteos\\kernel\\include\\los_tick.h"
 134              		.file 7 "e:\\liteos\\liteos\\kernel\\base\\include\\los_tick.ph"
 135              		.file 8 "e:\\liteos\\liteos\\arch\\arm\\arm-m\\include\\los_hwi.h"
ARM GAS  C:\Users\WANGBI~1\AppData\Local\Temp\ccidOTMH.s 			page 16


DEFINED SYMBOLS
                            *ABS*:00000000 los_hwi.c
C:\Users\WANGBI~1\AppData\Local\Temp\ccidOTMH.s:20     .text.osIntNumGet:00000000 $t
C:\Users\WANGBI~1\AppData\Local\Temp\ccidOTMH.s:25     .text.osIntNumGet:00000000 osIntNumGet
C:\Users\WANGBI~1\AppData\Local\Temp\ccidOTMH.s:52     .text.PendSV_Handler:00000000 $t
C:\Users\WANGBI~1\AppData\Local\Temp\ccidOTMH.s:57     .text.PendSV_Handler:00000000 PendSV_Handler
C:\Users\WANGBI~1\AppData\Local\Temp\ccidOTMH.s:78     .text.SysTick_Handler:00000000 $t
C:\Users\WANGBI~1\AppData\Local\Temp\ccidOTMH.s:83     .text.SysTick_Handler:00000000 SysTick_Handler
C:\Users\WANGBI~1\AppData\Local\Temp\ccidOTMH.s:123    .text.SysTick_Handler:00000024 $d
                     .debug_frame:00000010 $d

UNDEFINED SYMBOLS
osPendSV
osTickHandler
g_bSysTickStart
g_ullTickCount
